2017-07-26 10:41:27,066 [qtp1758228388-19] ERROR com.icinfo.platform.quartz.utils.ScheduleUtils - 运行一次定时任务失败
org.quartz.JobPersistenceException: Couldn't store trigger 'DEFAULT.MT_1b0tm78r98g8o' for '异步.异步1' job:com.icinfo.platform.quartz.model.ScheduleJob; local class incompatible: stream classdesc serialVersionUID = -2665994295705286071, local class serialVersionUID = -9084245078091595398
	at org.quartz.impl.jdbcjobstore.JobStoreSupport.storeTrigger(JobStoreSupport.java:1223) ~[quartz-2.2.1.jar:na]
	at org.quartz.impl.jdbcjobstore.JobStoreSupport$4.executeVoid(JobStoreSupport.java:1159) ~[quartz-2.2.1.jar:na]
	at org.quartz.impl.jdbcjobstore.JobStoreSupport$VoidTransactionCallback.execute(JobStoreSupport.java:3703) ~[quartz-2.2.1.jar:na]
	at org.quartz.impl.jdbcjobstore.JobStoreSupport$VoidTransactionCallback.execute(JobStoreSupport.java:3701) ~[quartz-2.2.1.jar:na]
	at org.quartz.impl.jdbcjobstore.JobStoreCMT.executeInLock(JobStoreCMT.java:245) ~[quartz-2.2.1.jar:na]
	at org.quartz.impl.jdbcjobstore.JobStoreSupport.storeTrigger(JobStoreSupport.java:1155) ~[quartz-2.2.1.jar:na]
	at org.quartz.core.QuartzScheduler.triggerJob(QuartzScheduler.java:1187) ~[quartz-2.2.1.jar:na]
	at org.quartz.impl.StdScheduler.triggerJob(StdScheduler.java:341) ~[quartz-2.2.1.jar:na]
	at org.quartz.impl.StdScheduler.triggerJob(StdScheduler.java:331) ~[quartz-2.2.1.jar:na]
	at com.icinfo.platform.quartz.utils.ScheduleUtils.runOnce(ScheduleUtils.java:115) ~[classes/:na]
	at com.icinfo.platform.quartz.service.impl.ScheduleJobServiceImpl.runOnce(ScheduleJobServiceImpl.java:90) [classes/:na]
	at com.icinfo.platform.quartz.controller.ScheduleJobController.runOnceScheduleJob(ScheduleJobController.java:67) [classes/:na]
	at sun.reflect.NativeMethodAccessorImpl.invoke0(Native Method) ~[na:1.8.0_65]
	at sun.reflect.NativeMethodAccessorImpl.invoke(NativeMethodAccessorImpl.java:62) ~[na:1.8.0_65]
	at sun.reflect.DelegatingMethodAccessorImpl.invoke(DelegatingMethodAccessorImpl.java:43) ~[na:1.8.0_65]
	at java.lang.reflect.Method.invoke(Method.java:497) ~[na:1.8.0_65]
	at org.springframework.web.method.support.InvocableHandlerMethod.doInvoke(InvocableHandlerMethod.java:221) [spring-web-4.2.9.RELEASE.jar:4.2.9.RELEASE]
	at org.springframework.web.method.support.InvocableHandlerMethod.invokeForRequest(InvocableHandlerMethod.java:136) [spring-web-4.2.9.RELEASE.jar:4.2.9.RELEASE]
	at org.springframework.web.servlet.mvc.method.annotation.ServletInvocableHandlerMethod.invokeAndHandle(ServletInvocableHandlerMethod.java:110) [spring-webmvc-4.2.9.RELEASE.jar:4.2.9.RELEASE]
	at org.springframework.web.servlet.mvc.method.annotation.RequestMappingHandlerAdapter.invokeHandlerMethod(RequestMappingHandlerAdapter.java:832) [spring-webmvc-4.2.9.RELEASE.jar:4.2.9.RELEASE]
	at org.springframework.web.servlet.mvc.method.annotation.RequestMappingHandlerAdapter.handleInternal(RequestMappingHandlerAdapter.java:743) [spring-webmvc-4.2.9.RELEASE.jar:4.2.9.RELEASE]
	at org.springframework.web.servlet.mvc.method.AbstractHandlerMethodAdapter.handle(AbstractHandlerMethodAdapter.java:85) [spring-webmvc-4.2.9.RELEASE.jar:4.2.9.RELEASE]
	at org.springframework.web.servlet.DispatcherServlet.doDispatch(DispatcherServlet.java:961) [spring-webmvc-4.2.9.RELEASE.jar:4.2.9.RELEASE]
	at org.springframework.web.servlet.DispatcherServlet.doService(DispatcherServlet.java:895) [spring-webmvc-4.2.9.RELEASE.jar:4.2.9.RELEASE]
	at org.springframework.web.servlet.FrameworkServlet.processRequest(FrameworkServlet.java:967) [spring-webmvc-4.2.9.RELEASE.jar:4.2.9.RELEASE]
	at org.springframework.web.servlet.FrameworkServlet.doGet(FrameworkServlet.java:858) [spring-webmvc-4.2.9.RELEASE.jar:4.2.9.RELEASE]
	at javax.servlet.http.HttpServlet.service(HttpServlet.java:687) [javax.servlet-api-3.1.0.jar:3.1.0]
	at org.springframework.web.servlet.FrameworkServlet.service(FrameworkServlet.java:843) [spring-webmvc-4.2.9.RELEASE.jar:4.2.9.RELEASE]
	at javax.servlet.http.HttpServlet.service(HttpServlet.java:790) [javax.servlet-api-3.1.0.jar:3.1.0]
	at org.eclipse.jetty.servlet.ServletHolder.handle(ServletHolder.java:835) [jetty-servlet-9.3.7.v20160115.jar:9.3.7.v20160115]
	at org.eclipse.jetty.servlet.ServletHandler$CachedChain.doFilter(ServletHandler.java:1685) [jetty-servlet-9.3.7.v20160115.jar:9.3.7.v20160115]
	at org.springframework.web.filter.CharacterEncodingFilter.doFilterInternal(CharacterEncodingFilter.java:121) [spring-web-4.2.9.RELEASE.jar:4.2.9.RELEASE]
	at org.springframework.web.filter.OncePerRequestFilter.doFilter(OncePerRequestFilter.java:107) [spring-web-4.2.9.RELEASE.jar:4.2.9.RELEASE]
	at org.eclipse.jetty.servlet.ServletHandler$CachedChain.doFilter(ServletHandler.java:1668) [jetty-servlet-9.3.7.v20160115.jar:9.3.7.v20160115]
	at org.eclipse.jetty.servlet.ServletHandler.doHandle(ServletHandler.java:581) [jetty-servlet-9.3.7.v20160115.jar:9.3.7.v20160115]
	at org.eclipse.jetty.server.handler.ScopedHandler.handle(ScopedHandler.java:143) [jetty-server-9.3.7.v20160115.jar:9.3.7.v20160115]
	at org.eclipse.jetty.security.SecurityHandler.handle(SecurityHandler.java:548) [jetty-security-9.3.7.v20160115.jar:9.3.7.v20160115]
	at org.eclipse.jetty.server.session.SessionHandler.doHandle(SessionHandler.java:226) [jetty-server-9.3.7.v20160115.jar:9.3.7.v20160115]
	at org.eclipse.jetty.server.handler.ContextHandler.doHandle(ContextHandler.java:1158) [jetty-server-9.3.7.v20160115.jar:9.3.7.v20160115]
	at org.eclipse.jetty.servlet.ServletHandler.doScope(ServletHandler.java:511) [jetty-servlet-9.3.7.v20160115.jar:9.3.7.v20160115]
	at org.eclipse.jetty.server.session.SessionHandler.doScope(SessionHandler.java:185) [jetty-server-9.3.7.v20160115.jar:9.3.7.v20160115]
	at org.eclipse.jetty.server.handler.ContextHandler.doScope(ContextHandler.java:1090) [jetty-server-9.3.7.v20160115.jar:9.3.7.v20160115]
	at org.eclipse.jetty.server.handler.ScopedHandler.handle(ScopedHandler.java:141) [jetty-server-9.3.7.v20160115.jar:9.3.7.v20160115]
	at org.eclipse.jetty.server.handler.ContextHandlerCollection.handle(ContextHandlerCollection.java:213) [jetty-server-9.3.7.v20160115.jar:9.3.7.v20160115]
	at org.eclipse.jetty.server.handler.HandlerCollection.handle(HandlerCollection.java:109) [jetty-server-9.3.7.v20160115.jar:9.3.7.v20160115]
	at org.eclipse.jetty.server.handler.HandlerWrapper.handle(HandlerWrapper.java:119) [jetty-server-9.3.7.v20160115.jar:9.3.7.v20160115]
	at org.eclipse.jetty.server.Server.handle(Server.java:517) [jetty-server-9.3.7.v20160115.jar:9.3.7.v20160115]
	at org.eclipse.jetty.server.HttpChannel.handle(HttpChannel.java:308) [jetty-server-9.3.7.v20160115.jar:9.3.7.v20160115]
	at org.eclipse.jetty.server.HttpConnection.onFillable(HttpConnection.java:242) [jetty-server-9.3.7.v20160115.jar:9.3.7.v20160115]
	at org.eclipse.jetty.io.AbstractConnection$ReadCallback.succeeded(AbstractConnection.java:273) [jetty-io-9.3.7.v20160115.jar:9.3.7.v20160115]
	at org.eclipse.jetty.io.FillInterest.fillable(FillInterest.java:95) [jetty-io-9.3.7.v20160115.jar:9.3.7.v20160115]
	at org.eclipse.jetty.io.SelectChannelEndPoint$2.run(SelectChannelEndPoint.java:75) [jetty-io-9.3.7.v20160115.jar:9.3.7.v20160115]
	at org.eclipse.jetty.util.thread.strategy.ExecuteProduceConsume.produceAndRun(ExecuteProduceConsume.java:213) [jetty-util-9.3.7.v20160115.jar:9.3.7.v20160115]
	at org.eclipse.jetty.util.thread.strategy.ExecuteProduceConsume.run(ExecuteProduceConsume.java:147) [jetty-util-9.3.7.v20160115.jar:9.3.7.v20160115]
	at org.eclipse.jetty.util.thread.QueuedThreadPool.runJob(QueuedThreadPool.java:654) [jetty-util-9.3.7.v20160115.jar:9.3.7.v20160115]
	at org.eclipse.jetty.util.thread.QueuedThreadPool$3.run(QueuedThreadPool.java:572) [jetty-util-9.3.7.v20160115.jar:9.3.7.v20160115]
	at java.lang.Thread.run(Thread.java:745) [na:1.8.0_65]
Caused by: java.io.InvalidClassException: com.icinfo.platform.quartz.model.ScheduleJob; local class incompatible: stream classdesc serialVersionUID = -2665994295705286071, local class serialVersionUID = -9084245078091595398
	at java.io.ObjectStreamClass.initNonProxy(ObjectStreamClass.java:616) ~[na:1.8.0_65]
	at java.io.ObjectInputStream.readNonProxyDesc(ObjectInputStream.java:1623) ~[na:1.8.0_65]
	at java.io.ObjectInputStream.readClassDesc(ObjectInputStream.java:1518) ~[na:1.8.0_65]
	at java.io.ObjectInputStream.readOrdinaryObject(ObjectInputStream.java:1774) ~[na:1.8.0_65]
	at java.io.ObjectInputStream.readObject0(ObjectInputStream.java:1351) ~[na:1.8.0_65]
	at java.io.ObjectInputStream.readObject(ObjectInputStream.java:371) ~[na:1.8.0_65]
	at java.util.HashMap.readObject(HashMap.java:1396) ~[na:1.8.0_65]
	at sun.reflect.NativeMethodAccessorImpl.invoke0(Native Method) ~[na:1.8.0_65]
	at sun.reflect.NativeMethodAccessorImpl.invoke(NativeMethodAccessorImpl.java:62) ~[na:1.8.0_65]
	at sun.reflect.DelegatingMethodAccessorImpl.invoke(DelegatingMethodAccessorImpl.java:43) ~[na:1.8.0_65]
	at java.lang.reflect.Method.invoke(Method.java:497) ~[na:1.8.0_65]
	at java.io.ObjectStreamClass.invokeReadObject(ObjectStreamClass.java:1058) ~[na:1.8.0_65]
	at java.io.ObjectInputStream.readSerialData(ObjectInputStream.java:1900) ~[na:1.8.0_65]
	at java.io.ObjectInputStream.readOrdinaryObject(ObjectInputStream.java:1801) ~[na:1.8.0_65]
	at java.io.ObjectInputStream.readObject0(ObjectInputStream.java:1351) ~[na:1.8.0_65]
	at java.io.ObjectInputStream.defaultReadFields(ObjectInputStream.java:2000) ~[na:1.8.0_65]
	at java.io.ObjectInputStream.readSerialData(ObjectInputStream.java:1924) ~[na:1.8.0_65]
	at java.io.ObjectInputStream.readOrdinaryObject(ObjectInputStream.java:1801) ~[na:1.8.0_65]
	at java.io.ObjectInputStream.readObject0(ObjectInputStream.java:1351) ~[na:1.8.0_65]
	at java.io.ObjectInputStream.readObject(ObjectInputStream.java:371) ~[na:1.8.0_65]
	at org.quartz.impl.jdbcjobstore.StdJDBCDelegate.getObjectFromBlob(StdJDBCDelegate.java:3201) ~[quartz-2.2.1.jar:na]
	at org.quartz.impl.jdbcjobstore.StdJDBCDelegate.selectJobDetail(StdJDBCDelegate.java:860) ~[quartz-2.2.1.jar:na]
	at org.quartz.impl.jdbcjobstore.JobStoreSupport.storeTrigger(JobStoreSupport.java:1205) ~[quartz-2.2.1.jar:na]
	... 56 common frames omitted
2017-07-26 10:41:40,788 [qtp1758228388-22] ERROR com.icinfo.platform.quartz.utils.ScheduleUtils - 暂停定时任务失败
org.quartz.JobPersistenceException: Couldn't update misfired trigger '异步.异步1': Couldn't store trigger '异步.异步1' for '异步.异步1' job:com.icinfo.platform.quartz.model.ScheduleJob; local class incompatible: stream classdesc serialVersionUID = -2665994295705286071, local class serialVersionUID = -9084245078091595398
	at org.quartz.impl.jdbcjobstore.JobStoreSupport.updateMisfiredTrigger(JobStoreSupport.java:1017) ~[quartz-2.2.1.jar:na]
	at org.quartz.impl.jdbcjobstore.JobStoreSupport.resumeTrigger(JobStoreSupport.java:2347) ~[quartz-2.2.1.jar:na]
	at org.quartz.impl.jdbcjobstore.JobStoreSupport$33.executeVoid(JobStoreSupport.java:2388) ~[quartz-2.2.1.jar:na]
	at org.quartz.impl.jdbcjobstore.JobStoreSupport$VoidTransactionCallback.execute(JobStoreSupport.java:3703) ~[quartz-2.2.1.jar:na]
	at org.quartz.impl.jdbcjobstore.JobStoreSupport$VoidTransactionCallback.execute(JobStoreSupport.java:3701) ~[quartz-2.2.1.jar:na]
	at org.quartz.impl.jdbcjobstore.JobStoreCMT.executeInLock(JobStoreCMT.java:245) ~[quartz-2.2.1.jar:na]
	at org.quartz.impl.jdbcjobstore.JobStoreSupport.resumeJob(JobStoreSupport.java:2382) ~[quartz-2.2.1.jar:na]
	at org.quartz.core.QuartzScheduler.resumeJob(QuartzScheduler.java:1361) ~[quartz-2.2.1.jar:na]
	at org.quartz.impl.StdScheduler.resumeJob(StdScheduler.java:415) ~[quartz-2.2.1.jar:na]
	at com.icinfo.platform.quartz.utils.ScheduleUtils.resumeJob(ScheduleUtils.java:151) ~[classes/:na]
	at com.icinfo.platform.quartz.service.impl.ScheduleJobServiceImpl.resumeJob(ScheduleJobServiceImpl.java:101) [classes/:na]
	at com.icinfo.platform.quartz.controller.ScheduleJobController.resumeScheduleJob(ScheduleJobController.java:90) [classes/:na]
	at sun.reflect.NativeMethodAccessorImpl.invoke0(Native Method) ~[na:1.8.0_65]
	at sun.reflect.NativeMethodAccessorImpl.invoke(NativeMethodAccessorImpl.java:62) ~[na:1.8.0_65]
	at sun.reflect.DelegatingMethodAccessorImpl.invoke(DelegatingMethodAccessorImpl.java:43) ~[na:1.8.0_65]
	at java.lang.reflect.Method.invoke(Method.java:497) ~[na:1.8.0_65]
	at org.springframework.web.method.support.InvocableHandlerMethod.doInvoke(InvocableHandlerMethod.java:221) [spring-web-4.2.9.RELEASE.jar:4.2.9.RELEASE]
	at org.springframework.web.method.support.InvocableHandlerMethod.invokeForRequest(InvocableHandlerMethod.java:136) [spring-web-4.2.9.RELEASE.jar:4.2.9.RELEASE]
	at org.springframework.web.servlet.mvc.method.annotation.ServletInvocableHandlerMethod.invokeAndHandle(ServletInvocableHandlerMethod.java:110) [spring-webmvc-4.2.9.RELEASE.jar:4.2.9.RELEASE]
	at org.springframework.web.servlet.mvc.method.annotation.RequestMappingHandlerAdapter.invokeHandlerMethod(RequestMappingHandlerAdapter.java:832) [spring-webmvc-4.2.9.RELEASE.jar:4.2.9.RELEASE]
	at org.springframework.web.servlet.mvc.method.annotation.RequestMappingHandlerAdapter.handleInternal(RequestMappingHandlerAdapter.java:743) [spring-webmvc-4.2.9.RELEASE.jar:4.2.9.RELEASE]
	at org.springframework.web.servlet.mvc.method.AbstractHandlerMethodAdapter.handle(AbstractHandlerMethodAdapter.java:85) [spring-webmvc-4.2.9.RELEASE.jar:4.2.9.RELEASE]
	at org.springframework.web.servlet.DispatcherServlet.doDispatch(DispatcherServlet.java:961) [spring-webmvc-4.2.9.RELEASE.jar:4.2.9.RELEASE]
	at org.springframework.web.servlet.DispatcherServlet.doService(DispatcherServlet.java:895) [spring-webmvc-4.2.9.RELEASE.jar:4.2.9.RELEASE]
	at org.springframework.web.servlet.FrameworkServlet.processRequest(FrameworkServlet.java:967) [spring-webmvc-4.2.9.RELEASE.jar:4.2.9.RELEASE]
	at org.springframework.web.servlet.FrameworkServlet.doGet(FrameworkServlet.java:858) [spring-webmvc-4.2.9.RELEASE.jar:4.2.9.RELEASE]
	at javax.servlet.http.HttpServlet.service(HttpServlet.java:687) [javax.servlet-api-3.1.0.jar:3.1.0]
	at org.springframework.web.servlet.FrameworkServlet.service(FrameworkServlet.java:843) [spring-webmvc-4.2.9.RELEASE.jar:4.2.9.RELEASE]
	at javax.servlet.http.HttpServlet.service(HttpServlet.java:790) [javax.servlet-api-3.1.0.jar:3.1.0]
	at org.eclipse.jetty.servlet.ServletHolder.handle(ServletHolder.java:835) [jetty-servlet-9.3.7.v20160115.jar:9.3.7.v20160115]
	at org.eclipse.jetty.servlet.ServletHandler$CachedChain.doFilter(ServletHandler.java:1685) [jetty-servlet-9.3.7.v20160115.jar:9.3.7.v20160115]
	at org.springframework.web.filter.CharacterEncodingFilter.doFilterInternal(CharacterEncodingFilter.java:121) [spring-web-4.2.9.RELEASE.jar:4.2.9.RELEASE]
	at org.springframework.web.filter.OncePerRequestFilter.doFilter(OncePerRequestFilter.java:107) [spring-web-4.2.9.RELEASE.jar:4.2.9.RELEASE]
	at org.eclipse.jetty.servlet.ServletHandler$CachedChain.doFilter(ServletHandler.java:1668) [jetty-servlet-9.3.7.v20160115.jar:9.3.7.v20160115]
	at org.eclipse.jetty.servlet.ServletHandler.doHandle(ServletHandler.java:581) [jetty-servlet-9.3.7.v20160115.jar:9.3.7.v20160115]
	at org.eclipse.jetty.server.handler.ScopedHandler.handle(ScopedHandler.java:143) [jetty-server-9.3.7.v20160115.jar:9.3.7.v20160115]
	at org.eclipse.jetty.security.SecurityHandler.handle(SecurityHandler.java:548) [jetty-security-9.3.7.v20160115.jar:9.3.7.v20160115]
	at org.eclipse.jetty.server.session.SessionHandler.doHandle(SessionHandler.java:226) [jetty-server-9.3.7.v20160115.jar:9.3.7.v20160115]
	at org.eclipse.jetty.server.handler.ContextHandler.doHandle(ContextHandler.java:1158) [jetty-server-9.3.7.v20160115.jar:9.3.7.v20160115]
	at org.eclipse.jetty.servlet.ServletHandler.doScope(ServletHandler.java:511) [jetty-servlet-9.3.7.v20160115.jar:9.3.7.v20160115]
	at org.eclipse.jetty.server.session.SessionHandler.doScope(SessionHandler.java:185) [jetty-server-9.3.7.v20160115.jar:9.3.7.v20160115]
	at org.eclipse.jetty.server.handler.ContextHandler.doScope(ContextHandler.java:1090) [jetty-server-9.3.7.v20160115.jar:9.3.7.v20160115]
	at org.eclipse.jetty.server.handler.ScopedHandler.handle(ScopedHandler.java:141) [jetty-server-9.3.7.v20160115.jar:9.3.7.v20160115]
	at org.eclipse.jetty.server.handler.ContextHandlerCollection.handle(ContextHandlerCollection.java:213) [jetty-server-9.3.7.v20160115.jar:9.3.7.v20160115]
	at org.eclipse.jetty.server.handler.HandlerCollection.handle(HandlerCollection.java:109) [jetty-server-9.3.7.v20160115.jar:9.3.7.v20160115]
	at org.eclipse.jetty.server.handler.HandlerWrapper.handle(HandlerWrapper.java:119) [jetty-server-9.3.7.v20160115.jar:9.3.7.v20160115]
	at org.eclipse.jetty.server.Server.handle(Server.java:517) [jetty-server-9.3.7.v20160115.jar:9.3.7.v20160115]
	at org.eclipse.jetty.server.HttpChannel.handle(HttpChannel.java:308) [jetty-server-9.3.7.v20160115.jar:9.3.7.v20160115]
	at org.eclipse.jetty.server.HttpConnection.onFillable(HttpConnection.java:242) [jetty-server-9.3.7.v20160115.jar:9.3.7.v20160115]
	at org.eclipse.jetty.io.AbstractConnection$ReadCallback.succeeded(AbstractConnection.java:273) [jetty-io-9.3.7.v20160115.jar:9.3.7.v20160115]
	at org.eclipse.jetty.io.FillInterest.fillable(FillInterest.java:95) [jetty-io-9.3.7.v20160115.jar:9.3.7.v20160115]
	at org.eclipse.jetty.io.SelectChannelEndPoint$2.run(SelectChannelEndPoint.java:75) [jetty-io-9.3.7.v20160115.jar:9.3.7.v20160115]
	at org.eclipse.jetty.util.thread.strategy.ExecuteProduceConsume.produceAndRun(ExecuteProduceConsume.java:213) [jetty-util-9.3.7.v20160115.jar:9.3.7.v20160115]
	at org.eclipse.jetty.util.thread.strategy.ExecuteProduceConsume.run(ExecuteProduceConsume.java:147) [jetty-util-9.3.7.v20160115.jar:9.3.7.v20160115]
	at org.eclipse.jetty.util.thread.QueuedThreadPool.runJob(QueuedThreadPool.java:654) [jetty-util-9.3.7.v20160115.jar:9.3.7.v20160115]
	at org.eclipse.jetty.util.thread.QueuedThreadPool$3.run(QueuedThreadPool.java:572) [jetty-util-9.3.7.v20160115.jar:9.3.7.v20160115]
	at java.lang.Thread.run(Thread.java:745) [na:1.8.0_65]
Caused by: org.quartz.JobPersistenceException: Couldn't store trigger '异步.异步1' for '异步.异步1' job:com.icinfo.platform.quartz.model.ScheduleJob; local class incompatible: stream classdesc serialVersionUID = -2665994295705286071, local class serialVersionUID = -9084245078091595398
	at org.quartz.impl.jdbcjobstore.JobStoreSupport.storeTrigger(JobStoreSupport.java:1223) ~[quartz-2.2.1.jar:na]
	at org.quartz.impl.jdbcjobstore.JobStoreSupport.doUpdateOfMisfiredTrigger(JobStoreSupport.java:1037) ~[quartz-2.2.1.jar:na]
	at org.quartz.impl.jdbcjobstore.JobStoreSupport.updateMisfiredTrigger(JobStoreSupport.java:1012) ~[quartz-2.2.1.jar:na]
	... 56 common frames omitted
Caused by: java.io.InvalidClassException: com.icinfo.platform.quartz.model.ScheduleJob; local class incompatible: stream classdesc serialVersionUID = -2665994295705286071, local class serialVersionUID = -9084245078091595398
	at java.io.ObjectStreamClass.initNonProxy(ObjectStreamClass.java:616) ~[na:1.8.0_65]
	at java.io.ObjectInputStream.readNonProxyDesc(ObjectInputStream.java:1623) ~[na:1.8.0_65]
	at java.io.ObjectInputStream.readClassDesc(ObjectInputStream.java:1518) ~[na:1.8.0_65]
	at java.io.ObjectInputStream.readOrdinaryObject(ObjectInputStream.java:1774) ~[na:1.8.0_65]
	at java.io.ObjectInputStream.readObject0(ObjectInputStream.java:1351) ~[na:1.8.0_65]
	at java.io.ObjectInputStream.readObject(ObjectInputStream.java:371) ~[na:1.8.0_65]
	at java.util.HashMap.readObject(HashMap.java:1396) ~[na:1.8.0_65]
	at sun.reflect.NativeMethodAccessorImpl.invoke0(Native Method) ~[na:1.8.0_65]
	at sun.reflect.NativeMethodAccessorImpl.invoke(NativeMethodAccessorImpl.java:62) ~[na:1.8.0_65]
	at sun.reflect.DelegatingMethodAccessorImpl.invoke(DelegatingMethodAccessorImpl.java:43) ~[na:1.8.0_65]
	at java.lang.reflect.Method.invoke(Method.java:497) ~[na:1.8.0_65]
	at java.io.ObjectStreamClass.invokeReadObject(ObjectStreamClass.java:1058) ~[na:1.8.0_65]
	at java.io.ObjectInputStream.readSerialData(ObjectInputStream.java:1900) ~[na:1.8.0_65]
	at java.io.ObjectInputStream.readOrdinaryObject(ObjectInputStream.java:1801) ~[na:1.8.0_65]
	at java.io.ObjectInputStream.readObject0(ObjectInputStream.java:1351) ~[na:1.8.0_65]
	at java.io.ObjectInputStream.defaultReadFields(ObjectInputStream.java:2000) ~[na:1.8.0_65]
	at java.io.ObjectInputStream.readSerialData(ObjectInputStream.java:1924) ~[na:1.8.0_65]
	at java.io.ObjectInputStream.readOrdinaryObject(ObjectInputStream.java:1801) ~[na:1.8.0_65]
	at java.io.ObjectInputStream.readObject0(ObjectInputStream.java:1351) ~[na:1.8.0_65]
	at java.io.ObjectInputStream.readObject(ObjectInputStream.java:371) ~[na:1.8.0_65]
	at org.quartz.impl.jdbcjobstore.StdJDBCDelegate.getObjectFromBlob(StdJDBCDelegate.java:3201) ~[quartz-2.2.1.jar:na]
	at org.quartz.impl.jdbcjobstore.StdJDBCDelegate.selectJobDetail(StdJDBCDelegate.java:860) ~[quartz-2.2.1.jar:na]
	at org.quartz.impl.jdbcjobstore.JobStoreSupport.storeTrigger(JobStoreSupport.java:1205) ~[quartz-2.2.1.jar:na]
	... 58 common frames omitted
2017-07-26 10:45:31,863 [qtp1341273081-20] ERROR com.icinfo.platform.quartz.utils.ScheduleUtils - 运行一次定时任务失败
org.quartz.JobPersistenceException: Couldn't store trigger 'DEFAULT.MT_3h6ub2n0l02h7' for '异步.异步1' job:com.icinfo.platform.quartz.model.ScheduleJob; local class incompatible: stream classdesc serialVersionUID = -2665994295705286071, local class serialVersionUID = -9084245078091595398
	at org.quartz.impl.jdbcjobstore.JobStoreSupport.storeTrigger(JobStoreSupport.java:1223) ~[quartz-2.2.1.jar:na]
	at org.quartz.impl.jdbcjobstore.JobStoreSupport$4.executeVoid(JobStoreSupport.java:1159) ~[quartz-2.2.1.jar:na]
	at org.quartz.impl.jdbcjobstore.JobStoreSupport$VoidTransactionCallback.execute(JobStoreSupport.java:3703) ~[quartz-2.2.1.jar:na]
	at org.quartz.impl.jdbcjobstore.JobStoreSupport$VoidTransactionCallback.execute(JobStoreSupport.java:3701) ~[quartz-2.2.1.jar:na]
	at org.quartz.impl.jdbcjobstore.JobStoreCMT.executeInLock(JobStoreCMT.java:245) ~[quartz-2.2.1.jar:na]
	at org.quartz.impl.jdbcjobstore.JobStoreSupport.storeTrigger(JobStoreSupport.java:1155) ~[quartz-2.2.1.jar:na]
	at org.quartz.core.QuartzScheduler.triggerJob(QuartzScheduler.java:1187) ~[quartz-2.2.1.jar:na]
	at org.quartz.impl.StdScheduler.triggerJob(StdScheduler.java:341) ~[quartz-2.2.1.jar:na]
	at org.quartz.impl.StdScheduler.triggerJob(StdScheduler.java:331) ~[quartz-2.2.1.jar:na]
	at com.icinfo.platform.quartz.utils.ScheduleUtils.runOnce(ScheduleUtils.java:115) ~[classes/:na]
	at com.icinfo.platform.quartz.service.impl.ScheduleJobServiceImpl.runOnce(ScheduleJobServiceImpl.java:90) [classes/:na]
	at com.icinfo.platform.quartz.controller.ScheduleJobController.runOnceScheduleJob(ScheduleJobController.java:67) [classes/:na]
	at sun.reflect.NativeMethodAccessorImpl.invoke0(Native Method) ~[na:1.8.0_65]
	at sun.reflect.NativeMethodAccessorImpl.invoke(NativeMethodAccessorImpl.java:62) ~[na:1.8.0_65]
	at sun.reflect.DelegatingMethodAccessorImpl.invoke(DelegatingMethodAccessorImpl.java:43) ~[na:1.8.0_65]
	at java.lang.reflect.Method.invoke(Method.java:497) ~[na:1.8.0_65]
	at org.springframework.web.method.support.InvocableHandlerMethod.doInvoke(InvocableHandlerMethod.java:221) [spring-web-4.2.9.RELEASE.jar:4.2.9.RELEASE]
	at org.springframework.web.method.support.InvocableHandlerMethod.invokeForRequest(InvocableHandlerMethod.java:136) [spring-web-4.2.9.RELEASE.jar:4.2.9.RELEASE]
	at org.springframework.web.servlet.mvc.method.annotation.ServletInvocableHandlerMethod.invokeAndHandle(ServletInvocableHandlerMethod.java:110) [spring-webmvc-4.2.9.RELEASE.jar:4.2.9.RELEASE]
	at org.springframework.web.servlet.mvc.method.annotation.RequestMappingHandlerAdapter.invokeHandlerMethod(RequestMappingHandlerAdapter.java:832) [spring-webmvc-4.2.9.RELEASE.jar:4.2.9.RELEASE]
	at org.springframework.web.servlet.mvc.method.annotation.RequestMappingHandlerAdapter.handleInternal(RequestMappingHandlerAdapter.java:743) [spring-webmvc-4.2.9.RELEASE.jar:4.2.9.RELEASE]
	at org.springframework.web.servlet.mvc.method.AbstractHandlerMethodAdapter.handle(AbstractHandlerMethodAdapter.java:85) [spring-webmvc-4.2.9.RELEASE.jar:4.2.9.RELEASE]
	at org.springframework.web.servlet.DispatcherServlet.doDispatch(DispatcherServlet.java:961) [spring-webmvc-4.2.9.RELEASE.jar:4.2.9.RELEASE]
	at org.springframework.web.servlet.DispatcherServlet.doService(DispatcherServlet.java:895) [spring-webmvc-4.2.9.RELEASE.jar:4.2.9.RELEASE]
	at org.springframework.web.servlet.FrameworkServlet.processRequest(FrameworkServlet.java:967) [spring-webmvc-4.2.9.RELEASE.jar:4.2.9.RELEASE]
	at org.springframework.web.servlet.FrameworkServlet.doGet(FrameworkServlet.java:858) [spring-webmvc-4.2.9.RELEASE.jar:4.2.9.RELEASE]
	at javax.servlet.http.HttpServlet.service(HttpServlet.java:687) [javax.servlet-api-3.1.0.jar:3.1.0]
	at org.springframework.web.servlet.FrameworkServlet.service(FrameworkServlet.java:843) [spring-webmvc-4.2.9.RELEASE.jar:4.2.9.RELEASE]
	at javax.servlet.http.HttpServlet.service(HttpServlet.java:790) [javax.servlet-api-3.1.0.jar:3.1.0]
	at org.eclipse.jetty.servlet.ServletHolder.handle(ServletHolder.java:835) [jetty-servlet-9.3.7.v20160115.jar:9.3.7.v20160115]
	at org.eclipse.jetty.servlet.ServletHandler$CachedChain.doFilter(ServletHandler.java:1685) [jetty-servlet-9.3.7.v20160115.jar:9.3.7.v20160115]
	at org.springframework.web.filter.CharacterEncodingFilter.doFilterInternal(CharacterEncodingFilter.java:121) [spring-web-4.2.9.RELEASE.jar:4.2.9.RELEASE]
	at org.springframework.web.filter.OncePerRequestFilter.doFilter(OncePerRequestFilter.java:107) [spring-web-4.2.9.RELEASE.jar:4.2.9.RELEASE]
	at org.eclipse.jetty.servlet.ServletHandler$CachedChain.doFilter(ServletHandler.java:1668) [jetty-servlet-9.3.7.v20160115.jar:9.3.7.v20160115]
	at org.eclipse.jetty.servlet.ServletHandler.doHandle(ServletHandler.java:581) [jetty-servlet-9.3.7.v20160115.jar:9.3.7.v20160115]
	at org.eclipse.jetty.server.handler.ScopedHandler.handle(ScopedHandler.java:143) [jetty-server-9.3.7.v20160115.jar:9.3.7.v20160115]
	at org.eclipse.jetty.security.SecurityHandler.handle(SecurityHandler.java:548) [jetty-security-9.3.7.v20160115.jar:9.3.7.v20160115]
	at org.eclipse.jetty.server.session.SessionHandler.doHandle(SessionHandler.java:226) [jetty-server-9.3.7.v20160115.jar:9.3.7.v20160115]
	at org.eclipse.jetty.server.handler.ContextHandler.doHandle(ContextHandler.java:1158) [jetty-server-9.3.7.v20160115.jar:9.3.7.v20160115]
	at org.eclipse.jetty.servlet.ServletHandler.doScope(ServletHandler.java:511) [jetty-servlet-9.3.7.v20160115.jar:9.3.7.v20160115]
	at org.eclipse.jetty.server.session.SessionHandler.doScope(SessionHandler.java:185) [jetty-server-9.3.7.v20160115.jar:9.3.7.v20160115]
	at org.eclipse.jetty.server.handler.ContextHandler.doScope(ContextHandler.java:1090) [jetty-server-9.3.7.v20160115.jar:9.3.7.v20160115]
	at org.eclipse.jetty.server.handler.ScopedHandler.handle(ScopedHandler.java:141) [jetty-server-9.3.7.v20160115.jar:9.3.7.v20160115]
	at org.eclipse.jetty.server.handler.ContextHandlerCollection.handle(ContextHandlerCollection.java:213) [jetty-server-9.3.7.v20160115.jar:9.3.7.v20160115]
	at org.eclipse.jetty.server.handler.HandlerCollection.handle(HandlerCollection.java:109) [jetty-server-9.3.7.v20160115.jar:9.3.7.v20160115]
	at org.eclipse.jetty.server.handler.HandlerWrapper.handle(HandlerWrapper.java:119) [jetty-server-9.3.7.v20160115.jar:9.3.7.v20160115]
	at org.eclipse.jetty.server.Server.handle(Server.java:517) [jetty-server-9.3.7.v20160115.jar:9.3.7.v20160115]
	at org.eclipse.jetty.server.HttpChannel.handle(HttpChannel.java:308) [jetty-server-9.3.7.v20160115.jar:9.3.7.v20160115]
	at org.eclipse.jetty.server.HttpConnection.onFillable(HttpConnection.java:242) [jetty-server-9.3.7.v20160115.jar:9.3.7.v20160115]
	at org.eclipse.jetty.io.AbstractConnection$ReadCallback.succeeded(AbstractConnection.java:273) [jetty-io-9.3.7.v20160115.jar:9.3.7.v20160115]
	at org.eclipse.jetty.io.FillInterest.fillable(FillInterest.java:95) [jetty-io-9.3.7.v20160115.jar:9.3.7.v20160115]
	at org.eclipse.jetty.io.SelectChannelEndPoint$2.run(SelectChannelEndPoint.java:75) [jetty-io-9.3.7.v20160115.jar:9.3.7.v20160115]
	at org.eclipse.jetty.util.thread.strategy.ExecuteProduceConsume.produceAndRun(ExecuteProduceConsume.java:213) [jetty-util-9.3.7.v20160115.jar:9.3.7.v20160115]
	at org.eclipse.jetty.util.thread.strategy.ExecuteProduceConsume.run(ExecuteProduceConsume.java:147) [jetty-util-9.3.7.v20160115.jar:9.3.7.v20160115]
	at org.eclipse.jetty.util.thread.QueuedThreadPool.runJob(QueuedThreadPool.java:654) [jetty-util-9.3.7.v20160115.jar:9.3.7.v20160115]
	at org.eclipse.jetty.util.thread.QueuedThreadPool$3.run(QueuedThreadPool.java:572) [jetty-util-9.3.7.v20160115.jar:9.3.7.v20160115]
	at java.lang.Thread.run(Thread.java:745) [na:1.8.0_65]
Caused by: java.io.InvalidClassException: com.icinfo.platform.quartz.model.ScheduleJob; local class incompatible: stream classdesc serialVersionUID = -2665994295705286071, local class serialVersionUID = -9084245078091595398
	at java.io.ObjectStreamClass.initNonProxy(ObjectStreamClass.java:616) ~[na:1.8.0_65]
	at java.io.ObjectInputStream.readNonProxyDesc(ObjectInputStream.java:1623) ~[na:1.8.0_65]
	at java.io.ObjectInputStream.readClassDesc(ObjectInputStream.java:1518) ~[na:1.8.0_65]
	at java.io.ObjectInputStream.readOrdinaryObject(ObjectInputStream.java:1774) ~[na:1.8.0_65]
	at java.io.ObjectInputStream.readObject0(ObjectInputStream.java:1351) ~[na:1.8.0_65]
	at java.io.ObjectInputStream.readObject(ObjectInputStream.java:371) ~[na:1.8.0_65]
	at java.util.HashMap.readObject(HashMap.java:1396) ~[na:1.8.0_65]
	at sun.reflect.NativeMethodAccessorImpl.invoke0(Native Method) ~[na:1.8.0_65]
	at sun.reflect.NativeMethodAccessorImpl.invoke(NativeMethodAccessorImpl.java:62) ~[na:1.8.0_65]
	at sun.reflect.DelegatingMethodAccessorImpl.invoke(DelegatingMethodAccessorImpl.java:43) ~[na:1.8.0_65]
	at java.lang.reflect.Method.invoke(Method.java:497) ~[na:1.8.0_65]
	at java.io.ObjectStreamClass.invokeReadObject(ObjectStreamClass.java:1058) ~[na:1.8.0_65]
	at java.io.ObjectInputStream.readSerialData(ObjectInputStream.java:1900) ~[na:1.8.0_65]
	at java.io.ObjectInputStream.readOrdinaryObject(ObjectInputStream.java:1801) ~[na:1.8.0_65]
	at java.io.ObjectInputStream.readObject0(ObjectInputStream.java:1351) ~[na:1.8.0_65]
	at java.io.ObjectInputStream.defaultReadFields(ObjectInputStream.java:2000) ~[na:1.8.0_65]
	at java.io.ObjectInputStream.readSerialData(ObjectInputStream.java:1924) ~[na:1.8.0_65]
	at java.io.ObjectInputStream.readOrdinaryObject(ObjectInputStream.java:1801) ~[na:1.8.0_65]
	at java.io.ObjectInputStream.readObject0(ObjectInputStream.java:1351) ~[na:1.8.0_65]
	at java.io.ObjectInputStream.readObject(ObjectInputStream.java:371) ~[na:1.8.0_65]
	at org.quartz.impl.jdbcjobstore.StdJDBCDelegate.getObjectFromBlob(StdJDBCDelegate.java:3201) ~[quartz-2.2.1.jar:na]
	at org.quartz.impl.jdbcjobstore.StdJDBCDelegate.selectJobDetail(StdJDBCDelegate.java:860) ~[quartz-2.2.1.jar:na]
	at org.quartz.impl.jdbcjobstore.JobStoreSupport.storeTrigger(JobStoreSupport.java:1205) ~[quartz-2.2.1.jar:na]
	... 56 common frames omitted
2017-07-26 10:47:17,835 [qtp115302495-16] ERROR com.icinfo.platform.quartz.utils.ScheduleUtils - 运行一次定时任务失败
org.quartz.JobPersistenceException: Couldn't store trigger 'DEFAULT.MT_wn7qxt3wtd77' for '异步.异步1' job:com.icinfo.platform.quartz.model.ScheduleJob; local class incompatible: stream classdesc serialVersionUID = -2665994295705286071, local class serialVersionUID = -9084245078091595398
	at org.quartz.impl.jdbcjobstore.JobStoreSupport.storeTrigger(JobStoreSupport.java:1223) ~[quartz-2.2.1.jar:na]
	at org.quartz.impl.jdbcjobstore.JobStoreSupport$4.executeVoid(JobStoreSupport.java:1159) ~[quartz-2.2.1.jar:na]
	at org.quartz.impl.jdbcjobstore.JobStoreSupport$VoidTransactionCallback.execute(JobStoreSupport.java:3703) ~[quartz-2.2.1.jar:na]
	at org.quartz.impl.jdbcjobstore.JobStoreSupport$VoidTransactionCallback.execute(JobStoreSupport.java:3701) ~[quartz-2.2.1.jar:na]
	at org.quartz.impl.jdbcjobstore.JobStoreCMT.executeInLock(JobStoreCMT.java:245) ~[quartz-2.2.1.jar:na]
	at org.quartz.impl.jdbcjobstore.JobStoreSupport.storeTrigger(JobStoreSupport.java:1155) ~[quartz-2.2.1.jar:na]
	at org.quartz.core.QuartzScheduler.triggerJob(QuartzScheduler.java:1187) ~[quartz-2.2.1.jar:na]
	at org.quartz.impl.StdScheduler.triggerJob(StdScheduler.java:341) ~[quartz-2.2.1.jar:na]
	at org.quartz.impl.StdScheduler.triggerJob(StdScheduler.java:331) ~[quartz-2.2.1.jar:na]
	at com.icinfo.platform.quartz.utils.ScheduleUtils.runOnce(ScheduleUtils.java:115) ~[classes/:na]
	at com.icinfo.platform.quartz.service.impl.ScheduleJobServiceImpl.runOnce(ScheduleJobServiceImpl.java:90) [classes/:na]
	at com.icinfo.platform.quartz.controller.ScheduleJobController.runOnceScheduleJob(ScheduleJobController.java:67) [classes/:na]
	at sun.reflect.NativeMethodAccessorImpl.invoke0(Native Method) ~[na:1.8.0_65]
	at sun.reflect.NativeMethodAccessorImpl.invoke(NativeMethodAccessorImpl.java:62) ~[na:1.8.0_65]
	at sun.reflect.DelegatingMethodAccessorImpl.invoke(DelegatingMethodAccessorImpl.java:43) ~[na:1.8.0_65]
	at java.lang.reflect.Method.invoke(Method.java:497) ~[na:1.8.0_65]
	at org.springframework.web.method.support.InvocableHandlerMethod.doInvoke(InvocableHandlerMethod.java:221) [spring-web-4.2.9.RELEASE.jar:4.2.9.RELEASE]
	at org.springframework.web.method.support.InvocableHandlerMethod.invokeForRequest(InvocableHandlerMethod.java:136) [spring-web-4.2.9.RELEASE.jar:4.2.9.RELEASE]
	at org.springframework.web.servlet.mvc.method.annotation.ServletInvocableHandlerMethod.invokeAndHandle(ServletInvocableHandlerMethod.java:110) [spring-webmvc-4.2.9.RELEASE.jar:4.2.9.RELEASE]
	at org.springframework.web.servlet.mvc.method.annotation.RequestMappingHandlerAdapter.invokeHandlerMethod(RequestMappingHandlerAdapter.java:832) [spring-webmvc-4.2.9.RELEASE.jar:4.2.9.RELEASE]
	at org.springframework.web.servlet.mvc.method.annotation.RequestMappingHandlerAdapter.handleInternal(RequestMappingHandlerAdapter.java:743) [spring-webmvc-4.2.9.RELEASE.jar:4.2.9.RELEASE]
	at org.springframework.web.servlet.mvc.method.AbstractHandlerMethodAdapter.handle(AbstractHandlerMethodAdapter.java:85) [spring-webmvc-4.2.9.RELEASE.jar:4.2.9.RELEASE]
	at org.springframework.web.servlet.DispatcherServlet.doDispatch(DispatcherServlet.java:961) [spring-webmvc-4.2.9.RELEASE.jar:4.2.9.RELEASE]
	at org.springframework.web.servlet.DispatcherServlet.doService(DispatcherServlet.java:895) [spring-webmvc-4.2.9.RELEASE.jar:4.2.9.RELEASE]
	at org.springframework.web.servlet.FrameworkServlet.processRequest(FrameworkServlet.java:967) [spring-webmvc-4.2.9.RELEASE.jar:4.2.9.RELEASE]
	at org.springframework.web.servlet.FrameworkServlet.doGet(FrameworkServlet.java:858) [spring-webmvc-4.2.9.RELEASE.jar:4.2.9.RELEASE]
	at javax.servlet.http.HttpServlet.service(HttpServlet.java:687) [javax.servlet-api-3.1.0.jar:3.1.0]
	at org.springframework.web.servlet.FrameworkServlet.service(FrameworkServlet.java:843) [spring-webmvc-4.2.9.RELEASE.jar:4.2.9.RELEASE]
	at javax.servlet.http.HttpServlet.service(HttpServlet.java:790) [javax.servlet-api-3.1.0.jar:3.1.0]
	at org.eclipse.jetty.servlet.ServletHolder.handle(ServletHolder.java:835) [jetty-servlet-9.3.7.v20160115.jar:9.3.7.v20160115]
	at org.eclipse.jetty.servlet.ServletHandler$CachedChain.doFilter(ServletHandler.java:1685) [jetty-servlet-9.3.7.v20160115.jar:9.3.7.v20160115]
	at org.springframework.web.filter.CharacterEncodingFilter.doFilterInternal(CharacterEncodingFilter.java:121) [spring-web-4.2.9.RELEASE.jar:4.2.9.RELEASE]
	at org.springframework.web.filter.OncePerRequestFilter.doFilter(OncePerRequestFilter.java:107) [spring-web-4.2.9.RELEASE.jar:4.2.9.RELEASE]
	at org.eclipse.jetty.servlet.ServletHandler$CachedChain.doFilter(ServletHandler.java:1668) [jetty-servlet-9.3.7.v20160115.jar:9.3.7.v20160115]
	at org.eclipse.jetty.servlet.ServletHandler.doHandle(ServletHandler.java:581) [jetty-servlet-9.3.7.v20160115.jar:9.3.7.v20160115]
	at org.eclipse.jetty.server.handler.ScopedHandler.handle(ScopedHandler.java:143) [jetty-server-9.3.7.v20160115.jar:9.3.7.v20160115]
	at org.eclipse.jetty.security.SecurityHandler.handle(SecurityHandler.java:548) [jetty-security-9.3.7.v20160115.jar:9.3.7.v20160115]
	at org.eclipse.jetty.server.session.SessionHandler.doHandle(SessionHandler.java:226) [jetty-server-9.3.7.v20160115.jar:9.3.7.v20160115]
	at org.eclipse.jetty.server.handler.ContextHandler.doHandle(ContextHandler.java:1158) [jetty-server-9.3.7.v20160115.jar:9.3.7.v20160115]
	at org.eclipse.jetty.servlet.ServletHandler.doScope(ServletHandler.java:511) [jetty-servlet-9.3.7.v20160115.jar:9.3.7.v20160115]
	at org.eclipse.jetty.server.session.SessionHandler.doScope(SessionHandler.java:185) [jetty-server-9.3.7.v20160115.jar:9.3.7.v20160115]
	at org.eclipse.jetty.server.handler.ContextHandler.doScope(ContextHandler.java:1090) [jetty-server-9.3.7.v20160115.jar:9.3.7.v20160115]
	at org.eclipse.jetty.server.handler.ScopedHandler.handle(ScopedHandler.java:141) [jetty-server-9.3.7.v20160115.jar:9.3.7.v20160115]
	at org.eclipse.jetty.server.handler.ContextHandlerCollection.handle(ContextHandlerCollection.java:213) [jetty-server-9.3.7.v20160115.jar:9.3.7.v20160115]
	at org.eclipse.jetty.server.handler.HandlerCollection.handle(HandlerCollection.java:109) [jetty-server-9.3.7.v20160115.jar:9.3.7.v20160115]
	at org.eclipse.jetty.server.handler.HandlerWrapper.handle(HandlerWrapper.java:119) [jetty-server-9.3.7.v20160115.jar:9.3.7.v20160115]
	at org.eclipse.jetty.server.Server.handle(Server.java:517) [jetty-server-9.3.7.v20160115.jar:9.3.7.v20160115]
	at org.eclipse.jetty.server.HttpChannel.handle(HttpChannel.java:308) [jetty-server-9.3.7.v20160115.jar:9.3.7.v20160115]
	at org.eclipse.jetty.server.HttpConnection.onFillable(HttpConnection.java:242) [jetty-server-9.3.7.v20160115.jar:9.3.7.v20160115]
	at org.eclipse.jetty.io.AbstractConnection$ReadCallback.succeeded(AbstractConnection.java:273) [jetty-io-9.3.7.v20160115.jar:9.3.7.v20160115]
	at org.eclipse.jetty.io.FillInterest.fillable(FillInterest.java:95) [jetty-io-9.3.7.v20160115.jar:9.3.7.v20160115]
	at org.eclipse.jetty.io.SelectChannelEndPoint$2.run(SelectChannelEndPoint.java:75) [jetty-io-9.3.7.v20160115.jar:9.3.7.v20160115]
	at org.eclipse.jetty.util.thread.strategy.ExecuteProduceConsume.produceAndRun(ExecuteProduceConsume.java:213) [jetty-util-9.3.7.v20160115.jar:9.3.7.v20160115]
	at org.eclipse.jetty.util.thread.strategy.ExecuteProduceConsume.run(ExecuteProduceConsume.java:147) [jetty-util-9.3.7.v20160115.jar:9.3.7.v20160115]
	at org.eclipse.jetty.util.thread.QueuedThreadPool.runJob(QueuedThreadPool.java:654) [jetty-util-9.3.7.v20160115.jar:9.3.7.v20160115]
	at org.eclipse.jetty.util.thread.QueuedThreadPool$3.run(QueuedThreadPool.java:572) [jetty-util-9.3.7.v20160115.jar:9.3.7.v20160115]
	at java.lang.Thread.run(Thread.java:745) [na:1.8.0_65]
Caused by: java.io.InvalidClassException: com.icinfo.platform.quartz.model.ScheduleJob; local class incompatible: stream classdesc serialVersionUID = -2665994295705286071, local class serialVersionUID = -9084245078091595398
	at java.io.ObjectStreamClass.initNonProxy(ObjectStreamClass.java:616) ~[na:1.8.0_65]
	at java.io.ObjectInputStream.readNonProxyDesc(ObjectInputStream.java:1623) ~[na:1.8.0_65]
	at java.io.ObjectInputStream.readClassDesc(ObjectInputStream.java:1518) ~[na:1.8.0_65]
	at java.io.ObjectInputStream.readOrdinaryObject(ObjectInputStream.java:1774) ~[na:1.8.0_65]
	at java.io.ObjectInputStream.readObject0(ObjectInputStream.java:1351) ~[na:1.8.0_65]
	at java.io.ObjectInputStream.readObject(ObjectInputStream.java:371) ~[na:1.8.0_65]
	at java.util.HashMap.readObject(HashMap.java:1396) ~[na:1.8.0_65]
	at sun.reflect.NativeMethodAccessorImpl.invoke0(Native Method) ~[na:1.8.0_65]
	at sun.reflect.NativeMethodAccessorImpl.invoke(NativeMethodAccessorImpl.java:62) ~[na:1.8.0_65]
	at sun.reflect.DelegatingMethodAccessorImpl.invoke(DelegatingMethodAccessorImpl.java:43) ~[na:1.8.0_65]
	at java.lang.reflect.Method.invoke(Method.java:497) ~[na:1.8.0_65]
	at java.io.ObjectStreamClass.invokeReadObject(ObjectStreamClass.java:1058) ~[na:1.8.0_65]
	at java.io.ObjectInputStream.readSerialData(ObjectInputStream.java:1900) ~[na:1.8.0_65]
	at java.io.ObjectInputStream.readOrdinaryObject(ObjectInputStream.java:1801) ~[na:1.8.0_65]
	at java.io.ObjectInputStream.readObject0(ObjectInputStream.java:1351) ~[na:1.8.0_65]
	at java.io.ObjectInputStream.defaultReadFields(ObjectInputStream.java:2000) ~[na:1.8.0_65]
	at java.io.ObjectInputStream.readSerialData(ObjectInputStream.java:1924) ~[na:1.8.0_65]
	at java.io.ObjectInputStream.readOrdinaryObject(ObjectInputStream.java:1801) ~[na:1.8.0_65]
	at java.io.ObjectInputStream.readObject0(ObjectInputStream.java:1351) ~[na:1.8.0_65]
	at java.io.ObjectInputStream.readObject(ObjectInputStream.java:371) ~[na:1.8.0_65]
	at org.quartz.impl.jdbcjobstore.StdJDBCDelegate.getObjectFromBlob(StdJDBCDelegate.java:3201) ~[quartz-2.2.1.jar:na]
	at org.quartz.impl.jdbcjobstore.StdJDBCDelegate.selectJobDetail(StdJDBCDelegate.java:860) ~[quartz-2.2.1.jar:na]
	at org.quartz.impl.jdbcjobstore.JobStoreSupport.storeTrigger(JobStoreSupport.java:1205) ~[quartz-2.2.1.jar:na]
	... 56 common frames omitted
2017-07-26 10:48:22,014 [qtp578479332-21] ERROR com.icinfo.platform.quartz.utils.ScheduleUtils - 运行一次定时任务失败
org.quartz.JobPersistenceException: Couldn't store trigger 'DEFAULT.MT_ers0b8t4mq4te' for '异步.异步1' job:com.icinfo.platform.quartz.model.ScheduleJob; local class incompatible: stream classdesc serialVersionUID = -2665994295705286071, local class serialVersionUID = -9084245078091595398
	at org.quartz.impl.jdbcjobstore.JobStoreSupport.storeTrigger(JobStoreSupport.java:1223) ~[quartz-2.2.1.jar:na]
	at org.quartz.impl.jdbcjobstore.JobStoreSupport$4.executeVoid(JobStoreSupport.java:1159) ~[quartz-2.2.1.jar:na]
	at org.quartz.impl.jdbcjobstore.JobStoreSupport$VoidTransactionCallback.execute(JobStoreSupport.java:3703) ~[quartz-2.2.1.jar:na]
	at org.quartz.impl.jdbcjobstore.JobStoreSupport$VoidTransactionCallback.execute(JobStoreSupport.java:3701) ~[quartz-2.2.1.jar:na]
	at org.quartz.impl.jdbcjobstore.JobStoreCMT.executeInLock(JobStoreCMT.java:245) ~[quartz-2.2.1.jar:na]
	at org.quartz.impl.jdbcjobstore.JobStoreSupport.storeTrigger(JobStoreSupport.java:1155) ~[quartz-2.2.1.jar:na]
	at org.quartz.core.QuartzScheduler.triggerJob(QuartzScheduler.java:1187) ~[quartz-2.2.1.jar:na]
	at org.quartz.impl.StdScheduler.triggerJob(StdScheduler.java:341) ~[quartz-2.2.1.jar:na]
	at org.quartz.impl.StdScheduler.triggerJob(StdScheduler.java:331) ~[quartz-2.2.1.jar:na]
	at com.icinfo.platform.quartz.utils.ScheduleUtils.runOnce(ScheduleUtils.java:115) ~[classes/:na]
	at com.icinfo.platform.quartz.service.impl.ScheduleJobServiceImpl.runOnce(ScheduleJobServiceImpl.java:90) [classes/:na]
	at com.icinfo.platform.quartz.controller.ScheduleJobController.runOnceScheduleJob(ScheduleJobController.java:67) [classes/:na]
	at sun.reflect.NativeMethodAccessorImpl.invoke0(Native Method) ~[na:1.8.0_65]
	at sun.reflect.NativeMethodAccessorImpl.invoke(NativeMethodAccessorImpl.java:62) ~[na:1.8.0_65]
	at sun.reflect.DelegatingMethodAccessorImpl.invoke(DelegatingMethodAccessorImpl.java:43) ~[na:1.8.0_65]
	at java.lang.reflect.Method.invoke(Method.java:497) ~[na:1.8.0_65]
	at org.springframework.web.method.support.InvocableHandlerMethod.doInvoke(InvocableHandlerMethod.java:221) [spring-web-4.2.9.RELEASE.jar:4.2.9.RELEASE]
	at org.springframework.web.method.support.InvocableHandlerMethod.invokeForRequest(InvocableHandlerMethod.java:136) [spring-web-4.2.9.RELEASE.jar:4.2.9.RELEASE]
	at org.springframework.web.servlet.mvc.method.annotation.ServletInvocableHandlerMethod.invokeAndHandle(ServletInvocableHandlerMethod.java:110) [spring-webmvc-4.2.9.RELEASE.jar:4.2.9.RELEASE]
	at org.springframework.web.servlet.mvc.method.annotation.RequestMappingHandlerAdapter.invokeHandlerMethod(RequestMappingHandlerAdapter.java:832) [spring-webmvc-4.2.9.RELEASE.jar:4.2.9.RELEASE]
	at org.springframework.web.servlet.mvc.method.annotation.RequestMappingHandlerAdapter.handleInternal(RequestMappingHandlerAdapter.java:743) [spring-webmvc-4.2.9.RELEASE.jar:4.2.9.RELEASE]
	at org.springframework.web.servlet.mvc.method.AbstractHandlerMethodAdapter.handle(AbstractHandlerMethodAdapter.java:85) [spring-webmvc-4.2.9.RELEASE.jar:4.2.9.RELEASE]
	at org.springframework.web.servlet.DispatcherServlet.doDispatch(DispatcherServlet.java:961) [spring-webmvc-4.2.9.RELEASE.jar:4.2.9.RELEASE]
	at org.springframework.web.servlet.DispatcherServlet.doService(DispatcherServlet.java:895) [spring-webmvc-4.2.9.RELEASE.jar:4.2.9.RELEASE]
	at org.springframework.web.servlet.FrameworkServlet.processRequest(FrameworkServlet.java:967) [spring-webmvc-4.2.9.RELEASE.jar:4.2.9.RELEASE]
	at org.springframework.web.servlet.FrameworkServlet.doGet(FrameworkServlet.java:858) [spring-webmvc-4.2.9.RELEASE.jar:4.2.9.RELEASE]
	at javax.servlet.http.HttpServlet.service(HttpServlet.java:687) [javax.servlet-api-3.1.0.jar:3.1.0]
	at org.springframework.web.servlet.FrameworkServlet.service(FrameworkServlet.java:843) [spring-webmvc-4.2.9.RELEASE.jar:4.2.9.RELEASE]
	at javax.servlet.http.HttpServlet.service(HttpServlet.java:790) [javax.servlet-api-3.1.0.jar:3.1.0]
	at org.eclipse.jetty.servlet.ServletHolder.handle(ServletHolder.java:835) [jetty-servlet-9.3.7.v20160115.jar:9.3.7.v20160115]
	at org.eclipse.jetty.servlet.ServletHandler$CachedChain.doFilter(ServletHandler.java:1685) [jetty-servlet-9.3.7.v20160115.jar:9.3.7.v20160115]
	at org.springframework.web.filter.CharacterEncodingFilter.doFilterInternal(CharacterEncodingFilter.java:121) [spring-web-4.2.9.RELEASE.jar:4.2.9.RELEASE]
	at org.springframework.web.filter.OncePerRequestFilter.doFilter(OncePerRequestFilter.java:107) [spring-web-4.2.9.RELEASE.jar:4.2.9.RELEASE]
	at org.eclipse.jetty.servlet.ServletHandler$CachedChain.doFilter(ServletHandler.java:1668) [jetty-servlet-9.3.7.v20160115.jar:9.3.7.v20160115]
	at org.eclipse.jetty.servlet.ServletHandler.doHandle(ServletHandler.java:581) [jetty-servlet-9.3.7.v20160115.jar:9.3.7.v20160115]
	at org.eclipse.jetty.server.handler.ScopedHandler.handle(ScopedHandler.java:143) [jetty-server-9.3.7.v20160115.jar:9.3.7.v20160115]
	at org.eclipse.jetty.security.SecurityHandler.handle(SecurityHandler.java:548) [jetty-security-9.3.7.v20160115.jar:9.3.7.v20160115]
	at org.eclipse.jetty.server.session.SessionHandler.doHandle(SessionHandler.java:226) [jetty-server-9.3.7.v20160115.jar:9.3.7.v20160115]
	at org.eclipse.jetty.server.handler.ContextHandler.doHandle(ContextHandler.java:1158) [jetty-server-9.3.7.v20160115.jar:9.3.7.v20160115]
	at org.eclipse.jetty.servlet.ServletHandler.doScope(ServletHandler.java:511) [jetty-servlet-9.3.7.v20160115.jar:9.3.7.v20160115]
	at org.eclipse.jetty.server.session.SessionHandler.doScope(SessionHandler.java:185) [jetty-server-9.3.7.v20160115.jar:9.3.7.v20160115]
	at org.eclipse.jetty.server.handler.ContextHandler.doScope(ContextHandler.java:1090) [jetty-server-9.3.7.v20160115.jar:9.3.7.v20160115]
	at org.eclipse.jetty.server.handler.ScopedHandler.handle(ScopedHandler.java:141) [jetty-server-9.3.7.v20160115.jar:9.3.7.v20160115]
	at org.eclipse.jetty.server.handler.ContextHandlerCollection.handle(ContextHandlerCollection.java:213) [jetty-server-9.3.7.v20160115.jar:9.3.7.v20160115]
	at org.eclipse.jetty.server.handler.HandlerCollection.handle(HandlerCollection.java:109) [jetty-server-9.3.7.v20160115.jar:9.3.7.v20160115]
	at org.eclipse.jetty.server.handler.HandlerWrapper.handle(HandlerWrapper.java:119) [jetty-server-9.3.7.v20160115.jar:9.3.7.v20160115]
	at org.eclipse.jetty.server.Server.handle(Server.java:517) [jetty-server-9.3.7.v20160115.jar:9.3.7.v20160115]
	at org.eclipse.jetty.server.HttpChannel.handle(HttpChannel.java:308) [jetty-server-9.3.7.v20160115.jar:9.3.7.v20160115]
	at org.eclipse.jetty.server.HttpConnection.onFillable(HttpConnection.java:242) [jetty-server-9.3.7.v20160115.jar:9.3.7.v20160115]
	at org.eclipse.jetty.io.AbstractConnection$ReadCallback.succeeded(AbstractConnection.java:273) [jetty-io-9.3.7.v20160115.jar:9.3.7.v20160115]
	at org.eclipse.jetty.io.FillInterest.fillable(FillInterest.java:95) [jetty-io-9.3.7.v20160115.jar:9.3.7.v20160115]
	at org.eclipse.jetty.io.SelectChannelEndPoint$2.run(SelectChannelEndPoint.java:75) [jetty-io-9.3.7.v20160115.jar:9.3.7.v20160115]
	at org.eclipse.jetty.util.thread.strategy.ExecuteProduceConsume.produceAndRun(ExecuteProduceConsume.java:213) [jetty-util-9.3.7.v20160115.jar:9.3.7.v20160115]
	at org.eclipse.jetty.util.thread.strategy.ExecuteProduceConsume.run(ExecuteProduceConsume.java:147) [jetty-util-9.3.7.v20160115.jar:9.3.7.v20160115]
	at org.eclipse.jetty.util.thread.QueuedThreadPool.runJob(QueuedThreadPool.java:654) [jetty-util-9.3.7.v20160115.jar:9.3.7.v20160115]
	at org.eclipse.jetty.util.thread.QueuedThreadPool$3.run(QueuedThreadPool.java:572) [jetty-util-9.3.7.v20160115.jar:9.3.7.v20160115]
	at java.lang.Thread.run(Thread.java:745) [na:1.8.0_65]
Caused by: java.io.InvalidClassException: com.icinfo.platform.quartz.model.ScheduleJob; local class incompatible: stream classdesc serialVersionUID = -2665994295705286071, local class serialVersionUID = -9084245078091595398
	at java.io.ObjectStreamClass.initNonProxy(ObjectStreamClass.java:616) ~[na:1.8.0_65]
	at java.io.ObjectInputStream.readNonProxyDesc(ObjectInputStream.java:1623) ~[na:1.8.0_65]
	at java.io.ObjectInputStream.readClassDesc(ObjectInputStream.java:1518) ~[na:1.8.0_65]
	at java.io.ObjectInputStream.readOrdinaryObject(ObjectInputStream.java:1774) ~[na:1.8.0_65]
	at java.io.ObjectInputStream.readObject0(ObjectInputStream.java:1351) ~[na:1.8.0_65]
	at java.io.ObjectInputStream.readObject(ObjectInputStream.java:371) ~[na:1.8.0_65]
	at java.util.HashMap.readObject(HashMap.java:1396) ~[na:1.8.0_65]
	at sun.reflect.NativeMethodAccessorImpl.invoke0(Native Method) ~[na:1.8.0_65]
	at sun.reflect.NativeMethodAccessorImpl.invoke(NativeMethodAccessorImpl.java:62) ~[na:1.8.0_65]
	at sun.reflect.DelegatingMethodAccessorImpl.invoke(DelegatingMethodAccessorImpl.java:43) ~[na:1.8.0_65]
	at java.lang.reflect.Method.invoke(Method.java:497) ~[na:1.8.0_65]
	at java.io.ObjectStreamClass.invokeReadObject(ObjectStreamClass.java:1058) ~[na:1.8.0_65]
	at java.io.ObjectInputStream.readSerialData(ObjectInputStream.java:1900) ~[na:1.8.0_65]
	at java.io.ObjectInputStream.readOrdinaryObject(ObjectInputStream.java:1801) ~[na:1.8.0_65]
	at java.io.ObjectInputStream.readObject0(ObjectInputStream.java:1351) ~[na:1.8.0_65]
	at java.io.ObjectInputStream.defaultReadFields(ObjectInputStream.java:2000) ~[na:1.8.0_65]
	at java.io.ObjectInputStream.readSerialData(ObjectInputStream.java:1924) ~[na:1.8.0_65]
	at java.io.ObjectInputStream.readOrdinaryObject(ObjectInputStream.java:1801) ~[na:1.8.0_65]
	at java.io.ObjectInputStream.readObject0(ObjectInputStream.java:1351) ~[na:1.8.0_65]
	at java.io.ObjectInputStream.readObject(ObjectInputStream.java:371) ~[na:1.8.0_65]
	at org.quartz.impl.jdbcjobstore.StdJDBCDelegate.getObjectFromBlob(StdJDBCDelegate.java:3201) ~[quartz-2.2.1.jar:na]
	at org.quartz.impl.jdbcjobstore.StdJDBCDelegate.selectJobDetail(StdJDBCDelegate.java:860) ~[quartz-2.2.1.jar:na]
	at org.quartz.impl.jdbcjobstore.JobStoreSupport.storeTrigger(JobStoreSupport.java:1205) ~[quartz-2.2.1.jar:na]
	... 56 common frames omitted
2017-07-26 11:33:57,761 [qtp1660465908-19] ERROR com.icinfo.platform.quartz.utils.MyScheduleUtils - 创建定时任务失败
org.quartz.JobPersistenceException: Couldn't store job: Unable to serialize JobDataMap for insertion into database because the value of property 'jobParam' is not serializable: com.icinfo.platform.quartz.dto.MyScheduleJobDto
	at org.quartz.impl.jdbcjobstore.JobStoreSupport.storeJob(JobStoreSupport.java:1115) ~[quartz-2.2.1.jar:na]
	at org.quartz.impl.jdbcjobstore.JobStoreSupport$2.executeVoid(JobStoreSupport.java:1062) ~[quartz-2.2.1.jar:na]
	at org.quartz.impl.jdbcjobstore.JobStoreSupport$VoidTransactionCallback.execute(JobStoreSupport.java:3703) ~[quartz-2.2.1.jar:na]
	at org.quartz.impl.jdbcjobstore.JobStoreSupport$VoidTransactionCallback.execute(JobStoreSupport.java:3701) ~[quartz-2.2.1.jar:na]
	at org.quartz.impl.jdbcjobstore.JobStoreCMT.executeInLock(JobStoreCMT.java:245) ~[quartz-2.2.1.jar:na]
	at org.quartz.impl.jdbcjobstore.JobStoreSupport.storeJobAndTrigger(JobStoreSupport.java:1058) ~[quartz-2.2.1.jar:na]
	at org.quartz.core.QuartzScheduler.scheduleJob(QuartzScheduler.java:886) ~[quartz-2.2.1.jar:na]
	at org.quartz.impl.StdScheduler.scheduleJob(StdScheduler.java:249) ~[quartz-2.2.1.jar:na]
	at com.icinfo.platform.quartz.utils.MyScheduleUtils.createScheduleJob(MyScheduleUtils.java:98) [classes/:na]
	at com.icinfo.platform.quartz.utils.MyScheduleUtils.createScheduleJob(MyScheduleUtils.java:61) [classes/:na]
	at com.icinfo.platform.quartz.service.impl.MyScheduleJobServiceImpl.insert(MyScheduleJobServiceImpl.java:60) [classes/:na]
	at com.icinfo.platform.quartz.controller.MyScheduleJobController.saveScheduleJob(MyScheduleJobController.java:108) [classes/:na]
	at sun.reflect.NativeMethodAccessorImpl.invoke0(Native Method) ~[na:1.8.0_65]
	at sun.reflect.NativeMethodAccessorImpl.invoke(NativeMethodAccessorImpl.java:62) ~[na:1.8.0_65]
	at sun.reflect.DelegatingMethodAccessorImpl.invoke(DelegatingMethodAccessorImpl.java:43) ~[na:1.8.0_65]
	at java.lang.reflect.Method.invoke(Method.java:497) ~[na:1.8.0_65]
	at org.springframework.web.method.support.InvocableHandlerMethod.doInvoke(InvocableHandlerMethod.java:221) [spring-web-4.2.9.RELEASE.jar:4.2.9.RELEASE]
	at org.springframework.web.method.support.InvocableHandlerMethod.invokeForRequest(InvocableHandlerMethod.java:136) [spring-web-4.2.9.RELEASE.jar:4.2.9.RELEASE]
	at org.springframework.web.servlet.mvc.method.annotation.ServletInvocableHandlerMethod.invokeAndHandle(ServletInvocableHandlerMethod.java:110) [spring-webmvc-4.2.9.RELEASE.jar:4.2.9.RELEASE]
	at org.springframework.web.servlet.mvc.method.annotation.RequestMappingHandlerAdapter.invokeHandlerMethod(RequestMappingHandlerAdapter.java:832) [spring-webmvc-4.2.9.RELEASE.jar:4.2.9.RELEASE]
	at org.springframework.web.servlet.mvc.method.annotation.RequestMappingHandlerAdapter.handleInternal(RequestMappingHandlerAdapter.java:743) [spring-webmvc-4.2.9.RELEASE.jar:4.2.9.RELEASE]
	at org.springframework.web.servlet.mvc.method.AbstractHandlerMethodAdapter.handle(AbstractHandlerMethodAdapter.java:85) [spring-webmvc-4.2.9.RELEASE.jar:4.2.9.RELEASE]
	at org.springframework.web.servlet.DispatcherServlet.doDispatch(DispatcherServlet.java:961) [spring-webmvc-4.2.9.RELEASE.jar:4.2.9.RELEASE]
	at org.springframework.web.servlet.DispatcherServlet.doService(DispatcherServlet.java:895) [spring-webmvc-4.2.9.RELEASE.jar:4.2.9.RELEASE]
	at org.springframework.web.servlet.FrameworkServlet.processRequest(FrameworkServlet.java:967) [spring-webmvc-4.2.9.RELEASE.jar:4.2.9.RELEASE]
	at org.springframework.web.servlet.FrameworkServlet.doPost(FrameworkServlet.java:869) [spring-webmvc-4.2.9.RELEASE.jar:4.2.9.RELEASE]
	at javax.servlet.http.HttpServlet.service(HttpServlet.java:707) [javax.servlet-api-3.1.0.jar:3.1.0]
	at org.springframework.web.servlet.FrameworkServlet.service(FrameworkServlet.java:843) [spring-webmvc-4.2.9.RELEASE.jar:4.2.9.RELEASE]
	at javax.servlet.http.HttpServlet.service(HttpServlet.java:790) [javax.servlet-api-3.1.0.jar:3.1.0]
	at org.eclipse.jetty.servlet.ServletHolder.handle(ServletHolder.java:835) [jetty-servlet-9.3.7.v20160115.jar:9.3.7.v20160115]
	at org.eclipse.jetty.servlet.ServletHandler$CachedChain.doFilter(ServletHandler.java:1685) [jetty-servlet-9.3.7.v20160115.jar:9.3.7.v20160115]
	at org.springframework.web.filter.CharacterEncodingFilter.doFilterInternal(CharacterEncodingFilter.java:121) [spring-web-4.2.9.RELEASE.jar:4.2.9.RELEASE]
	at org.springframework.web.filter.OncePerRequestFilter.doFilter(OncePerRequestFilter.java:107) [spring-web-4.2.9.RELEASE.jar:4.2.9.RELEASE]
	at org.eclipse.jetty.servlet.ServletHandler$CachedChain.doFilter(ServletHandler.java:1668) [jetty-servlet-9.3.7.v20160115.jar:9.3.7.v20160115]
	at org.eclipse.jetty.servlet.ServletHandler.doHandle(ServletHandler.java:581) [jetty-servlet-9.3.7.v20160115.jar:9.3.7.v20160115]
	at org.eclipse.jetty.server.handler.ScopedHandler.handle(ScopedHandler.java:143) [jetty-server-9.3.7.v20160115.jar:9.3.7.v20160115]
	at org.eclipse.jetty.security.SecurityHandler.handle(SecurityHandler.java:548) [jetty-security-9.3.7.v20160115.jar:9.3.7.v20160115]
	at org.eclipse.jetty.server.session.SessionHandler.doHandle(SessionHandler.java:226) [jetty-server-9.3.7.v20160115.jar:9.3.7.v20160115]
	at org.eclipse.jetty.server.handler.ContextHandler.doHandle(ContextHandler.java:1158) [jetty-server-9.3.7.v20160115.jar:9.3.7.v20160115]
	at org.eclipse.jetty.servlet.ServletHandler.doScope(ServletHandler.java:511) [jetty-servlet-9.3.7.v20160115.jar:9.3.7.v20160115]
	at org.eclipse.jetty.server.session.SessionHandler.doScope(SessionHandler.java:185) [jetty-server-9.3.7.v20160115.jar:9.3.7.v20160115]
	at org.eclipse.jetty.server.handler.ContextHandler.doScope(ContextHandler.java:1090) [jetty-server-9.3.7.v20160115.jar:9.3.7.v20160115]
	at org.eclipse.jetty.server.handler.ScopedHandler.handle(ScopedHandler.java:141) [jetty-server-9.3.7.v20160115.jar:9.3.7.v20160115]
	at org.eclipse.jetty.server.handler.ContextHandlerCollection.handle(ContextHandlerCollection.java:213) [jetty-server-9.3.7.v20160115.jar:9.3.7.v20160115]
	at org.eclipse.jetty.server.handler.HandlerCollection.handle(HandlerCollection.java:109) [jetty-server-9.3.7.v20160115.jar:9.3.7.v20160115]
	at org.eclipse.jetty.server.handler.HandlerWrapper.handle(HandlerWrapper.java:119) [jetty-server-9.3.7.v20160115.jar:9.3.7.v20160115]
	at org.eclipse.jetty.server.Server.handle(Server.java:517) [jetty-server-9.3.7.v20160115.jar:9.3.7.v20160115]
	at org.eclipse.jetty.server.HttpChannel.handle(HttpChannel.java:308) [jetty-server-9.3.7.v20160115.jar:9.3.7.v20160115]
	at org.eclipse.jetty.server.HttpConnection.onFillable(HttpConnection.java:242) [jetty-server-9.3.7.v20160115.jar:9.3.7.v20160115]
	at org.eclipse.jetty.io.AbstractConnection$ReadCallback.succeeded(AbstractConnection.java:273) [jetty-io-9.3.7.v20160115.jar:9.3.7.v20160115]
	at org.eclipse.jetty.io.FillInterest.fillable(FillInterest.java:95) [jetty-io-9.3.7.v20160115.jar:9.3.7.v20160115]
	at org.eclipse.jetty.io.SelectChannelEndPoint$2.run(SelectChannelEndPoint.java:75) [jetty-io-9.3.7.v20160115.jar:9.3.7.v20160115]
	at org.eclipse.jetty.util.thread.strategy.ExecuteProduceConsume.produceAndRun(ExecuteProduceConsume.java:213) [jetty-util-9.3.7.v20160115.jar:9.3.7.v20160115]
	at org.eclipse.jetty.util.thread.strategy.ExecuteProduceConsume.run(ExecuteProduceConsume.java:147) [jetty-util-9.3.7.v20160115.jar:9.3.7.v20160115]
	at org.eclipse.jetty.util.thread.QueuedThreadPool.runJob(QueuedThreadPool.java:654) [jetty-util-9.3.7.v20160115.jar:9.3.7.v20160115]
	at org.eclipse.jetty.util.thread.QueuedThreadPool$3.run(QueuedThreadPool.java:572) [jetty-util-9.3.7.v20160115.jar:9.3.7.v20160115]
	at java.lang.Thread.run(Thread.java:745) [na:1.8.0_65]
Caused by: java.io.NotSerializableException: Unable to serialize JobDataMap for insertion into database because the value of property 'jobParam' is not serializable: com.icinfo.platform.quartz.dto.MyScheduleJobDto
	at org.quartz.impl.jdbcjobstore.StdJDBCDelegate.serializeJobData(StdJDBCDelegate.java:3083) ~[quartz-2.2.1.jar:na]
	at org.quartz.impl.jdbcjobstore.StdJDBCDelegate.insertJobDetail(StdJDBCDelegate.java:606) ~[quartz-2.2.1.jar:na]
	at org.quartz.impl.jdbcjobstore.JobStoreSupport.storeJob(JobStoreSupport.java:1112) ~[quartz-2.2.1.jar:na]
	... 56 common frames omitted
2017-07-26 11:41:26,205 [qtp988902163-19] ERROR com.icinfo.platform.quartz.utils.MyScheduleUtils - 创建定时任务失败
org.quartz.JobPersistenceException: Couldn't store job: Unable to serialize JobDataMap for insertion into database because the value of property 'jobParam' is not serializable: com.icinfo.platform.quartz.dto.MyScheduleJobDto
	at org.quartz.impl.jdbcjobstore.JobStoreSupport.storeJob(JobStoreSupport.java:1115) ~[quartz-2.2.1.jar:na]
	at org.quartz.impl.jdbcjobstore.JobStoreSupport$2.executeVoid(JobStoreSupport.java:1062) ~[quartz-2.2.1.jar:na]
	at org.quartz.impl.jdbcjobstore.JobStoreSupport$VoidTransactionCallback.execute(JobStoreSupport.java:3703) ~[quartz-2.2.1.jar:na]
	at org.quartz.impl.jdbcjobstore.JobStoreSupport$VoidTransactionCallback.execute(JobStoreSupport.java:3701) ~[quartz-2.2.1.jar:na]
	at org.quartz.impl.jdbcjobstore.JobStoreCMT.executeInLock(JobStoreCMT.java:245) ~[quartz-2.2.1.jar:na]
	at org.quartz.impl.jdbcjobstore.JobStoreSupport.storeJobAndTrigger(JobStoreSupport.java:1058) ~[quartz-2.2.1.jar:na]
	at org.quartz.core.QuartzScheduler.scheduleJob(QuartzScheduler.java:886) ~[quartz-2.2.1.jar:na]
	at org.quartz.impl.StdScheduler.scheduleJob(StdScheduler.java:249) ~[quartz-2.2.1.jar:na]
	at com.icinfo.platform.quartz.utils.MyScheduleUtils.createScheduleJob(MyScheduleUtils.java:98) [classes/:na]
	at com.icinfo.platform.quartz.utils.MyScheduleUtils.createScheduleJob(MyScheduleUtils.java:61) [classes/:na]
	at com.icinfo.platform.quartz.service.impl.MyScheduleJobServiceImpl.insert(MyScheduleJobServiceImpl.java:60) [classes/:na]
	at com.icinfo.platform.quartz.controller.MyScheduleJobController.saveScheduleJob(MyScheduleJobController.java:108) [classes/:na]
	at sun.reflect.NativeMethodAccessorImpl.invoke0(Native Method) ~[na:1.8.0_65]
	at sun.reflect.NativeMethodAccessorImpl.invoke(NativeMethodAccessorImpl.java:62) ~[na:1.8.0_65]
	at sun.reflect.DelegatingMethodAccessorImpl.invoke(DelegatingMethodAccessorImpl.java:43) ~[na:1.8.0_65]
	at java.lang.reflect.Method.invoke(Method.java:497) ~[na:1.8.0_65]
	at org.springframework.web.method.support.InvocableHandlerMethod.doInvoke(InvocableHandlerMethod.java:221) [spring-web-4.2.9.RELEASE.jar:4.2.9.RELEASE]
	at org.springframework.web.method.support.InvocableHandlerMethod.invokeForRequest(InvocableHandlerMethod.java:136) [spring-web-4.2.9.RELEASE.jar:4.2.9.RELEASE]
	at org.springframework.web.servlet.mvc.method.annotation.ServletInvocableHandlerMethod.invokeAndHandle(ServletInvocableHandlerMethod.java:110) [spring-webmvc-4.2.9.RELEASE.jar:4.2.9.RELEASE]
	at org.springframework.web.servlet.mvc.method.annotation.RequestMappingHandlerAdapter.invokeHandlerMethod(RequestMappingHandlerAdapter.java:832) [spring-webmvc-4.2.9.RELEASE.jar:4.2.9.RELEASE]
	at org.springframework.web.servlet.mvc.method.annotation.RequestMappingHandlerAdapter.handleInternal(RequestMappingHandlerAdapter.java:743) [spring-webmvc-4.2.9.RELEASE.jar:4.2.9.RELEASE]
	at org.springframework.web.servlet.mvc.method.AbstractHandlerMethodAdapter.handle(AbstractHandlerMethodAdapter.java:85) [spring-webmvc-4.2.9.RELEASE.jar:4.2.9.RELEASE]
	at org.springframework.web.servlet.DispatcherServlet.doDispatch(DispatcherServlet.java:961) [spring-webmvc-4.2.9.RELEASE.jar:4.2.9.RELEASE]
	at org.springframework.web.servlet.DispatcherServlet.doService(DispatcherServlet.java:895) [spring-webmvc-4.2.9.RELEASE.jar:4.2.9.RELEASE]
	at org.springframework.web.servlet.FrameworkServlet.processRequest(FrameworkServlet.java:967) [spring-webmvc-4.2.9.RELEASE.jar:4.2.9.RELEASE]
	at org.springframework.web.servlet.FrameworkServlet.doPost(FrameworkServlet.java:869) [spring-webmvc-4.2.9.RELEASE.jar:4.2.9.RELEASE]
	at javax.servlet.http.HttpServlet.service(HttpServlet.java:707) [javax.servlet-api-3.1.0.jar:3.1.0]
	at org.springframework.web.servlet.FrameworkServlet.service(FrameworkServlet.java:843) [spring-webmvc-4.2.9.RELEASE.jar:4.2.9.RELEASE]
	at javax.servlet.http.HttpServlet.service(HttpServlet.java:790) [javax.servlet-api-3.1.0.jar:3.1.0]
	at org.eclipse.jetty.servlet.ServletHolder.handle(ServletHolder.java:835) [jetty-servlet-9.3.7.v20160115.jar:9.3.7.v20160115]
	at org.eclipse.jetty.servlet.ServletHandler$CachedChain.doFilter(ServletHandler.java:1685) [jetty-servlet-9.3.7.v20160115.jar:9.3.7.v20160115]
	at org.springframework.web.filter.CharacterEncodingFilter.doFilterInternal(CharacterEncodingFilter.java:121) [spring-web-4.2.9.RELEASE.jar:4.2.9.RELEASE]
	at org.springframework.web.filter.OncePerRequestFilter.doFilter(OncePerRequestFilter.java:107) [spring-web-4.2.9.RELEASE.jar:4.2.9.RELEASE]
	at org.eclipse.jetty.servlet.ServletHandler$CachedChain.doFilter(ServletHandler.java:1668) [jetty-servlet-9.3.7.v20160115.jar:9.3.7.v20160115]
	at org.eclipse.jetty.servlet.ServletHandler.doHandle(ServletHandler.java:581) [jetty-servlet-9.3.7.v20160115.jar:9.3.7.v20160115]
	at org.eclipse.jetty.server.handler.ScopedHandler.handle(ScopedHandler.java:143) [jetty-server-9.3.7.v20160115.jar:9.3.7.v20160115]
	at org.eclipse.jetty.security.SecurityHandler.handle(SecurityHandler.java:548) [jetty-security-9.3.7.v20160115.jar:9.3.7.v20160115]
	at org.eclipse.jetty.server.session.SessionHandler.doHandle(SessionHandler.java:226) [jetty-server-9.3.7.v20160115.jar:9.3.7.v20160115]
	at org.eclipse.jetty.server.handler.ContextHandler.doHandle(ContextHandler.java:1158) [jetty-server-9.3.7.v20160115.jar:9.3.7.v20160115]
	at org.eclipse.jetty.servlet.ServletHandler.doScope(ServletHandler.java:511) [jetty-servlet-9.3.7.v20160115.jar:9.3.7.v20160115]
	at org.eclipse.jetty.server.session.SessionHandler.doScope(SessionHandler.java:185) [jetty-server-9.3.7.v20160115.jar:9.3.7.v20160115]
	at org.eclipse.jetty.server.handler.ContextHandler.doScope(ContextHandler.java:1090) [jetty-server-9.3.7.v20160115.jar:9.3.7.v20160115]
	at org.eclipse.jetty.server.handler.ScopedHandler.handle(ScopedHandler.java:141) [jetty-server-9.3.7.v20160115.jar:9.3.7.v20160115]
	at org.eclipse.jetty.server.handler.ContextHandlerCollection.handle(ContextHandlerCollection.java:213) [jetty-server-9.3.7.v20160115.jar:9.3.7.v20160115]
	at org.eclipse.jetty.server.handler.HandlerCollection.handle(HandlerCollection.java:109) [jetty-server-9.3.7.v20160115.jar:9.3.7.v20160115]
	at org.eclipse.jetty.server.handler.HandlerWrapper.handle(HandlerWrapper.java:119) [jetty-server-9.3.7.v20160115.jar:9.3.7.v20160115]
	at org.eclipse.jetty.server.Server.handle(Server.java:517) [jetty-server-9.3.7.v20160115.jar:9.3.7.v20160115]
	at org.eclipse.jetty.server.HttpChannel.handle(HttpChannel.java:308) [jetty-server-9.3.7.v20160115.jar:9.3.7.v20160115]
	at org.eclipse.jetty.server.HttpConnection.onFillable(HttpConnection.java:242) [jetty-server-9.3.7.v20160115.jar:9.3.7.v20160115]
	at org.eclipse.jetty.io.AbstractConnection$ReadCallback.succeeded(AbstractConnection.java:273) [jetty-io-9.3.7.v20160115.jar:9.3.7.v20160115]
	at org.eclipse.jetty.io.FillInterest.fillable(FillInterest.java:95) [jetty-io-9.3.7.v20160115.jar:9.3.7.v20160115]
	at org.eclipse.jetty.io.SelectChannelEndPoint$2.run(SelectChannelEndPoint.java:75) [jetty-io-9.3.7.v20160115.jar:9.3.7.v20160115]
	at org.eclipse.jetty.util.thread.strategy.ExecuteProduceConsume.produceAndRun(ExecuteProduceConsume.java:213) [jetty-util-9.3.7.v20160115.jar:9.3.7.v20160115]
	at org.eclipse.jetty.util.thread.strategy.ExecuteProduceConsume.run(ExecuteProduceConsume.java:147) [jetty-util-9.3.7.v20160115.jar:9.3.7.v20160115]
	at org.eclipse.jetty.util.thread.QueuedThreadPool.runJob(QueuedThreadPool.java:654) [jetty-util-9.3.7.v20160115.jar:9.3.7.v20160115]
	at org.eclipse.jetty.util.thread.QueuedThreadPool$3.run(QueuedThreadPool.java:572) [jetty-util-9.3.7.v20160115.jar:9.3.7.v20160115]
	at java.lang.Thread.run(Thread.java:745) [na:1.8.0_65]
Caused by: java.io.NotSerializableException: Unable to serialize JobDataMap for insertion into database because the value of property 'jobParam' is not serializable: com.icinfo.platform.quartz.dto.MyScheduleJobDto
	at org.quartz.impl.jdbcjobstore.StdJDBCDelegate.serializeJobData(StdJDBCDelegate.java:3083) ~[quartz-2.2.1.jar:na]
	at org.quartz.impl.jdbcjobstore.StdJDBCDelegate.insertJobDetail(StdJDBCDelegate.java:606) ~[quartz-2.2.1.jar:na]
	at org.quartz.impl.jdbcjobstore.JobStoreSupport.storeJob(JobStoreSupport.java:1112) ~[quartz-2.2.1.jar:na]
	... 56 common frames omitted
2017-07-26 13:44:27,392 [qtp527848366-23] ERROR com.icinfo.platform.quartz.utils.MyScheduleUtils - 创建定时任务失败
org.quartz.JobPersistenceException: Couldn't store job: Unable to serialize JobDataMap for insertion into database because the value of property 'jobParam' is not serializable: com.icinfo.platform.quartz.dto.MyScheduleJobDto
	at org.quartz.impl.jdbcjobstore.JobStoreSupport.storeJob(JobStoreSupport.java:1115) ~[quartz-2.2.1.jar:na]
	at org.quartz.impl.jdbcjobstore.JobStoreSupport$2.executeVoid(JobStoreSupport.java:1062) ~[quartz-2.2.1.jar:na]
	at org.quartz.impl.jdbcjobstore.JobStoreSupport$VoidTransactionCallback.execute(JobStoreSupport.java:3703) ~[quartz-2.2.1.jar:na]
	at org.quartz.impl.jdbcjobstore.JobStoreSupport$VoidTransactionCallback.execute(JobStoreSupport.java:3701) ~[quartz-2.2.1.jar:na]
	at org.quartz.impl.jdbcjobstore.JobStoreCMT.executeInLock(JobStoreCMT.java:245) ~[quartz-2.2.1.jar:na]
	at org.quartz.impl.jdbcjobstore.JobStoreSupport.storeJobAndTrigger(JobStoreSupport.java:1058) ~[quartz-2.2.1.jar:na]
	at org.quartz.core.QuartzScheduler.scheduleJob(QuartzScheduler.java:886) ~[quartz-2.2.1.jar:na]
	at org.quartz.impl.StdScheduler.scheduleJob(StdScheduler.java:249) ~[quartz-2.2.1.jar:na]
	at com.icinfo.platform.quartz.utils.MyScheduleUtils.createScheduleJob(MyScheduleUtils.java:98) [classes/:na]
	at com.icinfo.platform.quartz.utils.MyScheduleUtils.createScheduleJob(MyScheduleUtils.java:61) [classes/:na]
	at com.icinfo.platform.quartz.service.impl.MyScheduleJobServiceImpl.insert(MyScheduleJobServiceImpl.java:60) [classes/:na]
	at com.icinfo.platform.quartz.controller.MyScheduleJobController.saveScheduleJob(MyScheduleJobController.java:108) [classes/:na]
	at sun.reflect.NativeMethodAccessorImpl.invoke0(Native Method) ~[na:1.8.0_65]
	at sun.reflect.NativeMethodAccessorImpl.invoke(NativeMethodAccessorImpl.java:62) ~[na:1.8.0_65]
	at sun.reflect.DelegatingMethodAccessorImpl.invoke(DelegatingMethodAccessorImpl.java:43) ~[na:1.8.0_65]
	at java.lang.reflect.Method.invoke(Method.java:497) ~[na:1.8.0_65]
	at org.springframework.web.method.support.InvocableHandlerMethod.doInvoke(InvocableHandlerMethod.java:221) [spring-web-4.2.9.RELEASE.jar:4.2.9.RELEASE]
	at org.springframework.web.method.support.InvocableHandlerMethod.invokeForRequest(InvocableHandlerMethod.java:136) [spring-web-4.2.9.RELEASE.jar:4.2.9.RELEASE]
	at org.springframework.web.servlet.mvc.method.annotation.ServletInvocableHandlerMethod.invokeAndHandle(ServletInvocableHandlerMethod.java:110) [spring-webmvc-4.2.9.RELEASE.jar:4.2.9.RELEASE]
	at org.springframework.web.servlet.mvc.method.annotation.RequestMappingHandlerAdapter.invokeHandlerMethod(RequestMappingHandlerAdapter.java:832) [spring-webmvc-4.2.9.RELEASE.jar:4.2.9.RELEASE]
	at org.springframework.web.servlet.mvc.method.annotation.RequestMappingHandlerAdapter.handleInternal(RequestMappingHandlerAdapter.java:743) [spring-webmvc-4.2.9.RELEASE.jar:4.2.9.RELEASE]
	at org.springframework.web.servlet.mvc.method.AbstractHandlerMethodAdapter.handle(AbstractHandlerMethodAdapter.java:85) [spring-webmvc-4.2.9.RELEASE.jar:4.2.9.RELEASE]
	at org.springframework.web.servlet.DispatcherServlet.doDispatch(DispatcherServlet.java:961) [spring-webmvc-4.2.9.RELEASE.jar:4.2.9.RELEASE]
	at org.springframework.web.servlet.DispatcherServlet.doService(DispatcherServlet.java:895) [spring-webmvc-4.2.9.RELEASE.jar:4.2.9.RELEASE]
	at org.springframework.web.servlet.FrameworkServlet.processRequest(FrameworkServlet.java:967) [spring-webmvc-4.2.9.RELEASE.jar:4.2.9.RELEASE]
	at org.springframework.web.servlet.FrameworkServlet.doPost(FrameworkServlet.java:869) [spring-webmvc-4.2.9.RELEASE.jar:4.2.9.RELEASE]
	at javax.servlet.http.HttpServlet.service(HttpServlet.java:707) [javax.servlet-api-3.1.0.jar:3.1.0]
	at org.springframework.web.servlet.FrameworkServlet.service(FrameworkServlet.java:843) [spring-webmvc-4.2.9.RELEASE.jar:4.2.9.RELEASE]
	at javax.servlet.http.HttpServlet.service(HttpServlet.java:790) [javax.servlet-api-3.1.0.jar:3.1.0]
	at org.eclipse.jetty.servlet.ServletHolder.handle(ServletHolder.java:835) [jetty-servlet-9.3.7.v20160115.jar:9.3.7.v20160115]
	at org.eclipse.jetty.servlet.ServletHandler$CachedChain.doFilter(ServletHandler.java:1685) [jetty-servlet-9.3.7.v20160115.jar:9.3.7.v20160115]
	at org.springframework.web.filter.CharacterEncodingFilter.doFilterInternal(CharacterEncodingFilter.java:121) [spring-web-4.2.9.RELEASE.jar:4.2.9.RELEASE]
	at org.springframework.web.filter.OncePerRequestFilter.doFilter(OncePerRequestFilter.java:107) [spring-web-4.2.9.RELEASE.jar:4.2.9.RELEASE]
	at org.eclipse.jetty.servlet.ServletHandler$CachedChain.doFilter(ServletHandler.java:1668) [jetty-servlet-9.3.7.v20160115.jar:9.3.7.v20160115]
	at org.eclipse.jetty.servlet.ServletHandler.doHandle(ServletHandler.java:581) [jetty-servlet-9.3.7.v20160115.jar:9.3.7.v20160115]
	at org.eclipse.jetty.server.handler.ScopedHandler.handle(ScopedHandler.java:143) [jetty-server-9.3.7.v20160115.jar:9.3.7.v20160115]
	at org.eclipse.jetty.security.SecurityHandler.handle(SecurityHandler.java:548) [jetty-security-9.3.7.v20160115.jar:9.3.7.v20160115]
	at org.eclipse.jetty.server.session.SessionHandler.doHandle(SessionHandler.java:226) [jetty-server-9.3.7.v20160115.jar:9.3.7.v20160115]
	at org.eclipse.jetty.server.handler.ContextHandler.doHandle(ContextHandler.java:1158) [jetty-server-9.3.7.v20160115.jar:9.3.7.v20160115]
	at org.eclipse.jetty.servlet.ServletHandler.doScope(ServletHandler.java:511) [jetty-servlet-9.3.7.v20160115.jar:9.3.7.v20160115]
	at org.eclipse.jetty.server.session.SessionHandler.doScope(SessionHandler.java:185) [jetty-server-9.3.7.v20160115.jar:9.3.7.v20160115]
	at org.eclipse.jetty.server.handler.ContextHandler.doScope(ContextHandler.java:1090) [jetty-server-9.3.7.v20160115.jar:9.3.7.v20160115]
	at org.eclipse.jetty.server.handler.ScopedHandler.handle(ScopedHandler.java:141) [jetty-server-9.3.7.v20160115.jar:9.3.7.v20160115]
	at org.eclipse.jetty.server.handler.ContextHandlerCollection.handle(ContextHandlerCollection.java:213) [jetty-server-9.3.7.v20160115.jar:9.3.7.v20160115]
	at org.eclipse.jetty.server.handler.HandlerCollection.handle(HandlerCollection.java:109) [jetty-server-9.3.7.v20160115.jar:9.3.7.v20160115]
	at org.eclipse.jetty.server.handler.HandlerWrapper.handle(HandlerWrapper.java:119) [jetty-server-9.3.7.v20160115.jar:9.3.7.v20160115]
	at org.eclipse.jetty.server.Server.handle(Server.java:517) [jetty-server-9.3.7.v20160115.jar:9.3.7.v20160115]
	at org.eclipse.jetty.server.HttpChannel.handle(HttpChannel.java:308) [jetty-server-9.3.7.v20160115.jar:9.3.7.v20160115]
	at org.eclipse.jetty.server.HttpConnection.onFillable(HttpConnection.java:242) [jetty-server-9.3.7.v20160115.jar:9.3.7.v20160115]
	at org.eclipse.jetty.io.AbstractConnection$ReadCallback.succeeded(AbstractConnection.java:273) [jetty-io-9.3.7.v20160115.jar:9.3.7.v20160115]
	at org.eclipse.jetty.io.FillInterest.fillable(FillInterest.java:95) [jetty-io-9.3.7.v20160115.jar:9.3.7.v20160115]
	at org.eclipse.jetty.io.SelectChannelEndPoint$2.run(SelectChannelEndPoint.java:75) [jetty-io-9.3.7.v20160115.jar:9.3.7.v20160115]
	at org.eclipse.jetty.util.thread.strategy.ExecuteProduceConsume.produceAndRun(ExecuteProduceConsume.java:213) [jetty-util-9.3.7.v20160115.jar:9.3.7.v20160115]
	at org.eclipse.jetty.util.thread.strategy.ExecuteProduceConsume.run(ExecuteProduceConsume.java:147) [jetty-util-9.3.7.v20160115.jar:9.3.7.v20160115]
	at org.eclipse.jetty.util.thread.QueuedThreadPool.runJob(QueuedThreadPool.java:654) [jetty-util-9.3.7.v20160115.jar:9.3.7.v20160115]
	at org.eclipse.jetty.util.thread.QueuedThreadPool$3.run(QueuedThreadPool.java:572) [jetty-util-9.3.7.v20160115.jar:9.3.7.v20160115]
	at java.lang.Thread.run(Thread.java:745) [na:1.8.0_65]
Caused by: java.io.NotSerializableException: Unable to serialize JobDataMap for insertion into database because the value of property 'jobParam' is not serializable: com.icinfo.platform.quartz.dto.MyScheduleJobDto
	at org.quartz.impl.jdbcjobstore.StdJDBCDelegate.serializeJobData(StdJDBCDelegate.java:3083) ~[quartz-2.2.1.jar:na]
	at org.quartz.impl.jdbcjobstore.StdJDBCDelegate.insertJobDetail(StdJDBCDelegate.java:606) ~[quartz-2.2.1.jar:na]
	at org.quartz.impl.jdbcjobstore.JobStoreSupport.storeJob(JobStoreSupport.java:1112) ~[quartz-2.2.1.jar:na]
	... 56 common frames omitted
2017-07-26 15:34:59,235 [ClusterScheduler_Worker-8] INFO  com.icinfo.platform.quartz.factory.MySyncJobFactory - SyncJobFactory execute
2017-07-26 15:35:00,289 [ClusterScheduler_Worker-10] INFO  com.icinfo.platform.quartz.factory.MySyncJobFactory - SyncJobFactory execute
2017-07-26 15:35:39,579 [ClusterScheduler_Worker-11] INFO  com.icinfo.platform.quartz.factory.MySyncJobFactory - SyncJobFactory execute
2017-07-26 15:35:39,721 [ClusterScheduler_Worker-12] INFO  com.icinfo.platform.quartz.factory.MySyncJobFactory - SyncJobFactory execute
2017-07-26 15:35:59,055 [ClusterScheduler_Worker-13] INFO  com.icinfo.platform.quartz.factory.MySyncJobFactory - SyncJobFactory execute
2017-07-26 15:36:00,054 [ClusterScheduler_Worker-14] INFO  com.icinfo.platform.quartz.factory.MySyncJobFactory - SyncJobFactory execute
2017-07-26 15:36:59,054 [ClusterScheduler_Worker-15] INFO  com.icinfo.platform.quartz.factory.MySyncJobFactory - SyncJobFactory execute
2017-07-26 15:37:00,069 [ClusterScheduler_Worker-16] INFO  com.icinfo.platform.quartz.factory.MySyncJobFactory - SyncJobFactory execute
2017-07-26 15:37:59,190 [ClusterScheduler_Worker-19] INFO  com.icinfo.platform.quartz.factory.MySyncJobFactory - SyncJobFactory execute
2017-07-26 15:38:00,192 [ClusterScheduler_Worker-1] INFO  com.icinfo.platform.quartz.factory.MySyncJobFactory - SyncJobFactory execute
2017-07-26 15:38:59,126 [ClusterScheduler_Worker-3] INFO  com.icinfo.platform.quartz.factory.MySyncJobFactory - SyncJobFactory execute
2017-07-26 15:39:00,195 [ClusterScheduler_Worker-5] INFO  com.icinfo.platform.quartz.factory.MySyncJobFactory - SyncJobFactory execute
2017-07-26 15:39:59,180 [ClusterScheduler_Worker-7] INFO  com.icinfo.platform.quartz.factory.MySyncJobFactory - SyncJobFactory execute
2017-07-26 15:40:00,837 [ClusterScheduler_Worker-9] INFO  com.icinfo.platform.quartz.factory.MySyncJobFactory - SyncJobFactory execute
2017-07-26 15:40:59,166 [ClusterScheduler_Worker-11] INFO  com.icinfo.platform.quartz.factory.MySyncJobFactory - SyncJobFactory execute
2017-07-26 15:41:00,166 [ClusterScheduler_Worker-13] INFO  com.icinfo.platform.quartz.factory.MySyncJobFactory - SyncJobFactory execute
2017-07-26 15:41:59,115 [ClusterScheduler_Worker-15] INFO  com.icinfo.platform.quartz.factory.MySyncJobFactory - SyncJobFactory execute
2017-07-26 15:42:00,222 [ClusterScheduler_Worker-17] INFO  com.icinfo.platform.quartz.factory.MySyncJobFactory - SyncJobFactory execute
2017-07-26 15:42:59,142 [ClusterScheduler_Worker-19] INFO  com.icinfo.platform.quartz.factory.MySyncJobFactory - SyncJobFactory execute
2017-07-26 15:43:00,179 [ClusterScheduler_Worker-1] INFO  com.icinfo.platform.quartz.factory.MySyncJobFactory - SyncJobFactory execute
2017-07-26 15:43:59,201 [ClusterScheduler_Worker-3] INFO  com.icinfo.platform.quartz.factory.MySyncJobFactory - SyncJobFactory execute
2017-07-26 15:44:00,186 [ClusterScheduler_Worker-5] INFO  com.icinfo.platform.quartz.factory.MySyncJobFactory - SyncJobFactory execute
2017-07-26 15:45:21,329 [ClusterScheduler_Worker-2] INFO  com.icinfo.platform.quartz.factory.MySyncJobFactory - SyncJobFactory execute
2017-07-26 15:45:21,518 [ClusterScheduler_Worker-4] INFO  com.icinfo.platform.quartz.factory.MySyncJobFactory - SyncJobFactory execute
2017-07-26 15:45:59,222 [ClusterScheduler_Worker-6] INFO  com.icinfo.platform.quartz.factory.MySyncJobFactory - SyncJobFactory execute
2017-07-26 15:46:00,377 [ClusterScheduler_Worker-8] INFO  com.icinfo.platform.quartz.factory.MySyncJobFactory - SyncJobFactory execute
2017-07-26 15:47:25,460 [ClusterScheduler_Worker-2] INFO  com.icinfo.platform.quartz.factory.MySyncJobFactory - SyncJobFactory execute
2017-07-26 15:47:27,117 [ClusterScheduler_Worker-4] INFO  com.icinfo.platform.quartz.factory.MySyncJobFactory - SyncJobFactory execute
2017-07-26 15:47:59,126 [ClusterScheduler_Worker-6] INFO  com.icinfo.platform.quartz.factory.MySyncJobFactory - SyncJobFactory execute
2017-07-26 15:48:00,184 [ClusterScheduler_Worker-8] INFO  com.icinfo.platform.quartz.factory.MySyncJobFactory - SyncJobFactory execute
2017-07-26 15:52:56,583 [ClusterScheduler_Worker-2] INFO  com.icinfo.platform.quartz.factory.MySyncJobFactory - SyncJobFactory execute
2017-07-26 15:53:01,298 [ClusterScheduler_Worker-4] INFO  com.icinfo.platform.quartz.factory.MySyncJobFactory - SyncJobFactory execute
2017-07-26 15:53:02,547 [ClusterScheduler_Worker-6] INFO  com.icinfo.platform.quartz.factory.MySyncJobFactory - SyncJobFactory execute
2017-07-26 15:53:59,221 [ClusterScheduler_Worker-8] INFO  com.icinfo.platform.quartz.factory.MySyncJobFactory - SyncJobFactory execute
2017-07-26 15:54:00,259 [ClusterScheduler_Worker-10] INFO  com.icinfo.platform.quartz.factory.MySyncJobFactory - SyncJobFactory execute
2017-07-26 15:54:59,105 [ClusterScheduler_Worker-12] INFO  com.icinfo.platform.quartz.factory.MySyncJobFactory - SyncJobFactory execute
2017-07-26 15:55:00,163 [ClusterScheduler_Worker-14] INFO  com.icinfo.platform.quartz.factory.MySyncJobFactory - SyncJobFactory execute
2017-07-26 15:55:59,162 [ClusterScheduler_Worker-16] INFO  com.icinfo.platform.quartz.factory.MySyncJobFactory - SyncJobFactory execute
2017-07-26 15:56:00,179 [ClusterScheduler_Worker-18] INFO  com.icinfo.platform.quartz.factory.MySyncJobFactory - SyncJobFactory execute
2017-07-26 15:56:59,196 [ClusterScheduler_Worker-20] INFO  com.icinfo.platform.quartz.factory.MySyncJobFactory - SyncJobFactory execute
2017-07-26 15:57:00,220 [ClusterScheduler_Worker-2] INFO  com.icinfo.platform.quartz.factory.MySyncJobFactory - SyncJobFactory execute
2017-07-26 15:58:22,236 [ClusterScheduler_Worker-4] INFO  com.icinfo.platform.quartz.factory.MySyncJobFactory - SyncJobFactory execute
2017-07-26 15:58:29,944 [ClusterScheduler_Worker-6] INFO  com.icinfo.platform.quartz.factory.MySyncJobFactory - SyncJobFactory execute
2017-07-26 15:58:59,110 [ClusterScheduler_Worker-8] INFO  com.icinfo.platform.quartz.factory.MySyncJobFactory - SyncJobFactory execute
2017-07-26 15:59:00,170 [ClusterScheduler_Worker-10] INFO  com.icinfo.platform.quartz.factory.MySyncJobFactory - SyncJobFactory execute
2017-07-26 15:59:59,138 [ClusterScheduler_Worker-12] INFO  com.icinfo.platform.quartz.factory.MySyncJobFactory - SyncJobFactory execute
2017-07-26 16:00:00,161 [ClusterScheduler_Worker-14] INFO  com.icinfo.platform.quartz.factory.MySyncJobFactory - SyncJobFactory execute
2017-07-26 16:00:59,168 [ClusterScheduler_Worker-16] INFO  com.icinfo.platform.quartz.factory.MySyncJobFactory - SyncJobFactory execute
2017-07-26 16:01:00,191 [ClusterScheduler_Worker-18] INFO  com.icinfo.platform.quartz.factory.MySyncJobFactory - SyncJobFactory execute
2017-07-26 16:01:59,183 [ClusterScheduler_Worker-20] INFO  com.icinfo.platform.quartz.factory.MySyncJobFactory - SyncJobFactory execute
2017-07-26 16:02:00,150 [ClusterScheduler_Worker-2] INFO  com.icinfo.platform.quartz.factory.MySyncJobFactory - SyncJobFactory execute
2017-07-26 16:02:59,178 [ClusterScheduler_Worker-5] INFO  com.icinfo.platform.quartz.factory.MySyncJobFactory - SyncJobFactory execute
2017-07-26 16:03:00,157 [ClusterScheduler_Worker-6] INFO  com.icinfo.platform.quartz.factory.MySyncJobFactory - SyncJobFactory execute
2017-07-26 16:11:00,591 [ClusterScheduler_Worker-2] INFO  com.icinfo.platform.quartz.factory.MySyncJobFactory - SyncJobFactory execute
2017-07-26 16:11:00,920 [ClusterScheduler_Worker-4] INFO  com.icinfo.platform.quartz.factory.MySyncJobFactory - SyncJobFactory execute
2017-07-26 16:11:59,209 [ClusterScheduler_Worker-6] INFO  com.icinfo.platform.quartz.factory.MySyncJobFactory - SyncJobFactory execute
2017-07-26 16:12:00,236 [ClusterScheduler_Worker-8] INFO  com.icinfo.platform.quartz.factory.MySyncJobFactory - SyncJobFactory execute
2017-07-26 16:12:59,177 [ClusterScheduler_Worker-10] INFO  com.icinfo.platform.quartz.factory.MySyncJobFactory - SyncJobFactory execute
2017-07-26 16:13:00,143 [ClusterScheduler_Worker-12] INFO  com.icinfo.platform.quartz.factory.MySyncJobFactory - SyncJobFactory execute
2017-07-26 16:13:59,902 [ClusterScheduler_Worker-14] INFO  com.icinfo.platform.quartz.factory.MySyncJobFactory - SyncJobFactory execute
2017-07-26 16:14:00,963 [ClusterScheduler_Worker-16] INFO  com.icinfo.platform.quartz.factory.MySyncJobFactory - SyncJobFactory execute
2017-07-26 16:14:59,292 [ClusterScheduler_Worker-18] INFO  com.icinfo.platform.quartz.factory.MySyncJobFactory - SyncJobFactory execute
2017-07-26 16:15:00,372 [ClusterScheduler_Worker-20] INFO  com.icinfo.platform.quartz.factory.MySyncJobFactory - SyncJobFactory execute
2017-07-26 16:15:59,621 [ClusterScheduler_Worker-2] INFO  com.icinfo.platform.quartz.factory.MySyncJobFactory - SyncJobFactory execute
2017-07-26 16:16:00,616 [ClusterScheduler_Worker-4] INFO  com.icinfo.platform.quartz.factory.MySyncJobFactory - SyncJobFactory execute
2017-07-26 16:16:59,217 [ClusterScheduler_Worker-6] INFO  com.icinfo.platform.quartz.factory.MySyncJobFactory - SyncJobFactory execute
2017-07-26 16:17:01,387 [ClusterScheduler_Worker-8] INFO  com.icinfo.platform.quartz.factory.MySyncJobFactory - SyncJobFactory execute
2017-07-26 16:17:59,154 [ClusterScheduler_Worker-10] INFO  com.icinfo.platform.quartz.factory.MySyncJobFactory - SyncJobFactory execute
2017-07-26 16:18:00,156 [ClusterScheduler_Worker-12] INFO  com.icinfo.platform.quartz.factory.MySyncJobFactory - SyncJobFactory execute
2017-07-26 16:18:59,200 [ClusterScheduler_Worker-14] INFO  com.icinfo.platform.quartz.factory.MySyncJobFactory - SyncJobFactory execute
2017-07-26 16:19:00,203 [ClusterScheduler_Worker-16] INFO  com.icinfo.platform.quartz.factory.MySyncJobFactory - SyncJobFactory execute
2017-07-26 16:19:59,127 [ClusterScheduler_Worker-18] INFO  com.icinfo.platform.quartz.factory.MySyncJobFactory - SyncJobFactory execute
2017-07-26 16:20:00,106 [ClusterScheduler_Worker-20] INFO  com.icinfo.platform.quartz.factory.MySyncJobFactory - SyncJobFactory execute
2017-07-26 16:20:59,115 [ClusterScheduler_Worker-2] INFO  com.icinfo.platform.quartz.factory.MySyncJobFactory - SyncJobFactory execute
2017-07-26 16:21:00,412 [ClusterScheduler_Worker-4] INFO  com.icinfo.platform.quartz.factory.MySyncJobFactory - SyncJobFactory execute
2017-07-26 16:21:59,367 [ClusterScheduler_Worker-6] INFO  com.icinfo.platform.quartz.factory.MySyncJobFactory - SyncJobFactory execute
2017-07-26 16:22:00,360 [ClusterScheduler_Worker-8] INFO  com.icinfo.platform.quartz.factory.MySyncJobFactory - SyncJobFactory execute
2017-07-26 16:22:59,139 [ClusterScheduler_Worker-10] INFO  com.icinfo.platform.quartz.factory.MySyncJobFactory - SyncJobFactory execute
2017-07-26 16:23:00,459 [ClusterScheduler_Worker-12] INFO  com.icinfo.platform.quartz.factory.MySyncJobFactory - SyncJobFactory execute
2017-07-26 16:23:59,393 [ClusterScheduler_Worker-14] INFO  com.icinfo.platform.quartz.factory.MySyncJobFactory - SyncJobFactory execute
2017-07-26 16:24:00,518 [ClusterScheduler_Worker-16] INFO  com.icinfo.platform.quartz.factory.MySyncJobFactory - SyncJobFactory execute
2017-07-26 16:25:01,353 [ClusterScheduler_Worker-18] INFO  com.icinfo.platform.quartz.factory.MySyncJobFactory - SyncJobFactory execute
2017-07-26 16:25:04,113 [ClusterScheduler_Worker-20] INFO  com.icinfo.platform.quartz.factory.MySyncJobFactory - SyncJobFactory execute
2017-07-26 16:25:59,201 [ClusterScheduler_Worker-2] INFO  com.icinfo.platform.quartz.factory.MySyncJobFactory - SyncJobFactory execute
2017-07-26 16:26:00,131 [ClusterScheduler_Worker-4] INFO  com.icinfo.platform.quartz.factory.MySyncJobFactory - SyncJobFactory execute
2017-07-26 16:26:59,130 [ClusterScheduler_Worker-6] INFO  com.icinfo.platform.quartz.factory.MySyncJobFactory - SyncJobFactory execute
2017-07-26 16:27:00,250 [ClusterScheduler_Worker-8] INFO  com.icinfo.platform.quartz.factory.MySyncJobFactory - SyncJobFactory execute
2017-07-26 16:27:59,180 [ClusterScheduler_Worker-10] INFO  com.icinfo.platform.quartz.factory.MySyncJobFactory - SyncJobFactory execute
2017-07-26 16:28:00,305 [ClusterScheduler_Worker-12] INFO  com.icinfo.platform.quartz.factory.MySyncJobFactory - SyncJobFactory execute
2017-07-26 16:28:59,642 [ClusterScheduler_Worker-14] INFO  com.icinfo.platform.quartz.factory.MySyncJobFactory - SyncJobFactory execute
2017-07-26 16:29:01,083 [ClusterScheduler_Worker-16] INFO  com.icinfo.platform.quartz.factory.MySyncJobFactory - SyncJobFactory execute
2017-07-26 16:29:59,208 [ClusterScheduler_Worker-18] INFO  com.icinfo.platform.quartz.factory.MySyncJobFactory - SyncJobFactory execute
2017-07-26 16:30:00,337 [ClusterScheduler_Worker-20] INFO  com.icinfo.platform.quartz.factory.MySyncJobFactory - SyncJobFactory execute
2017-07-26 16:30:59,302 [ClusterScheduler_Worker-2] INFO  com.icinfo.platform.quartz.factory.MySyncJobFactory - SyncJobFactory execute
2017-07-26 16:31:00,332 [ClusterScheduler_Worker-4] INFO  com.icinfo.platform.quartz.factory.MySyncJobFactory - SyncJobFactory execute
2017-07-26 16:31:59,586 [ClusterScheduler_Worker-6] INFO  com.icinfo.platform.quartz.factory.MySyncJobFactory - SyncJobFactory execute
2017-07-26 16:32:02,329 [ClusterScheduler_Worker-8] INFO  com.icinfo.platform.quartz.factory.MySyncJobFactory - SyncJobFactory execute
