2017-07-25 11:32:14,055 [main] INFO  org.springframework.web.context.ContextLoader - Root WebApplicationContext: initialization started
2017-07-25 11:32:14,590 [main] INFO  org.springframework.web.context.support.XmlWebApplicationContext - Refreshing Root WebApplicationContext: startup date [Tue Jul 25 11:32:14 CST 2017]; root of context hierarchy
2017-07-25 11:32:14,647 [main] INFO  org.springframework.beans.factory.xml.XmlBeanDefinitionReader - Loading XML bean definitions from class path resource [entry/dev/spring-entry.xml]
2017-07-25 11:32:15,004 [main] INFO  org.springframework.beans.factory.xml.XmlBeanDefinitionReader - Loading XML bean definitions from class path resource [spring.xml]
2017-07-25 11:32:15,810 [main] INFO  org.springframework.beans.factory.config.PropertyPlaceholderConfigurer - Loading properties file from class path resource [entry/dev/spring.properties]
2017-07-25 11:32:15,811 [main] INFO  org.springframework.beans.factory.config.PropertyPlaceholderConfigurer - Loading properties file from class path resource [entry/dev/oss.properties]
2017-07-25 11:32:15,820 [main] INFO  org.springframework.beans.factory.annotation.AutowiredAnnotationBeanPostProcessor - JSR-330 'javax.inject.Inject' annotation found and supported for autowiring
2017-07-25 11:32:22,678 [main] INFO  org.quartz.impl.StdSchedulerFactory - Using default implementation for ThreadExecutor
2017-07-25 11:32:22,711 [main] INFO  org.quartz.core.SchedulerSignalerImpl - Initialized Scheduler Signaller of type: class org.quartz.core.SchedulerSignalerImpl
2017-07-25 11:32:22,713 [main] INFO  org.quartz.core.QuartzScheduler - Quartz Scheduler v.2.2.1 created.
2017-07-25 11:32:22,731 [main] INFO  org.springframework.scheduling.quartz.LocalDataSourceJobStore - Using db table-based data access locking (synchronization).
2017-07-25 11:32:22,735 [main] INFO  org.springframework.scheduling.quartz.LocalDataSourceJobStore - JobStoreCMT initialized.
2017-07-25 11:32:22,735 [main] INFO  org.quartz.core.QuartzScheduler - Scheduler meta-data: Quartz Scheduler (v2.2.1) 'ClusterScheduler' with instanceId 'RD4H1OJHK52Y32T1500953542683'
  Scheduler class: 'org.quartz.core.QuartzScheduler' - running locally.
  NOT STARTED.
  Currently in standby mode.
  Number of jobs executed: 0
  Using thread pool 'org.quartz.simpl.SimpleThreadPool' - with 20 threads.
  Using job-store 'org.springframework.scheduling.quartz.LocalDataSourceJobStore' - which supports persistence. and is clustered.

2017-07-25 11:32:22,736 [main] INFO  org.quartz.impl.StdSchedulerFactory - Quartz scheduler 'ClusterScheduler' initialized from an externally provided properties instance.
2017-07-25 11:32:22,736 [main] INFO  org.quartz.impl.StdSchedulerFactory - Quartz scheduler version: 2.2.1
2017-07-25 11:32:22,738 [main] INFO  org.quartz.core.QuartzScheduler - JobFactory set to: org.springframework.scheduling.quartz.AdaptableJobFactory@153ce630
2017-07-25 11:32:22,741 [main] INFO  org.springframework.context.support.DefaultLifecycleProcessor - Starting beans in phase 2147483647
2017-07-25 11:32:22,741 [main] INFO  org.springframework.scheduling.quartz.SchedulerFactoryBean - Will start Quartz Scheduler [ClusterScheduler] in 30 seconds
2017-07-25 11:32:22,749 [main] INFO  org.springframework.web.context.ContextLoader - Root WebApplicationContext: initialization completed in 8631 ms
2017-07-25 11:32:52,743 [Quartz Scheduler [ClusterScheduler]] INFO  org.springframework.scheduling.quartz.SchedulerFactoryBean - Starting Quartz Scheduler now, after delay of 30 seconds
2017-07-25 11:32:58,117 [Quartz Scheduler [ClusterScheduler]] INFO  org.springframework.scheduling.quartz.LocalDataSourceJobStore - ClusterManager: detected 1 failed or restarted instances.
2017-07-25 11:32:58,118 [Quartz Scheduler [ClusterScheduler]] INFO  org.springframework.scheduling.quartz.LocalDataSourceJobStore - ClusterManager: Scanning for instance "RD4H1OJHK52Y32T1500886378608"'s failed in-progress jobs.
2017-07-25 11:32:59,212 [Quartz Scheduler [ClusterScheduler]] INFO  org.quartz.core.QuartzScheduler - Scheduler ClusterScheduler_$_RD4H1OJHK52Y32T1500953542683 started.
2017-07-25 11:33:38,024 [qtp1412764055-20] INFO  org.springframework.web.servlet.DispatcherServlet - FrameworkServlet 'spring': initialization started
2017-07-25 11:33:38,030 [qtp1412764055-20] INFO  org.springframework.web.context.support.XmlWebApplicationContext - Refreshing WebApplicationContext for namespace 'spring-servlet': startup date [Tue Jul 25 11:33:38 CST 2017]; parent: Root WebApplicationContext
2017-07-25 11:33:38,031 [qtp1412764055-20] INFO  org.springframework.beans.factory.xml.XmlBeanDefinitionReader - Loading XML bean definitions from class path resource [spring-mvc.xml]
2017-07-25 11:33:38,261 [qtp1412764055-20] INFO  org.springframework.beans.factory.annotation.AutowiredAnnotationBeanPostProcessor - JSR-330 'javax.inject.Inject' annotation found and supported for autowiring
2017-07-25 11:33:38,846 [qtp1412764055-20] INFO  org.springframework.web.servlet.handler.SimpleUrlHandlerMapping - Mapped URL path [/**] onto handler 'org.springframework.web.servlet.resource.DefaultServletHttpRequestHandler#0'
2017-07-25 11:33:38,895 [qtp1412764055-20] INFO  org.springframework.web.servlet.handler.SimpleUrlHandlerMapping - Root mapping to handler of type [class org.springframework.web.servlet.mvc.ParameterizableViewController]
2017-07-25 11:33:38,921 [qtp1412764055-20] INFO  org.springframework.web.servlet.handler.SimpleUrlHandlerMapping - Mapped URL path [/css/**] onto handler 'org.springframework.web.servlet.resource.ResourceHttpRequestHandler#0'
2017-07-25 11:33:38,923 [qtp1412764055-20] INFO  org.springframework.web.servlet.handler.SimpleUrlHandlerMapping - Mapped URL path [/js/lib/**] onto handler 'org.springframework.web.servlet.resource.ResourceHttpRequestHandler#1'
2017-07-25 11:33:38,925 [qtp1412764055-20] INFO  org.springframework.web.servlet.handler.SimpleUrlHandlerMapping - Mapped URL path [/js/**] onto handler 'org.springframework.web.servlet.resource.ResourceHttpRequestHandler#2'
2017-07-25 11:33:38,927 [qtp1412764055-20] INFO  org.springframework.web.servlet.handler.SimpleUrlHandlerMapping - Mapped URL path [/img/**] onto handler 'org.springframework.web.servlet.resource.ResourceHttpRequestHandler#3'
2017-07-25 11:33:39,156 [qtp1412764055-20] INFO  org.springframework.web.servlet.mvc.method.annotation.RequestMappingHandlerMapping - Mapped "{[/admin/application/tolist],methods=[GET]}" onto public java.lang.String com.icinfo.platform.application.controller.admin.ApplicationController.toList(org.springframework.ui.Model) throws java.lang.Exception
2017-07-25 11:33:39,158 [qtp1412764055-20] INFO  org.springframework.web.servlet.mvc.method.annotation.RequestMappingHandlerMapping - Mapped "{[/admin/application/toadd],methods=[GET]}" onto public java.lang.String com.icinfo.platform.application.controller.admin.ApplicationController.toAdd() throws java.lang.Exception
2017-07-25 11:33:39,158 [qtp1412764055-20] INFO  org.springframework.web.servlet.mvc.method.annotation.RequestMappingHandlerMapping - Mapped "{[/admin/application/addoredit],methods=[POST]}" onto public java.lang.String com.icinfo.platform.application.controller.admin.ApplicationController.addOrEdit(com.icinfo.platform.application.model.Application,org.springframework.web.multipart.commons.CommonsMultipartFile) throws java.lang.Exception
2017-07-25 11:33:39,159 [qtp1412764055-20] INFO  org.springframework.web.servlet.mvc.method.annotation.RequestMappingHandlerMapping - Mapped "{[/client/application/toshowlist],methods=[GET]}" onto public java.lang.String com.icinfo.platform.application.controller.client.ApplicationController.toShowList(org.springframework.ui.Model) throws java.lang.Exception
2017-07-25 11:33:39,164 [qtp1412764055-20] INFO  org.springframework.web.servlet.mvc.method.annotation.RequestMappingHandlerMapping - Mapped "{[/admin/base/verf],methods=[GET],produces=[application/json]}" onto public com.icinfo.platform.common.bean.AjaxResponse<java.lang.String> com.icinfo.platform.business.controller.admin.BaseInfoController.verf(java.lang.String) throws java.lang.Exception
2017-07-25 11:33:39,165 [qtp1412764055-20] INFO  org.springframework.web.servlet.mvc.method.annotation.RequestMappingHandlerMapping - Mapped "{[/admin/base/readarealist],methods=[GET],produces=[application/json]}" onto public com.icinfo.platform.common.bean.AjaxResponse<java.util.List<com.icinfo.platform.business.model.BaseInfoArea>> com.icinfo.platform.business.controller.admin.BaseInfoController.readAreaList() throws java.lang.Exception
2017-07-25 11:33:39,175 [qtp1412764055-20] INFO  org.springframework.web.servlet.mvc.method.annotation.RequestMappingHandlerMapping - Mapped "{[/admin/college/tolist],methods=[GET]}" onto public java.lang.String com.icinfo.platform.business.controller.admin.CollegeController.toList() throws java.lang.Exception
2017-07-25 11:33:39,176 [qtp1412764055-20] INFO  org.springframework.web.servlet.mvc.method.annotation.RequestMappingHandlerMapping - Mapped "{[/admin/college/toaddoredit],methods=[GET]}" onto public java.lang.String com.icinfo.platform.business.controller.admin.CollegeController.toAddOrEdit() throws java.lang.Exception
2017-07-25 11:33:39,177 [qtp1412764055-20] INFO  org.springframework.web.servlet.mvc.method.annotation.RequestMappingHandlerMapping - Mapped "{[/admin/college/readlistbycode],methods=[GET]}" onto public com.icinfo.platform.common.bean.AjaxResponse<java.util.List<com.icinfo.platform.business.model.College>> com.icinfo.platform.business.controller.admin.CollegeController.readListByCode(java.lang.String) throws java.lang.Exception
2017-07-25 11:33:39,179 [qtp1412764055-20] INFO  org.springframework.web.servlet.mvc.method.annotation.RequestMappingHandlerMapping - Mapped "{[/admin/invoke/process],methods=[GET],produces=[application/json;charset=UTF-8]}" onto public com.icinfo.platform.common.bean.AjaxResponse com.icinfo.platform.business.controller.admin.InvokeController.process(java.util.Map<java.lang.String, java.lang.Object>) throws java.lang.Exception
2017-07-25 11:33:39,186 [qtp1412764055-20] INFO  org.springframework.web.servlet.mvc.method.annotation.RequestMappingHandlerMapping - Mapped "{[/page/{path}/{file}]}" onto public java.lang.String com.icinfo.platform.common.controller.CommonController.page(java.lang.String,java.lang.String)
2017-07-25 11:33:39,187 [qtp1412764055-20] INFO  org.springframework.web.servlet.mvc.method.annotation.RequestMappingHandlerMapping - Mapped "{[/page/{module}/{path}/{file}]}" onto public java.lang.String com.icinfo.platform.common.controller.CommonController.page(java.lang.String,java.lang.String,java.lang.String)
2017-07-25 11:33:39,191 [qtp1412764055-20] INFO  org.springframework.web.servlet.mvc.method.annotation.RequestMappingHandlerMapping - Mapped "{[/admin/image/delete/{id}],methods=[POST]}" onto public com.icinfo.platform.common.bean.AjaxResponse<java.lang.Boolean> com.icinfo.platform.image.controller.admin.ImageController.delete(java.lang.String,javax.servlet.http.HttpServletRequest) throws java.lang.Exception
2017-07-25 11:33:39,192 [qtp1412764055-20] INFO  org.springframework.web.servlet.mvc.method.annotation.RequestMappingHandlerMapping - Mapped "{[/admin/image/list],methods=[GET]}" onto public java.lang.String com.icinfo.platform.image.controller.admin.ImageController.list(org.springframework.ui.Model) throws java.lang.Exception
2017-07-25 11:33:39,192 [qtp1412764055-20] INFO  org.springframework.web.servlet.mvc.method.annotation.RequestMappingHandlerMapping - Mapped "{[/admin/image/addoredit],methods=[POST]}" onto public java.lang.String com.icinfo.platform.image.controller.admin.ImageController.addOrEdit(javax.servlet.http.HttpServletRequest,org.springframework.ui.Model,com.icinfo.platform.image.model.Image,org.springframework.web.multipart.commons.CommonsMultipartFile,com.icinfo.platform.system.model.User) throws java.lang.Exception
2017-07-25 11:33:39,192 [qtp1412764055-20] INFO  org.springframework.web.servlet.mvc.method.annotation.RequestMappingHandlerMapping - Mapped "{[/admin/image/toaddoredit],methods=[GET]}" onto public java.lang.String com.icinfo.platform.image.controller.admin.ImageController.toAddOrEdit() throws java.lang.Exception
2017-07-25 11:33:39,195 [qtp1412764055-20] INFO  org.springframework.web.servlet.mvc.method.annotation.RequestMappingHandlerMapping - Mapped "{[/save-schedule-job],methods=[POST]}" onto public java.lang.String com.icinfo.platform.quartz.controller.ScheduleJobController.saveScheduleJob(com.icinfo.platform.quartz.vo.ScheduleJobVo)
2017-07-25 11:33:39,195 [qtp1412764055-20] INFO  org.springframework.web.servlet.mvc.method.annotation.RequestMappingHandlerMapping - Mapped "{[/list-schedule-job],methods=[GET]}" onto public java.lang.String com.icinfo.platform.quartz.controller.ScheduleJobController.listScheduleJob(org.springframework.ui.ModelMap)
2017-07-25 11:33:39,195 [qtp1412764055-20] INFO  org.springframework.web.servlet.mvc.method.annotation.RequestMappingHandlerMapping - Mapped "{[/pause-schedule-job],methods=[GET]}" onto public java.lang.String com.icinfo.platform.quartz.controller.ScheduleJobController.pauseScheduleJob(java.lang.Long)
2017-07-25 11:33:39,195 [qtp1412764055-20] INFO  org.springframework.web.servlet.mvc.method.annotation.RequestMappingHandlerMapping - Mapped "{[/input-schedule-job],methods=[GET]}" onto public java.lang.String com.icinfo.platform.quartz.controller.ScheduleJobController.inputScheduleJob(com.icinfo.platform.quartz.vo.ScheduleJobVo,org.springframework.ui.ModelMap)
2017-07-25 11:33:39,196 [qtp1412764055-20] INFO  org.springframework.web.servlet.mvc.method.annotation.RequestMappingHandlerMapping - Mapped "{[/delete-schedule-job],methods=[GET]}" onto public java.lang.String com.icinfo.platform.quartz.controller.ScheduleJobController.deleteScheduleJob(java.lang.Long)
2017-07-25 11:33:39,196 [qtp1412764055-20] INFO  org.springframework.web.servlet.mvc.method.annotation.RequestMappingHandlerMapping - Mapped "{[/run-once-schedule-job],methods=[GET]}" onto public java.lang.String com.icinfo.platform.quartz.controller.ScheduleJobController.runOnceScheduleJob(java.lang.Long)
2017-07-25 11:33:39,196 [qtp1412764055-20] INFO  org.springframework.web.servlet.mvc.method.annotation.RequestMappingHandlerMapping - Mapped "{[/resume-schedule-job],methods=[GET]}" onto public java.lang.String com.icinfo.platform.quartz.controller.ScheduleJobController.resumeScheduleJob(java.lang.Long)
2017-07-25 11:33:39,197 [qtp1412764055-20] INFO  org.springframework.web.servlet.mvc.method.annotation.RequestMappingHandlerMapping - Mapped "{[/client/captcha/generatecode],methods=[GET]}" onto public org.springframework.http.ResponseEntity<byte[]> com.icinfo.platform.system.controller.client.CaptchaController.generateCode(javax.servlet.http.HttpSession) throws java.lang.Exception
2017-07-25 11:33:39,199 [qtp1412764055-20] INFO  org.springframework.web.servlet.mvc.method.annotation.RequestMappingHandlerMapping - Mapped "{[/client/captcha/checkcode],methods=[GET]}" onto public boolean com.icinfo.platform.system.controller.client.CaptchaController.checkcode(java.lang.String,javax.servlet.http.HttpSession)
2017-07-25 11:33:39,200 [qtp1412764055-20] INFO  org.springframework.web.servlet.mvc.method.annotation.RequestMappingHandlerMapping - Mapped "{[/],methods=[GET]}" onto public java.lang.String com.icinfo.platform.system.controller.client.IndexController.index() throws java.lang.Exception
2017-07-25 11:33:39,201 [qtp1412764055-20] INFO  org.springframework.web.servlet.mvc.method.annotation.RequestMappingHandlerMapping - Mapped "{[/home],methods=[GET]}" onto public java.lang.String com.icinfo.platform.system.controller.client.IndexController.home() throws java.lang.Exception
2017-07-25 11:33:39,201 [qtp1412764055-20] INFO  org.springframework.web.servlet.mvc.method.annotation.RequestMappingHandlerMapping - Mapped "{[/testsend],methods=[GET]}" onto public com.icinfo.platform.common.bean.AjaxResult com.icinfo.platform.system.controller.client.IndexController.testSend() throws java.lang.Exception
2017-07-25 11:33:39,203 [qtp1412764055-20] INFO  org.springframework.web.servlet.mvc.method.annotation.RequestMappingHandlerMapping - Mapped "{[/client/login],methods=[POST]}" onto public com.icinfo.platform.common.bean.AjaxResponse<java.lang.Boolean> com.icinfo.platform.system.controller.client.LoginController.login(com.icinfo.platform.system.model.User,org.springframework.ui.Model) throws java.lang.Exception
2017-07-25 11:33:39,203 [qtp1412764055-20] INFO  org.springframework.web.servlet.mvc.method.annotation.RequestMappingHandlerMapping - Mapped "{[/client/toregister],methods=[GET]}" onto public java.lang.String com.icinfo.platform.system.controller.client.LoginController.toRegister() throws java.lang.Exception
2017-07-25 11:33:39,204 [qtp1412764055-20] INFO  org.springframework.web.servlet.mvc.method.annotation.RequestMappingHandlerMapping - Mapped "{[/client/tologin],methods=[GET]}" onto public java.lang.String com.icinfo.platform.system.controller.client.LoginController.toLogin() throws java.lang.Exception
2017-07-25 11:33:39,205 [qtp1412764055-20] INFO  org.springframework.web.servlet.mvc.method.annotation.RequestMappingHandlerMapping - Mapped "{[/client/user/save],methods=[POST],produces=[application/json]}" onto public com.icinfo.platform.common.bean.AjaxResponse<java.lang.Boolean> com.icinfo.platform.system.controller.client.UserController.save(com.icinfo.platform.system.model.User) throws java.lang.Exception
2017-07-25 11:33:39,208 [qtp1412764055-20] INFO  org.springframework.web.servlet.mvc.method.annotation.RequestMappingHandlerMapping - Mapped "{[/core/service],methods=[GET],produces=[application/xml;charset=UTF-8]}" onto public java.lang.String com.icinfo.platform.wechat.core.controller.CoreController.validate(javax.servlet.http.HttpServletRequest) throws java.lang.Exception
2017-07-25 11:33:39,209 [qtp1412764055-20] INFO  org.springframework.web.servlet.mvc.method.annotation.RequestMappingHandlerMapping - Mapped "{[/core/service],methods=[POST],produces=[application/xml;charset=UTF-8]}" onto public java.lang.String com.icinfo.platform.wechat.core.controller.CoreController.processMsg(javax.servlet.http.HttpServletRequest) throws java.lang.Exception
2017-07-25 11:33:40,082 [qtp1412764055-20] INFO  org.springframework.web.servlet.mvc.method.annotation.RequestMappingHandlerAdapter - Looking for @ControllerAdvice: WebApplicationContext for namespace 'spring-servlet': startup date [Tue Jul 25 11:33:38 CST 2017]; parent: Root WebApplicationContext
2017-07-25 11:33:40,201 [qtp1412764055-20] INFO  org.springframework.web.servlet.mvc.method.annotation.RequestMappingHandlerAdapter - Looking for @ControllerAdvice: WebApplicationContext for namespace 'spring-servlet': startup date [Tue Jul 25 11:33:38 CST 2017]; parent: Root WebApplicationContext
2017-07-25 11:33:40,278 [qtp1412764055-20] INFO  org.springframework.web.servlet.mvc.method.annotation.ExceptionHandlerExceptionResolver - Detected @ExceptionHandler methods in controllerExceptionAdvice
2017-07-25 11:33:40,481 [qtp1412764055-20] INFO  org.springframework.web.servlet.DispatcherServlet - FrameworkServlet 'spring': initialization completed in 2456 ms
2017-07-25 11:38:22,753 [QuartzScheduler_ClusterScheduler-RD4H1OJHK52Y32T1500953542683_MisfireHandler] INFO  org.springframework.scheduling.quartz.LocalDataSourceJobStore - Handling 1 trigger(s) that missed their scheduled fire-time.
2017-07-25 11:38:23,598 [ClusterScheduler_Worker-1] INFO  com.icinfo.platform.quartz.factory.SyncJobFactory - SyncJobFactory execute
2017-07-25 11:38:44,439 [ClusterScheduler_Worker-2] INFO  com.icinfo.platform.quartz.factory.SyncJobFactory - SyncJobFactory execute
2017-07-25 16:28:23,591 [main] INFO  org.springframework.web.context.ContextLoader - Root WebApplicationContext: initialization started
2017-07-25 16:28:23,716 [main] INFO  org.springframework.web.context.support.XmlWebApplicationContext - Refreshing Root WebApplicationContext: startup date [Tue Jul 25 16:28:23 CST 2017]; root of context hierarchy
2017-07-25 16:28:23,752 [main] INFO  org.springframework.beans.factory.xml.XmlBeanDefinitionReader - Loading XML bean definitions from class path resource [entry/dev/spring-entry.xml]
2017-07-25 16:28:24,125 [main] INFO  org.springframework.beans.factory.xml.XmlBeanDefinitionReader - Loading XML bean definitions from class path resource [spring.xml]
2017-07-25 16:28:24,579 [main] INFO  org.springframework.beans.factory.config.PropertyPlaceholderConfigurer - Loading properties file from class path resource [entry/dev/spring.properties]
2017-07-25 16:28:24,580 [main] INFO  org.springframework.beans.factory.config.PropertyPlaceholderConfigurer - Loading properties file from class path resource [entry/dev/oss.properties]
2017-07-25 16:28:24,589 [main] INFO  org.springframework.beans.factory.annotation.AutowiredAnnotationBeanPostProcessor - JSR-330 'javax.inject.Inject' annotation found and supported for autowiring
2017-07-25 16:28:29,402 [main] INFO  org.quartz.impl.StdSchedulerFactory - Using default implementation for ThreadExecutor
2017-07-25 16:28:29,482 [main] INFO  org.quartz.core.SchedulerSignalerImpl - Initialized Scheduler Signaller of type: class org.quartz.core.SchedulerSignalerImpl
2017-07-25 16:28:29,531 [main] INFO  org.quartz.core.QuartzScheduler - Quartz Scheduler v.2.2.1 created.
2017-07-25 16:28:29,547 [main] INFO  org.springframework.scheduling.quartz.LocalDataSourceJobStore - Using db table-based data access locking (synchronization).
2017-07-25 16:28:29,550 [main] INFO  org.springframework.scheduling.quartz.LocalDataSourceJobStore - JobStoreCMT initialized.
2017-07-25 16:28:29,551 [main] INFO  org.quartz.core.QuartzScheduler - Scheduler meta-data: Quartz Scheduler (v2.2.1) 'ClusterScheduler' with instanceId 'RD4H1OJHK52Y32T1500971309406'
  Scheduler class: 'org.quartz.core.QuartzScheduler' - running locally.
  NOT STARTED.
  Currently in standby mode.
  Number of jobs executed: 0
  Using thread pool 'org.quartz.simpl.SimpleThreadPool' - with 20 threads.
  Using job-store 'org.springframework.scheduling.quartz.LocalDataSourceJobStore' - which supports persistence. and is clustered.

2017-07-25 16:28:29,551 [main] INFO  org.quartz.impl.StdSchedulerFactory - Quartz scheduler 'ClusterScheduler' initialized from an externally provided properties instance.
2017-07-25 16:28:29,551 [main] INFO  org.quartz.impl.StdSchedulerFactory - Quartz scheduler version: 2.2.1
2017-07-25 16:28:29,555 [main] INFO  org.quartz.core.QuartzScheduler - JobFactory set to: org.springframework.scheduling.quartz.AdaptableJobFactory@7959d16a
2017-07-25 16:28:29,557 [main] INFO  org.springframework.context.support.DefaultLifecycleProcessor - Starting beans in phase 2147483647
2017-07-25 16:28:29,557 [main] INFO  org.springframework.scheduling.quartz.SchedulerFactoryBean - Will start Quartz Scheduler [ClusterScheduler] in 30 seconds
2017-07-25 16:28:29,565 [main] INFO  org.springframework.web.context.ContextLoader - Root WebApplicationContext: initialization completed in 5928 ms
2017-07-25 16:28:54,727 [qtp1103124295-18] INFO  org.springframework.web.servlet.DispatcherServlet - FrameworkServlet 'spring': initialization started
2017-07-25 16:28:54,735 [qtp1103124295-18] INFO  org.springframework.web.context.support.XmlWebApplicationContext - Refreshing WebApplicationContext for namespace 'spring-servlet': startup date [Tue Jul 25 16:28:54 CST 2017]; parent: Root WebApplicationContext
2017-07-25 16:28:54,736 [qtp1103124295-18] INFO  org.springframework.beans.factory.xml.XmlBeanDefinitionReader - Loading XML bean definitions from class path resource [spring-mvc.xml]
2017-07-25 16:28:54,923 [qtp1103124295-18] INFO  org.springframework.beans.factory.annotation.AutowiredAnnotationBeanPostProcessor - JSR-330 'javax.inject.Inject' annotation found and supported for autowiring
2017-07-25 16:28:55,404 [qtp1103124295-18] INFO  org.springframework.web.servlet.handler.SimpleUrlHandlerMapping - Mapped URL path [/**] onto handler 'org.springframework.web.servlet.resource.DefaultServletHttpRequestHandler#0'
2017-07-25 16:28:55,455 [qtp1103124295-18] INFO  org.springframework.web.servlet.handler.SimpleUrlHandlerMapping - Root mapping to handler of type [class org.springframework.web.servlet.mvc.ParameterizableViewController]
2017-07-25 16:28:55,472 [qtp1103124295-18] INFO  org.springframework.web.servlet.handler.SimpleUrlHandlerMapping - Mapped URL path [/css/**] onto handler 'org.springframework.web.servlet.resource.ResourceHttpRequestHandler#0'
2017-07-25 16:28:55,475 [qtp1103124295-18] INFO  org.springframework.web.servlet.handler.SimpleUrlHandlerMapping - Mapped URL path [/js/lib/**] onto handler 'org.springframework.web.servlet.resource.ResourceHttpRequestHandler#1'
2017-07-25 16:28:55,478 [qtp1103124295-18] INFO  org.springframework.web.servlet.handler.SimpleUrlHandlerMapping - Mapped URL path [/js/**] onto handler 'org.springframework.web.servlet.resource.ResourceHttpRequestHandler#2'
2017-07-25 16:28:55,481 [qtp1103124295-18] INFO  org.springframework.web.servlet.handler.SimpleUrlHandlerMapping - Mapped URL path [/img/**] onto handler 'org.springframework.web.servlet.resource.ResourceHttpRequestHandler#3'
2017-07-25 16:28:55,691 [qtp1103124295-18] INFO  org.springframework.web.servlet.mvc.method.annotation.RequestMappingHandlerMapping - Mapped "{[/admin/application/tolist],methods=[GET]}" onto public java.lang.String com.icinfo.platform.application.controller.admin.ApplicationController.toList(org.springframework.ui.Model) throws java.lang.Exception
2017-07-25 16:28:55,693 [qtp1103124295-18] INFO  org.springframework.web.servlet.mvc.method.annotation.RequestMappingHandlerMapping - Mapped "{[/admin/application/toadd],methods=[GET]}" onto public java.lang.String com.icinfo.platform.application.controller.admin.ApplicationController.toAdd() throws java.lang.Exception
2017-07-25 16:28:55,694 [qtp1103124295-18] INFO  org.springframework.web.servlet.mvc.method.annotation.RequestMappingHandlerMapping - Mapped "{[/admin/application/addoredit],methods=[POST]}" onto public java.lang.String com.icinfo.platform.application.controller.admin.ApplicationController.addOrEdit(com.icinfo.platform.application.model.Application,org.springframework.web.multipart.commons.CommonsMultipartFile) throws java.lang.Exception
2017-07-25 16:28:55,695 [qtp1103124295-18] INFO  org.springframework.web.servlet.mvc.method.annotation.RequestMappingHandlerMapping - Mapped "{[/client/application/toshowlist],methods=[GET]}" onto public java.lang.String com.icinfo.platform.application.controller.client.ApplicationController.toShowList(org.springframework.ui.Model) throws java.lang.Exception
2017-07-25 16:28:55,697 [qtp1103124295-18] INFO  org.springframework.web.servlet.mvc.method.annotation.RequestMappingHandlerMapping - Mapped "{[/admin/base/verf],methods=[GET],produces=[application/json]}" onto public com.icinfo.platform.common.bean.AjaxResponse<java.lang.String> com.icinfo.platform.business.controller.admin.BaseInfoController.verf(java.lang.String) throws java.lang.Exception
2017-07-25 16:28:55,698 [qtp1103124295-18] INFO  org.springframework.web.servlet.mvc.method.annotation.RequestMappingHandlerMapping - Mapped "{[/admin/base/readarealist],methods=[GET],produces=[application/json]}" onto public com.icinfo.platform.common.bean.AjaxResponse<java.util.List<com.icinfo.platform.business.model.BaseInfoArea>> com.icinfo.platform.business.controller.admin.BaseInfoController.readAreaList() throws java.lang.Exception
2017-07-25 16:28:55,704 [qtp1103124295-18] INFO  org.springframework.web.servlet.mvc.method.annotation.RequestMappingHandlerMapping - Mapped "{[/admin/college/tolist],methods=[GET]}" onto public java.lang.String com.icinfo.platform.business.controller.admin.CollegeController.toList() throws java.lang.Exception
2017-07-25 16:28:55,705 [qtp1103124295-18] INFO  org.springframework.web.servlet.mvc.method.annotation.RequestMappingHandlerMapping - Mapped "{[/admin/college/toaddoredit],methods=[GET]}" onto public java.lang.String com.icinfo.platform.business.controller.admin.CollegeController.toAddOrEdit() throws java.lang.Exception
2017-07-25 16:28:55,706 [qtp1103124295-18] INFO  org.springframework.web.servlet.mvc.method.annotation.RequestMappingHandlerMapping - Mapped "{[/admin/college/readlistbycode],methods=[GET]}" onto public com.icinfo.platform.common.bean.AjaxResponse<java.util.List<com.icinfo.platform.business.model.College>> com.icinfo.platform.business.controller.admin.CollegeController.readListByCode(java.lang.String) throws java.lang.Exception
2017-07-25 16:28:55,708 [qtp1103124295-18] INFO  org.springframework.web.servlet.mvc.method.annotation.RequestMappingHandlerMapping - Mapped "{[/admin/invoke/process],methods=[GET],produces=[application/json;charset=UTF-8]}" onto public com.icinfo.platform.common.bean.AjaxResponse com.icinfo.platform.business.controller.admin.InvokeController.process(java.util.Map<java.lang.String, java.lang.Object>) throws java.lang.Exception
2017-07-25 16:28:55,709 [qtp1103124295-18] INFO  org.springframework.web.servlet.mvc.method.annotation.RequestMappingHandlerMapping - Mapped "{[/page/{path}/{file}]}" onto public java.lang.String com.icinfo.platform.common.controller.CommonController.page(java.lang.String,java.lang.String)
2017-07-25 16:28:55,710 [qtp1103124295-18] INFO  org.springframework.web.servlet.mvc.method.annotation.RequestMappingHandlerMapping - Mapped "{[/page/{module}/{path}/{file}]}" onto public java.lang.String com.icinfo.platform.common.controller.CommonController.page(java.lang.String,java.lang.String,java.lang.String)
2017-07-25 16:28:55,715 [qtp1103124295-18] INFO  org.springframework.web.servlet.mvc.method.annotation.RequestMappingHandlerMapping - Mapped "{[/admin/image/delete/{id}],methods=[POST]}" onto public com.icinfo.platform.common.bean.AjaxResponse<java.lang.Boolean> com.icinfo.platform.image.controller.admin.ImageController.delete(java.lang.String,javax.servlet.http.HttpServletRequest) throws java.lang.Exception
2017-07-25 16:28:55,716 [qtp1103124295-18] INFO  org.springframework.web.servlet.mvc.method.annotation.RequestMappingHandlerMapping - Mapped "{[/admin/image/list],methods=[GET]}" onto public java.lang.String com.icinfo.platform.image.controller.admin.ImageController.list(org.springframework.ui.Model) throws java.lang.Exception
2017-07-25 16:28:55,716 [qtp1103124295-18] INFO  org.springframework.web.servlet.mvc.method.annotation.RequestMappingHandlerMapping - Mapped "{[/admin/image/addoredit],methods=[POST]}" onto public java.lang.String com.icinfo.platform.image.controller.admin.ImageController.addOrEdit(javax.servlet.http.HttpServletRequest,org.springframework.ui.Model,com.icinfo.platform.image.model.Image,org.springframework.web.multipart.commons.CommonsMultipartFile,com.icinfo.platform.system.model.User) throws java.lang.Exception
2017-07-25 16:28:55,716 [qtp1103124295-18] INFO  org.springframework.web.servlet.mvc.method.annotation.RequestMappingHandlerMapping - Mapped "{[/admin/image/toaddoredit],methods=[GET]}" onto public java.lang.String com.icinfo.platform.image.controller.admin.ImageController.toAddOrEdit() throws java.lang.Exception
2017-07-25 16:28:55,718 [qtp1103124295-18] INFO  org.springframework.web.servlet.mvc.method.annotation.RequestMappingHandlerMapping - Mapped "{[/save-schedule-job],methods=[POST]}" onto public java.lang.String com.icinfo.platform.quartz.controller.ScheduleJobController.saveScheduleJob(com.icinfo.platform.quartz.vo.ScheduleJobVo)
2017-07-25 16:28:55,719 [qtp1103124295-18] INFO  org.springframework.web.servlet.mvc.method.annotation.RequestMappingHandlerMapping - Mapped "{[/list-schedule-job],methods=[GET]}" onto public java.lang.String com.icinfo.platform.quartz.controller.ScheduleJobController.listScheduleJob(org.springframework.ui.ModelMap) throws org.quartz.SchedulerException
2017-07-25 16:28:55,719 [qtp1103124295-18] INFO  org.springframework.web.servlet.mvc.method.annotation.RequestMappingHandlerMapping - Mapped "{[/pause-schedule-job],methods=[GET]}" onto public java.lang.String com.icinfo.platform.quartz.controller.ScheduleJobController.pauseScheduleJob(java.lang.Long)
2017-07-25 16:28:55,720 [qtp1103124295-18] INFO  org.springframework.web.servlet.mvc.method.annotation.RequestMappingHandlerMapping - Mapped "{[/input-schedule-job],methods=[GET]}" onto public java.lang.String com.icinfo.platform.quartz.controller.ScheduleJobController.inputScheduleJob(com.icinfo.platform.quartz.vo.ScheduleJobVo,org.springframework.ui.ModelMap)
2017-07-25 16:28:55,720 [qtp1103124295-18] INFO  org.springframework.web.servlet.mvc.method.annotation.RequestMappingHandlerMapping - Mapped "{[/run-once-schedule-job],methods=[GET]}" onto public java.lang.String com.icinfo.platform.quartz.controller.ScheduleJobController.runOnceScheduleJob(java.lang.Long)
2017-07-25 16:28:55,720 [qtp1103124295-18] INFO  org.springframework.web.servlet.mvc.method.annotation.RequestMappingHandlerMapping - Mapped "{[/resume-schedule-job],methods=[GET]}" onto public java.lang.String com.icinfo.platform.quartz.controller.ScheduleJobController.resumeScheduleJob(java.lang.Long)
2017-07-25 16:28:55,720 [qtp1103124295-18] INFO  org.springframework.web.servlet.mvc.method.annotation.RequestMappingHandlerMapping - Mapped "{[/delete-schedule-job],methods=[GET]}" onto public java.lang.String com.icinfo.platform.quartz.controller.ScheduleJobController.deleteScheduleJob(java.lang.Long)
2017-07-25 16:28:55,722 [qtp1103124295-18] INFO  org.springframework.web.servlet.mvc.method.annotation.RequestMappingHandlerMapping - Mapped "{[/client/captcha/generatecode],methods=[GET]}" onto public org.springframework.http.ResponseEntity<byte[]> com.icinfo.platform.system.controller.client.CaptchaController.generateCode(javax.servlet.http.HttpSession) throws java.lang.Exception
2017-07-25 16:28:55,723 [qtp1103124295-18] INFO  org.springframework.web.servlet.mvc.method.annotation.RequestMappingHandlerMapping - Mapped "{[/client/captcha/checkcode],methods=[GET]}" onto public boolean com.icinfo.platform.system.controller.client.CaptchaController.checkcode(java.lang.String,javax.servlet.http.HttpSession)
2017-07-25 16:28:55,724 [qtp1103124295-18] INFO  org.springframework.web.servlet.mvc.method.annotation.RequestMappingHandlerMapping - Mapped "{[/],methods=[GET]}" onto public java.lang.String com.icinfo.platform.system.controller.client.IndexController.index() throws java.lang.Exception
2017-07-25 16:28:55,724 [qtp1103124295-18] INFO  org.springframework.web.servlet.mvc.method.annotation.RequestMappingHandlerMapping - Mapped "{[/home],methods=[GET]}" onto public java.lang.String com.icinfo.platform.system.controller.client.IndexController.home() throws java.lang.Exception
2017-07-25 16:28:55,725 [qtp1103124295-18] INFO  org.springframework.web.servlet.mvc.method.annotation.RequestMappingHandlerMapping - Mapped "{[/testsend],methods=[GET]}" onto public com.icinfo.platform.common.bean.AjaxResult com.icinfo.platform.system.controller.client.IndexController.testSend() throws java.lang.Exception
2017-07-25 16:28:55,726 [qtp1103124295-18] INFO  org.springframework.web.servlet.mvc.method.annotation.RequestMappingHandlerMapping - Mapped "{[/client/login],methods=[POST]}" onto public com.icinfo.platform.common.bean.AjaxResponse<java.lang.Boolean> com.icinfo.platform.system.controller.client.LoginController.login(com.icinfo.platform.system.model.User,org.springframework.ui.Model) throws java.lang.Exception
2017-07-25 16:28:55,727 [qtp1103124295-18] INFO  org.springframework.web.servlet.mvc.method.annotation.RequestMappingHandlerMapping - Mapped "{[/client/toregister],methods=[GET]}" onto public java.lang.String com.icinfo.platform.system.controller.client.LoginController.toRegister() throws java.lang.Exception
2017-07-25 16:28:55,727 [qtp1103124295-18] INFO  org.springframework.web.servlet.mvc.method.annotation.RequestMappingHandlerMapping - Mapped "{[/client/tologin],methods=[GET]}" onto public java.lang.String com.icinfo.platform.system.controller.client.LoginController.toLogin() throws java.lang.Exception
2017-07-25 16:28:55,728 [qtp1103124295-18] INFO  org.springframework.web.servlet.mvc.method.annotation.RequestMappingHandlerMapping - Mapped "{[/client/user/save],methods=[POST],produces=[application/json]}" onto public com.icinfo.platform.common.bean.AjaxResponse<java.lang.Boolean> com.icinfo.platform.system.controller.client.UserController.save(com.icinfo.platform.system.model.User) throws java.lang.Exception
2017-07-25 16:28:55,732 [qtp1103124295-18] INFO  org.springframework.web.servlet.mvc.method.annotation.RequestMappingHandlerMapping - Mapped "{[/core/service],methods=[GET],produces=[application/xml;charset=UTF-8]}" onto public java.lang.String com.icinfo.platform.wechat.core.controller.CoreController.validate(javax.servlet.http.HttpServletRequest) throws java.lang.Exception
2017-07-25 16:28:55,733 [qtp1103124295-18] INFO  org.springframework.web.servlet.mvc.method.annotation.RequestMappingHandlerMapping - Mapped "{[/core/service],methods=[POST],produces=[application/xml;charset=UTF-8]}" onto public java.lang.String com.icinfo.platform.wechat.core.controller.CoreController.processMsg(javax.servlet.http.HttpServletRequest) throws java.lang.Exception
2017-07-25 16:28:56,583 [qtp1103124295-18] INFO  org.springframework.web.servlet.mvc.method.annotation.RequestMappingHandlerAdapter - Looking for @ControllerAdvice: WebApplicationContext for namespace 'spring-servlet': startup date [Tue Jul 25 16:28:54 CST 2017]; parent: Root WebApplicationContext
2017-07-25 16:28:56,703 [qtp1103124295-18] INFO  org.springframework.web.servlet.mvc.method.annotation.RequestMappingHandlerAdapter - Looking for @ControllerAdvice: WebApplicationContext for namespace 'spring-servlet': startup date [Tue Jul 25 16:28:54 CST 2017]; parent: Root WebApplicationContext
2017-07-25 16:28:56,801 [qtp1103124295-18] INFO  org.springframework.web.servlet.mvc.method.annotation.ExceptionHandlerExceptionResolver - Detected @ExceptionHandler methods in controllerExceptionAdvice
2017-07-25 16:28:56,996 [qtp1103124295-18] INFO  org.springframework.web.servlet.DispatcherServlet - FrameworkServlet 'spring': initialization completed in 2267 ms
2017-07-25 16:28:59,558 [Quartz Scheduler [ClusterScheduler]] INFO  org.springframework.scheduling.quartz.SchedulerFactoryBean - Starting Quartz Scheduler now, after delay of 30 seconds
2017-07-25 16:29:00,132 [Quartz Scheduler [ClusterScheduler]] INFO  org.springframework.scheduling.quartz.LocalDataSourceJobStore - ClusterManager: detected 1 failed or restarted instances.
2017-07-25 16:29:00,132 [Quartz Scheduler [ClusterScheduler]] INFO  org.springframework.scheduling.quartz.LocalDataSourceJobStore - ClusterManager: Scanning for instance "RD4H1OJHK52Y32T1500953542683"'s failed in-progress jobs.
2017-07-25 16:29:00,482 [Quartz Scheduler [ClusterScheduler]] INFO  org.quartz.core.QuartzScheduler - Scheduler ClusterScheduler_$_RD4H1OJHK52Y32T1500971309406 started.
2017-07-25 16:29:14,988 [ClusterScheduler_Worker-1] INFO  com.icinfo.platform.quartz.factory.SyncJobFactory - SyncJobFactory execute
2017-07-25 16:29:30,124 [ClusterScheduler_Worker-2] INFO  com.icinfo.platform.quartz.factory.SyncJobFactory - SyncJobFactory execute
2017-07-25 16:33:06,587 [main] INFO  org.springframework.web.context.ContextLoader - Root WebApplicationContext: initialization started
2017-07-25 16:33:06,651 [main] INFO  org.springframework.web.context.support.XmlWebApplicationContext - Refreshing Root WebApplicationContext: startup date [Tue Jul 25 16:33:06 CST 2017]; root of context hierarchy
2017-07-25 16:33:06,677 [main] INFO  org.springframework.beans.factory.xml.XmlBeanDefinitionReader - Loading XML bean definitions from class path resource [entry/dev/spring-entry.xml]
2017-07-25 16:33:06,822 [main] INFO  org.springframework.beans.factory.xml.XmlBeanDefinitionReader - Loading XML bean definitions from class path resource [spring.xml]
2017-07-25 16:33:07,267 [main] INFO  org.springframework.beans.factory.config.PropertyPlaceholderConfigurer - Loading properties file from class path resource [entry/dev/spring.properties]
2017-07-25 16:33:07,267 [main] INFO  org.springframework.beans.factory.config.PropertyPlaceholderConfigurer - Loading properties file from class path resource [entry/dev/oss.properties]
2017-07-25 16:33:07,275 [main] INFO  org.springframework.beans.factory.annotation.AutowiredAnnotationBeanPostProcessor - JSR-330 'javax.inject.Inject' annotation found and supported for autowiring
2017-07-25 16:33:10,718 [main] INFO  org.quartz.impl.StdSchedulerFactory - Using default implementation for ThreadExecutor
2017-07-25 16:33:10,753 [main] INFO  org.quartz.core.SchedulerSignalerImpl - Initialized Scheduler Signaller of type: class org.quartz.core.SchedulerSignalerImpl
2017-07-25 16:33:10,756 [main] INFO  org.quartz.core.QuartzScheduler - Quartz Scheduler v.2.2.1 created.
2017-07-25 16:33:10,784 [main] INFO  org.springframework.scheduling.quartz.LocalDataSourceJobStore - Using db table-based data access locking (synchronization).
2017-07-25 16:33:10,791 [main] INFO  org.springframework.scheduling.quartz.LocalDataSourceJobStore - JobStoreCMT initialized.
2017-07-25 16:33:10,792 [main] INFO  org.quartz.core.QuartzScheduler - Scheduler meta-data: Quartz Scheduler (v2.2.1) 'ClusterScheduler' with instanceId 'RD4H1OJHK52Y32T1500971590722'
  Scheduler class: 'org.quartz.core.QuartzScheduler' - running locally.
  NOT STARTED.
  Currently in standby mode.
  Number of jobs executed: 0
  Using thread pool 'org.quartz.simpl.SimpleThreadPool' - with 20 threads.
  Using job-store 'org.springframework.scheduling.quartz.LocalDataSourceJobStore' - which supports persistence. and is clustered.

2017-07-25 16:33:10,792 [main] INFO  org.quartz.impl.StdSchedulerFactory - Quartz scheduler 'ClusterScheduler' initialized from an externally provided properties instance.
2017-07-25 16:33:10,792 [main] INFO  org.quartz.impl.StdSchedulerFactory - Quartz scheduler version: 2.2.1
2017-07-25 16:33:10,795 [main] INFO  org.quartz.core.QuartzScheduler - JobFactory set to: org.springframework.scheduling.quartz.AdaptableJobFactory@58a2c6a
2017-07-25 16:33:10,799 [main] INFO  org.springframework.context.support.DefaultLifecycleProcessor - Starting beans in phase 2147483647
2017-07-25 16:33:10,800 [main] INFO  org.springframework.scheduling.quartz.SchedulerFactoryBean - Will start Quartz Scheduler [ClusterScheduler] in 30 seconds
2017-07-25 16:33:10,808 [main] INFO  org.springframework.web.context.ContextLoader - Root WebApplicationContext: initialization completed in 4218 ms
2017-07-25 16:33:15,950 [qtp1160685808-18] INFO  org.springframework.web.servlet.DispatcherServlet - FrameworkServlet 'spring': initialization started
2017-07-25 16:33:15,958 [qtp1160685808-18] INFO  org.springframework.web.context.support.XmlWebApplicationContext - Refreshing WebApplicationContext for namespace 'spring-servlet': startup date [Tue Jul 25 16:33:15 CST 2017]; parent: Root WebApplicationContext
2017-07-25 16:33:15,959 [qtp1160685808-18] INFO  org.springframework.beans.factory.xml.XmlBeanDefinitionReader - Loading XML bean definitions from class path resource [spring-mvc.xml]
2017-07-25 16:33:16,297 [qtp1160685808-18] INFO  org.springframework.beans.factory.annotation.AutowiredAnnotationBeanPostProcessor - JSR-330 'javax.inject.Inject' annotation found and supported for autowiring
2017-07-25 16:33:16,753 [qtp1160685808-18] INFO  org.springframework.web.servlet.handler.SimpleUrlHandlerMapping - Mapped URL path [/**] onto handler 'org.springframework.web.servlet.resource.DefaultServletHttpRequestHandler#0'
2017-07-25 16:33:16,802 [qtp1160685808-18] INFO  org.springframework.web.servlet.handler.SimpleUrlHandlerMapping - Root mapping to handler of type [class org.springframework.web.servlet.mvc.ParameterizableViewController]
2017-07-25 16:33:16,818 [qtp1160685808-18] INFO  org.springframework.web.servlet.handler.SimpleUrlHandlerMapping - Mapped URL path [/css/**] onto handler 'org.springframework.web.servlet.resource.ResourceHttpRequestHandler#0'
2017-07-25 16:33:16,822 [qtp1160685808-18] INFO  org.springframework.web.servlet.handler.SimpleUrlHandlerMapping - Mapped URL path [/js/lib/**] onto handler 'org.springframework.web.servlet.resource.ResourceHttpRequestHandler#1'
2017-07-25 16:33:16,825 [qtp1160685808-18] INFO  org.springframework.web.servlet.handler.SimpleUrlHandlerMapping - Mapped URL path [/js/**] onto handler 'org.springframework.web.servlet.resource.ResourceHttpRequestHandler#2'
2017-07-25 16:33:16,828 [qtp1160685808-18] INFO  org.springframework.web.servlet.handler.SimpleUrlHandlerMapping - Mapped URL path [/img/**] onto handler 'org.springframework.web.servlet.resource.ResourceHttpRequestHandler#3'
2017-07-25 16:33:17,117 [qtp1160685808-18] INFO  org.springframework.web.servlet.mvc.method.annotation.RequestMappingHandlerMapping - Mapped "{[/admin/application/toadd],methods=[GET]}" onto public java.lang.String com.icinfo.platform.application.controller.admin.ApplicationController.toAdd() throws java.lang.Exception
2017-07-25 16:33:17,119 [qtp1160685808-18] INFO  org.springframework.web.servlet.mvc.method.annotation.RequestMappingHandlerMapping - Mapped "{[/admin/application/tolist],methods=[GET]}" onto public java.lang.String com.icinfo.platform.application.controller.admin.ApplicationController.toList(org.springframework.ui.Model) throws java.lang.Exception
2017-07-25 16:33:17,119 [qtp1160685808-18] INFO  org.springframework.web.servlet.mvc.method.annotation.RequestMappingHandlerMapping - Mapped "{[/admin/application/addoredit],methods=[POST]}" onto public java.lang.String com.icinfo.platform.application.controller.admin.ApplicationController.addOrEdit(com.icinfo.platform.application.model.Application,org.springframework.web.multipart.commons.CommonsMultipartFile) throws java.lang.Exception
2017-07-25 16:33:17,121 [qtp1160685808-18] INFO  org.springframework.web.servlet.mvc.method.annotation.RequestMappingHandlerMapping - Mapped "{[/client/application/toshowlist],methods=[GET]}" onto public java.lang.String com.icinfo.platform.application.controller.client.ApplicationController.toShowList(org.springframework.ui.Model) throws java.lang.Exception
2017-07-25 16:33:17,123 [qtp1160685808-18] INFO  org.springframework.web.servlet.mvc.method.annotation.RequestMappingHandlerMapping - Mapped "{[/admin/base/verf],methods=[GET],produces=[application/json]}" onto public com.icinfo.platform.common.bean.AjaxResponse<java.lang.String> com.icinfo.platform.business.controller.admin.BaseInfoController.verf(java.lang.String) throws java.lang.Exception
2017-07-25 16:33:17,123 [qtp1160685808-18] INFO  org.springframework.web.servlet.mvc.method.annotation.RequestMappingHandlerMapping - Mapped "{[/admin/base/readarealist],methods=[GET],produces=[application/json]}" onto public com.icinfo.platform.common.bean.AjaxResponse<java.util.List<com.icinfo.platform.business.model.BaseInfoArea>> com.icinfo.platform.business.controller.admin.BaseInfoController.readAreaList() throws java.lang.Exception
2017-07-25 16:33:17,128 [qtp1160685808-18] INFO  org.springframework.web.servlet.mvc.method.annotation.RequestMappingHandlerMapping - Mapped "{[/admin/college/tolist],methods=[GET]}" onto public java.lang.String com.icinfo.platform.business.controller.admin.CollegeController.toList() throws java.lang.Exception
2017-07-25 16:33:17,129 [qtp1160685808-18] INFO  org.springframework.web.servlet.mvc.method.annotation.RequestMappingHandlerMapping - Mapped "{[/admin/college/toaddoredit],methods=[GET]}" onto public java.lang.String com.icinfo.platform.business.controller.admin.CollegeController.toAddOrEdit() throws java.lang.Exception
2017-07-25 16:33:17,129 [qtp1160685808-18] INFO  org.springframework.web.servlet.mvc.method.annotation.RequestMappingHandlerMapping - Mapped "{[/admin/college/readlistbycode],methods=[GET]}" onto public com.icinfo.platform.common.bean.AjaxResponse<java.util.List<com.icinfo.platform.business.model.College>> com.icinfo.platform.business.controller.admin.CollegeController.readListByCode(java.lang.String) throws java.lang.Exception
2017-07-25 16:33:17,130 [qtp1160685808-18] INFO  org.springframework.web.servlet.mvc.method.annotation.RequestMappingHandlerMapping - Mapped "{[/admin/invoke/process],methods=[GET],produces=[application/json;charset=UTF-8]}" onto public com.icinfo.platform.common.bean.AjaxResponse com.icinfo.platform.business.controller.admin.InvokeController.process(java.util.Map<java.lang.String, java.lang.Object>) throws java.lang.Exception
2017-07-25 16:33:17,131 [qtp1160685808-18] INFO  org.springframework.web.servlet.mvc.method.annotation.RequestMappingHandlerMapping - Mapped "{[/page/{path}/{file}]}" onto public java.lang.String com.icinfo.platform.common.controller.CommonController.page(java.lang.String,java.lang.String)
2017-07-25 16:33:17,131 [qtp1160685808-18] INFO  org.springframework.web.servlet.mvc.method.annotation.RequestMappingHandlerMapping - Mapped "{[/page/{module}/{path}/{file}]}" onto public java.lang.String com.icinfo.platform.common.controller.CommonController.page(java.lang.String,java.lang.String,java.lang.String)
2017-07-25 16:33:17,136 [qtp1160685808-18] INFO  org.springframework.web.servlet.mvc.method.annotation.RequestMappingHandlerMapping - Mapped "{[/admin/image/delete/{id}],methods=[POST]}" onto public com.icinfo.platform.common.bean.AjaxResponse<java.lang.Boolean> com.icinfo.platform.image.controller.admin.ImageController.delete(java.lang.String,javax.servlet.http.HttpServletRequest) throws java.lang.Exception
2017-07-25 16:33:17,136 [qtp1160685808-18] INFO  org.springframework.web.servlet.mvc.method.annotation.RequestMappingHandlerMapping - Mapped "{[/admin/image/list],methods=[GET]}" onto public java.lang.String com.icinfo.platform.image.controller.admin.ImageController.list(org.springframework.ui.Model) throws java.lang.Exception
2017-07-25 16:33:17,136 [qtp1160685808-18] INFO  org.springframework.web.servlet.mvc.method.annotation.RequestMappingHandlerMapping - Mapped "{[/admin/image/addoredit],methods=[POST]}" onto public java.lang.String com.icinfo.platform.image.controller.admin.ImageController.addOrEdit(javax.servlet.http.HttpServletRequest,org.springframework.ui.Model,com.icinfo.platform.image.model.Image,org.springframework.web.multipart.commons.CommonsMultipartFile,com.icinfo.platform.system.model.User) throws java.lang.Exception
2017-07-25 16:33:17,136 [qtp1160685808-18] INFO  org.springframework.web.servlet.mvc.method.annotation.RequestMappingHandlerMapping - Mapped "{[/admin/image/toaddoredit],methods=[GET]}" onto public java.lang.String com.icinfo.platform.image.controller.admin.ImageController.toAddOrEdit() throws java.lang.Exception
2017-07-25 16:33:17,138 [qtp1160685808-18] INFO  org.springframework.web.servlet.mvc.method.annotation.RequestMappingHandlerMapping - Mapped "{[/resume-schedule-job],methods=[GET]}" onto public java.lang.String com.icinfo.platform.quartz.controller.ScheduleJobController.resumeScheduleJob(java.lang.Long)
2017-07-25 16:33:17,139 [qtp1160685808-18] INFO  org.springframework.web.servlet.mvc.method.annotation.RequestMappingHandlerMapping - Mapped "{[/save-schedule-job],methods=[POST]}" onto public java.lang.String com.icinfo.platform.quartz.controller.ScheduleJobController.saveScheduleJob(com.icinfo.platform.quartz.vo.ScheduleJobVo)
2017-07-25 16:33:17,139 [qtp1160685808-18] INFO  org.springframework.web.servlet.mvc.method.annotation.RequestMappingHandlerMapping - Mapped "{[/list-schedule-job],methods=[GET]}" onto public java.lang.String com.icinfo.platform.quartz.controller.ScheduleJobController.listScheduleJob(org.springframework.ui.ModelMap) throws org.quartz.SchedulerException
2017-07-25 16:33:17,139 [qtp1160685808-18] INFO  org.springframework.web.servlet.mvc.method.annotation.RequestMappingHandlerMapping - Mapped "{[/pause-schedule-job],methods=[GET]}" onto public java.lang.String com.icinfo.platform.quartz.controller.ScheduleJobController.pauseScheduleJob(java.lang.Long)
2017-07-25 16:33:17,139 [qtp1160685808-18] INFO  org.springframework.web.servlet.mvc.method.annotation.RequestMappingHandlerMapping - Mapped "{[/input-schedule-job],methods=[GET]}" onto public java.lang.String com.icinfo.platform.quartz.controller.ScheduleJobController.inputScheduleJob(com.icinfo.platform.quartz.vo.ScheduleJobVo,org.springframework.ui.ModelMap)
2017-07-25 16:33:17,139 [qtp1160685808-18] INFO  org.springframework.web.servlet.mvc.method.annotation.RequestMappingHandlerMapping - Mapped "{[/run-once-schedule-job],methods=[GET]}" onto public java.lang.String com.icinfo.platform.quartz.controller.ScheduleJobController.runOnceScheduleJob(java.lang.Long)
2017-07-25 16:33:17,139 [qtp1160685808-18] INFO  org.springframework.web.servlet.mvc.method.annotation.RequestMappingHandlerMapping - Mapped "{[/delete-schedule-job],methods=[GET]}" onto public java.lang.String com.icinfo.platform.quartz.controller.ScheduleJobController.deleteScheduleJob(java.lang.Long)
2017-07-25 16:33:17,142 [qtp1160685808-18] INFO  org.springframework.web.servlet.mvc.method.annotation.RequestMappingHandlerMapping - Mapped "{[/client/captcha/checkcode],methods=[GET]}" onto public boolean com.icinfo.platform.system.controller.client.CaptchaController.checkcode(java.lang.String,javax.servlet.http.HttpSession)
2017-07-25 16:33:17,143 [qtp1160685808-18] INFO  org.springframework.web.servlet.mvc.method.annotation.RequestMappingHandlerMapping - Mapped "{[/client/captcha/generatecode],methods=[GET]}" onto public org.springframework.http.ResponseEntity<byte[]> com.icinfo.platform.system.controller.client.CaptchaController.generateCode(javax.servlet.http.HttpSession) throws java.lang.Exception
2017-07-25 16:33:17,145 [qtp1160685808-18] INFO  org.springframework.web.servlet.mvc.method.annotation.RequestMappingHandlerMapping - Mapped "{[/],methods=[GET]}" onto public java.lang.String com.icinfo.platform.system.controller.client.IndexController.index() throws java.lang.Exception
2017-07-25 16:33:17,145 [qtp1160685808-18] INFO  org.springframework.web.servlet.mvc.method.annotation.RequestMappingHandlerMapping - Mapped "{[/home],methods=[GET]}" onto public java.lang.String com.icinfo.platform.system.controller.client.IndexController.home() throws java.lang.Exception
2017-07-25 16:33:17,145 [qtp1160685808-18] INFO  org.springframework.web.servlet.mvc.method.annotation.RequestMappingHandlerMapping - Mapped "{[/testsend],methods=[GET]}" onto public com.icinfo.platform.common.bean.AjaxResult com.icinfo.platform.system.controller.client.IndexController.testSend() throws java.lang.Exception
2017-07-25 16:33:17,147 [qtp1160685808-18] INFO  org.springframework.web.servlet.mvc.method.annotation.RequestMappingHandlerMapping - Mapped "{[/client/login],methods=[POST]}" onto public com.icinfo.platform.common.bean.AjaxResponse<java.lang.Boolean> com.icinfo.platform.system.controller.client.LoginController.login(com.icinfo.platform.system.model.User,org.springframework.ui.Model) throws java.lang.Exception
2017-07-25 16:33:17,148 [qtp1160685808-18] INFO  org.springframework.web.servlet.mvc.method.annotation.RequestMappingHandlerMapping - Mapped "{[/client/toregister],methods=[GET]}" onto public java.lang.String com.icinfo.platform.system.controller.client.LoginController.toRegister() throws java.lang.Exception
2017-07-25 16:33:17,148 [qtp1160685808-18] INFO  org.springframework.web.servlet.mvc.method.annotation.RequestMappingHandlerMapping - Mapped "{[/client/tologin],methods=[GET]}" onto public java.lang.String com.icinfo.platform.system.controller.client.LoginController.toLogin() throws java.lang.Exception
2017-07-25 16:33:17,149 [qtp1160685808-18] INFO  org.springframework.web.servlet.mvc.method.annotation.RequestMappingHandlerMapping - Mapped "{[/client/user/save],methods=[POST],produces=[application/json]}" onto public com.icinfo.platform.common.bean.AjaxResponse<java.lang.Boolean> com.icinfo.platform.system.controller.client.UserController.save(com.icinfo.platform.system.model.User) throws java.lang.Exception
2017-07-25 16:33:17,153 [qtp1160685808-18] INFO  org.springframework.web.servlet.mvc.method.annotation.RequestMappingHandlerMapping - Mapped "{[/core/service],methods=[GET],produces=[application/xml;charset=UTF-8]}" onto public java.lang.String com.icinfo.platform.wechat.core.controller.CoreController.validate(javax.servlet.http.HttpServletRequest) throws java.lang.Exception
2017-07-25 16:33:17,154 [qtp1160685808-18] INFO  org.springframework.web.servlet.mvc.method.annotation.RequestMappingHandlerMapping - Mapped "{[/core/service],methods=[POST],produces=[application/xml;charset=UTF-8]}" onto public java.lang.String com.icinfo.platform.wechat.core.controller.CoreController.processMsg(javax.servlet.http.HttpServletRequest) throws java.lang.Exception
2017-07-25 16:33:17,833 [qtp1160685808-18] INFO  org.springframework.web.servlet.mvc.method.annotation.RequestMappingHandlerAdapter - Looking for @ControllerAdvice: WebApplicationContext for namespace 'spring-servlet': startup date [Tue Jul 25 16:33:15 CST 2017]; parent: Root WebApplicationContext
2017-07-25 16:33:17,963 [qtp1160685808-18] INFO  org.springframework.web.servlet.mvc.method.annotation.RequestMappingHandlerAdapter - Looking for @ControllerAdvice: WebApplicationContext for namespace 'spring-servlet': startup date [Tue Jul 25 16:33:15 CST 2017]; parent: Root WebApplicationContext
2017-07-25 16:33:18,064 [qtp1160685808-18] INFO  org.springframework.web.servlet.mvc.method.annotation.ExceptionHandlerExceptionResolver - Detected @ExceptionHandler methods in controllerExceptionAdvice
2017-07-25 16:33:18,289 [qtp1160685808-18] INFO  org.springframework.web.servlet.DispatcherServlet - FrameworkServlet 'spring': initialization completed in 2337 ms
2017-07-25 16:33:40,801 [Quartz Scheduler [ClusterScheduler]] INFO  org.springframework.scheduling.quartz.SchedulerFactoryBean - Starting Quartz Scheduler now, after delay of 30 seconds
2017-07-25 16:33:40,839 [Quartz Scheduler [ClusterScheduler]] INFO  org.springframework.scheduling.quartz.LocalDataSourceJobStore - ClusterManager: detected 1 failed or restarted instances.
2017-07-25 16:33:40,839 [Quartz Scheduler [ClusterScheduler]] INFO  org.springframework.scheduling.quartz.LocalDataSourceJobStore - ClusterManager: Scanning for instance "RD4H1OJHK52Y32T1500971309406"'s failed in-progress jobs.
2017-07-25 16:33:40,862 [Quartz Scheduler [ClusterScheduler]] INFO  org.springframework.scheduling.quartz.LocalDataSourceJobStore - ClusterManager: ......Freed 1 acquired trigger(s).
2017-07-25 16:33:40,896 [Quartz Scheduler [ClusterScheduler]] INFO  org.quartz.core.QuartzScheduler - Scheduler ClusterScheduler_$_RD4H1OJHK52Y32T1500971590722 started.
2017-07-25 16:33:40,928 [QuartzScheduler_ClusterScheduler-RD4H1OJHK52Y32T1500971590722_MisfireHandler] INFO  org.springframework.scheduling.quartz.LocalDataSourceJobStore - Handling 1 trigger(s) that missed their scheduled fire-time.
2017-07-25 16:33:41,112 [ClusterScheduler_Worker-1] INFO  com.icinfo.platform.quartz.factory.SyncJobFactory - SyncJobFactory execute
2017-07-25 16:56:02,410 [main] INFO  org.springframework.web.context.ContextLoader - Root WebApplicationContext: initialization started
2017-07-25 16:56:02,493 [main] INFO  org.springframework.web.context.support.XmlWebApplicationContext - Refreshing Root WebApplicationContext: startup date [Tue Jul 25 16:56:02 CST 2017]; root of context hierarchy
2017-07-25 16:56:02,523 [main] INFO  org.springframework.beans.factory.xml.XmlBeanDefinitionReader - Loading XML bean definitions from class path resource [entry/dev/spring-entry.xml]
2017-07-25 16:56:02,803 [main] INFO  org.springframework.beans.factory.xml.XmlBeanDefinitionReader - Loading XML bean definitions from class path resource [spring.xml]
2017-07-25 16:56:03,293 [main] INFO  org.springframework.beans.factory.config.PropertyPlaceholderConfigurer - Loading properties file from class path resource [entry/dev/spring.properties]
2017-07-25 16:56:03,294 [main] INFO  org.springframework.beans.factory.config.PropertyPlaceholderConfigurer - Loading properties file from class path resource [entry/dev/oss.properties]
2017-07-25 16:56:03,300 [main] INFO  org.springframework.beans.factory.annotation.AutowiredAnnotationBeanPostProcessor - JSR-330 'javax.inject.Inject' annotation found and supported for autowiring
2017-07-25 16:56:05,896 [main] INFO  org.quartz.impl.StdSchedulerFactory - Using default implementation for ThreadExecutor
2017-07-25 16:56:05,927 [main] INFO  org.quartz.core.SchedulerSignalerImpl - Initialized Scheduler Signaller of type: class org.quartz.core.SchedulerSignalerImpl
2017-07-25 16:56:05,929 [main] INFO  org.quartz.core.QuartzScheduler - Quartz Scheduler v.2.2.1 created.
2017-07-25 16:56:05,947 [main] INFO  org.springframework.scheduling.quartz.LocalDataSourceJobStore - Using db table-based data access locking (synchronization).
2017-07-25 16:56:05,950 [main] INFO  org.springframework.scheduling.quartz.LocalDataSourceJobStore - JobStoreCMT initialized.
2017-07-25 16:56:05,951 [main] INFO  org.quartz.core.QuartzScheduler - Scheduler meta-data: Quartz Scheduler (v2.2.1) 'ClusterScheduler' with instanceId 'RD4H1OJHK52Y32T1500972965899'
  Scheduler class: 'org.quartz.core.QuartzScheduler' - running locally.
  NOT STARTED.
  Currently in standby mode.
  Number of jobs executed: 0
  Using thread pool 'org.quartz.simpl.SimpleThreadPool' - with 20 threads.
  Using job-store 'org.springframework.scheduling.quartz.LocalDataSourceJobStore' - which supports persistence. and is clustered.

2017-07-25 16:56:05,951 [main] INFO  org.quartz.impl.StdSchedulerFactory - Quartz scheduler 'ClusterScheduler' initialized from an externally provided properties instance.
2017-07-25 16:56:05,951 [main] INFO  org.quartz.impl.StdSchedulerFactory - Quartz scheduler version: 2.2.1
2017-07-25 16:56:05,954 [main] INFO  org.quartz.core.QuartzScheduler - JobFactory set to: org.springframework.scheduling.quartz.AdaptableJobFactory@12026d62
2017-07-25 16:56:05,957 [main] INFO  org.springframework.context.support.DefaultLifecycleProcessor - Starting beans in phase 2147483647
2017-07-25 16:56:05,957 [main] INFO  org.springframework.scheduling.quartz.SchedulerFactoryBean - Will start Quartz Scheduler [ClusterScheduler] in 30 seconds
2017-07-25 16:56:05,965 [main] INFO  org.springframework.web.context.ContextLoader - Root WebApplicationContext: initialization completed in 3553 ms
2017-07-25 16:56:25,568 [qtp1056376395-20] INFO  org.springframework.web.servlet.DispatcherServlet - FrameworkServlet 'spring': initialization started
2017-07-25 16:56:25,577 [qtp1056376395-20] INFO  org.springframework.web.context.support.XmlWebApplicationContext - Refreshing WebApplicationContext for namespace 'spring-servlet': startup date [Tue Jul 25 16:56:25 CST 2017]; parent: Root WebApplicationContext
2017-07-25 16:56:25,578 [qtp1056376395-20] INFO  org.springframework.beans.factory.xml.XmlBeanDefinitionReader - Loading XML bean definitions from class path resource [spring-mvc.xml]
2017-07-25 16:56:25,870 [qtp1056376395-20] INFO  org.springframework.beans.factory.annotation.AutowiredAnnotationBeanPostProcessor - JSR-330 'javax.inject.Inject' annotation found and supported for autowiring
2017-07-25 16:56:26,585 [qtp1056376395-20] INFO  org.springframework.web.servlet.handler.SimpleUrlHandlerMapping - Mapped URL path [/**] onto handler 'org.springframework.web.servlet.resource.DefaultServletHttpRequestHandler#0'
2017-07-25 16:56:26,656 [qtp1056376395-20] INFO  org.springframework.web.servlet.handler.SimpleUrlHandlerMapping - Root mapping to handler of type [class org.springframework.web.servlet.mvc.ParameterizableViewController]
2017-07-25 16:56:26,688 [qtp1056376395-20] INFO  org.springframework.web.servlet.handler.SimpleUrlHandlerMapping - Mapped URL path [/css/**] onto handler 'org.springframework.web.servlet.resource.ResourceHttpRequestHandler#0'
2017-07-25 16:56:26,690 [qtp1056376395-20] INFO  org.springframework.web.servlet.handler.SimpleUrlHandlerMapping - Mapped URL path [/js/lib/**] onto handler 'org.springframework.web.servlet.resource.ResourceHttpRequestHandler#1'
2017-07-25 16:56:26,693 [qtp1056376395-20] INFO  org.springframework.web.servlet.handler.SimpleUrlHandlerMapping - Mapped URL path [/js/**] onto handler 'org.springframework.web.servlet.resource.ResourceHttpRequestHandler#2'
2017-07-25 16:56:26,697 [qtp1056376395-20] INFO  org.springframework.web.servlet.handler.SimpleUrlHandlerMapping - Mapped URL path [/img/**] onto handler 'org.springframework.web.servlet.resource.ResourceHttpRequestHandler#3'
2017-07-25 16:56:27,003 [qtp1056376395-20] INFO  org.springframework.web.servlet.mvc.method.annotation.RequestMappingHandlerMapping - Mapped "{[/admin/application/tolist],methods=[GET]}" onto public java.lang.String com.icinfo.platform.application.controller.admin.ApplicationController.toList(org.springframework.ui.Model) throws java.lang.Exception
2017-07-25 16:56:27,006 [qtp1056376395-20] INFO  org.springframework.web.servlet.mvc.method.annotation.RequestMappingHandlerMapping - Mapped "{[/admin/application/addoredit],methods=[POST]}" onto public java.lang.String com.icinfo.platform.application.controller.admin.ApplicationController.addOrEdit(com.icinfo.platform.application.model.Application,org.springframework.web.multipart.commons.CommonsMultipartFile) throws java.lang.Exception
2017-07-25 16:56:27,007 [qtp1056376395-20] INFO  org.springframework.web.servlet.mvc.method.annotation.RequestMappingHandlerMapping - Mapped "{[/admin/application/toadd],methods=[GET]}" onto public java.lang.String com.icinfo.platform.application.controller.admin.ApplicationController.toAdd() throws java.lang.Exception
2017-07-25 16:56:27,009 [qtp1056376395-20] INFO  org.springframework.web.servlet.mvc.method.annotation.RequestMappingHandlerMapping - Mapped "{[/client/application/toshowlist],methods=[GET]}" onto public java.lang.String com.icinfo.platform.application.controller.client.ApplicationController.toShowList(org.springframework.ui.Model) throws java.lang.Exception
2017-07-25 16:56:27,012 [qtp1056376395-20] INFO  org.springframework.web.servlet.mvc.method.annotation.RequestMappingHandlerMapping - Mapped "{[/admin/base/verf],methods=[GET],produces=[application/json]}" onto public com.icinfo.platform.common.bean.AjaxResponse<java.lang.String> com.icinfo.platform.business.controller.admin.BaseInfoController.verf(java.lang.String) throws java.lang.Exception
2017-07-25 16:56:27,012 [qtp1056376395-20] INFO  org.springframework.web.servlet.mvc.method.annotation.RequestMappingHandlerMapping - Mapped "{[/admin/base/readarealist],methods=[GET],produces=[application/json]}" onto public com.icinfo.platform.common.bean.AjaxResponse<java.util.List<com.icinfo.platform.business.model.BaseInfoArea>> com.icinfo.platform.business.controller.admin.BaseInfoController.readAreaList() throws java.lang.Exception
2017-07-25 16:56:27,017 [qtp1056376395-20] INFO  org.springframework.web.servlet.mvc.method.annotation.RequestMappingHandlerMapping - Mapped "{[/admin/college/tolist],methods=[GET]}" onto public java.lang.String com.icinfo.platform.business.controller.admin.CollegeController.toList() throws java.lang.Exception
2017-07-25 16:56:27,017 [qtp1056376395-20] INFO  org.springframework.web.servlet.mvc.method.annotation.RequestMappingHandlerMapping - Mapped "{[/admin/college/toaddoredit],methods=[GET]}" onto public java.lang.String com.icinfo.platform.business.controller.admin.CollegeController.toAddOrEdit() throws java.lang.Exception
2017-07-25 16:56:27,017 [qtp1056376395-20] INFO  org.springframework.web.servlet.mvc.method.annotation.RequestMappingHandlerMapping - Mapped "{[/admin/college/readlistbycode],methods=[GET]}" onto public com.icinfo.platform.common.bean.AjaxResponse<java.util.List<com.icinfo.platform.business.model.College>> com.icinfo.platform.business.controller.admin.CollegeController.readListByCode(java.lang.String) throws java.lang.Exception
2017-07-25 16:56:27,018 [qtp1056376395-20] INFO  org.springframework.web.servlet.mvc.method.annotation.RequestMappingHandlerMapping - Mapped "{[/admin/invoke/process],methods=[GET],produces=[application/json;charset=UTF-8]}" onto public com.icinfo.platform.common.bean.AjaxResponse com.icinfo.platform.business.controller.admin.InvokeController.process(java.util.Map<java.lang.String, java.lang.Object>) throws java.lang.Exception
2017-07-25 16:56:27,019 [qtp1056376395-20] INFO  org.springframework.web.servlet.mvc.method.annotation.RequestMappingHandlerMapping - Mapped "{[/page/{path}/{file}]}" onto public java.lang.String com.icinfo.platform.common.controller.CommonController.page(java.lang.String,java.lang.String)
2017-07-25 16:56:27,020 [qtp1056376395-20] INFO  org.springframework.web.servlet.mvc.method.annotation.RequestMappingHandlerMapping - Mapped "{[/page/{module}/{path}/{file}]}" onto public java.lang.String com.icinfo.platform.common.controller.CommonController.page(java.lang.String,java.lang.String,java.lang.String)
2017-07-25 16:56:27,025 [qtp1056376395-20] INFO  org.springframework.web.servlet.mvc.method.annotation.RequestMappingHandlerMapping - Mapped "{[/admin/image/delete/{id}],methods=[POST]}" onto public com.icinfo.platform.common.bean.AjaxResponse<java.lang.Boolean> com.icinfo.platform.image.controller.admin.ImageController.delete(java.lang.String,javax.servlet.http.HttpServletRequest) throws java.lang.Exception
2017-07-25 16:56:27,026 [qtp1056376395-20] INFO  org.springframework.web.servlet.mvc.method.annotation.RequestMappingHandlerMapping - Mapped "{[/admin/image/list],methods=[GET]}" onto public java.lang.String com.icinfo.platform.image.controller.admin.ImageController.list(org.springframework.ui.Model) throws java.lang.Exception
2017-07-25 16:56:27,027 [qtp1056376395-20] INFO  org.springframework.web.servlet.mvc.method.annotation.RequestMappingHandlerMapping - Mapped "{[/admin/image/addoredit],methods=[POST]}" onto public java.lang.String com.icinfo.platform.image.controller.admin.ImageController.addOrEdit(javax.servlet.http.HttpServletRequest,org.springframework.ui.Model,com.icinfo.platform.image.model.Image,org.springframework.web.multipart.commons.CommonsMultipartFile,com.icinfo.platform.system.model.User) throws java.lang.Exception
2017-07-25 16:56:27,027 [qtp1056376395-20] INFO  org.springframework.web.servlet.mvc.method.annotation.RequestMappingHandlerMapping - Mapped "{[/admin/image/toaddoredit],methods=[GET]}" onto public java.lang.String com.icinfo.platform.image.controller.admin.ImageController.toAddOrEdit() throws java.lang.Exception
2017-07-25 16:56:27,029 [qtp1056376395-20] INFO  org.springframework.web.servlet.mvc.method.annotation.RequestMappingHandlerMapping - Mapped "{[/save-schedule-job],methods=[POST]}" onto public java.lang.String com.icinfo.platform.quartz.controller.ScheduleJobController.saveScheduleJob(com.icinfo.platform.quartz.dto.ScheduleJobDto)
2017-07-25 16:56:27,030 [qtp1056376395-20] INFO  org.springframework.web.servlet.mvc.method.annotation.RequestMappingHandlerMapping - Mapped "{[/list-schedule-job],methods=[GET]}" onto public java.lang.String com.icinfo.platform.quartz.controller.ScheduleJobController.listScheduleJob(org.springframework.ui.ModelMap) throws java.lang.Exception
2017-07-25 16:56:27,030 [qtp1056376395-20] INFO  org.springframework.web.servlet.mvc.method.annotation.RequestMappingHandlerMapping - Mapped "{[/input-schedule-job],methods=[GET]}" onto public java.lang.String com.icinfo.platform.quartz.controller.ScheduleJobController.inputScheduleJob(com.icinfo.platform.quartz.dto.ScheduleJobDto,org.springframework.ui.ModelMap)
2017-07-25 16:56:27,030 [qtp1056376395-20] INFO  org.springframework.web.servlet.mvc.method.annotation.RequestMappingHandlerMapping - Mapped "{[/pause-schedule-job],methods=[GET]}" onto public java.lang.String com.icinfo.platform.quartz.controller.ScheduleJobController.pauseScheduleJob(java.lang.Long)
2017-07-25 16:56:27,030 [qtp1056376395-20] INFO  org.springframework.web.servlet.mvc.method.annotation.RequestMappingHandlerMapping - Mapped "{[/run-once-schedule-job],methods=[GET]}" onto public java.lang.String com.icinfo.platform.quartz.controller.ScheduleJobController.runOnceScheduleJob(java.lang.Long)
2017-07-25 16:56:27,031 [qtp1056376395-20] INFO  org.springframework.web.servlet.mvc.method.annotation.RequestMappingHandlerMapping - Mapped "{[/resume-schedule-job],methods=[GET]}" onto public java.lang.String com.icinfo.platform.quartz.controller.ScheduleJobController.resumeScheduleJob(java.lang.Long)
2017-07-25 16:56:27,031 [qtp1056376395-20] INFO  org.springframework.web.servlet.mvc.method.annotation.RequestMappingHandlerMapping - Mapped "{[/delete-schedule-job],methods=[GET]}" onto public java.lang.String com.icinfo.platform.quartz.controller.ScheduleJobController.deleteScheduleJob(java.lang.Long)
2017-07-25 16:56:27,032 [qtp1056376395-20] INFO  org.springframework.web.servlet.mvc.method.annotation.RequestMappingHandlerMapping - Mapped "{[/client/captcha/checkcode],methods=[GET]}" onto public boolean com.icinfo.platform.system.controller.client.CaptchaController.checkcode(java.lang.String,javax.servlet.http.HttpSession)
2017-07-25 16:56:27,034 [qtp1056376395-20] INFO  org.springframework.web.servlet.mvc.method.annotation.RequestMappingHandlerMapping - Mapped "{[/client/captcha/generatecode],methods=[GET]}" onto public org.springframework.http.ResponseEntity<byte[]> com.icinfo.platform.system.controller.client.CaptchaController.generateCode(javax.servlet.http.HttpSession) throws java.lang.Exception
2017-07-25 16:56:27,036 [qtp1056376395-20] INFO  org.springframework.web.servlet.mvc.method.annotation.RequestMappingHandlerMapping - Mapped "{[/],methods=[GET]}" onto public java.lang.String com.icinfo.platform.system.controller.client.IndexController.index() throws java.lang.Exception
2017-07-25 16:56:27,036 [qtp1056376395-20] INFO  org.springframework.web.servlet.mvc.method.annotation.RequestMappingHandlerMapping - Mapped "{[/home],methods=[GET]}" onto public java.lang.String com.icinfo.platform.system.controller.client.IndexController.home() throws java.lang.Exception
2017-07-25 16:56:27,037 [qtp1056376395-20] INFO  org.springframework.web.servlet.mvc.method.annotation.RequestMappingHandlerMapping - Mapped "{[/testsend],methods=[GET]}" onto public com.icinfo.platform.common.bean.AjaxResult com.icinfo.platform.system.controller.client.IndexController.testSend() throws java.lang.Exception
2017-07-25 16:56:27,040 [qtp1056376395-20] INFO  org.springframework.web.servlet.mvc.method.annotation.RequestMappingHandlerMapping - Mapped "{[/client/login],methods=[POST]}" onto public com.icinfo.platform.common.bean.AjaxResponse<java.lang.Boolean> com.icinfo.platform.system.controller.client.LoginController.login(com.icinfo.platform.system.model.User,org.springframework.ui.Model) throws java.lang.Exception
2017-07-25 16:56:27,040 [qtp1056376395-20] INFO  org.springframework.web.servlet.mvc.method.annotation.RequestMappingHandlerMapping - Mapped "{[/client/toregister],methods=[GET]}" onto public java.lang.String com.icinfo.platform.system.controller.client.LoginController.toRegister() throws java.lang.Exception
2017-07-25 16:56:27,040 [qtp1056376395-20] INFO  org.springframework.web.servlet.mvc.method.annotation.RequestMappingHandlerMapping - Mapped "{[/client/tologin],methods=[GET]}" onto public java.lang.String com.icinfo.platform.system.controller.client.LoginController.toLogin() throws java.lang.Exception
2017-07-25 16:56:27,041 [qtp1056376395-20] INFO  org.springframework.web.servlet.mvc.method.annotation.RequestMappingHandlerMapping - Mapped "{[/client/user/save],methods=[POST],produces=[application/json]}" onto public com.icinfo.platform.common.bean.AjaxResponse<java.lang.Boolean> com.icinfo.platform.system.controller.client.UserController.save(com.icinfo.platform.system.model.User) throws java.lang.Exception
2017-07-25 16:56:27,046 [qtp1056376395-20] INFO  org.springframework.web.servlet.mvc.method.annotation.RequestMappingHandlerMapping - Mapped "{[/core/service],methods=[GET],produces=[application/xml;charset=UTF-8]}" onto public java.lang.String com.icinfo.platform.wechat.core.controller.CoreController.validate(javax.servlet.http.HttpServletRequest) throws java.lang.Exception
2017-07-25 16:56:27,046 [qtp1056376395-20] INFO  org.springframework.web.servlet.mvc.method.annotation.RequestMappingHandlerMapping - Mapped "{[/core/service],methods=[POST],produces=[application/xml;charset=UTF-8]}" onto public java.lang.String com.icinfo.platform.wechat.core.controller.CoreController.processMsg(javax.servlet.http.HttpServletRequest) throws java.lang.Exception
2017-07-25 16:56:27,955 [qtp1056376395-20] INFO  org.springframework.web.servlet.mvc.method.annotation.RequestMappingHandlerAdapter - Looking for @ControllerAdvice: WebApplicationContext for namespace 'spring-servlet': startup date [Tue Jul 25 16:56:25 CST 2017]; parent: Root WebApplicationContext
2017-07-25 16:56:28,083 [qtp1056376395-20] INFO  org.springframework.web.servlet.mvc.method.annotation.RequestMappingHandlerAdapter - Looking for @ControllerAdvice: WebApplicationContext for namespace 'spring-servlet': startup date [Tue Jul 25 16:56:25 CST 2017]; parent: Root WebApplicationContext
2017-07-25 16:56:28,222 [qtp1056376395-20] INFO  org.springframework.web.servlet.mvc.method.annotation.ExceptionHandlerExceptionResolver - Detected @ExceptionHandler methods in controllerExceptionAdvice
2017-07-25 16:56:28,488 [qtp1056376395-20] INFO  org.springframework.web.servlet.DispatcherServlet - FrameworkServlet 'spring': initialization completed in 2919 ms
2017-07-25 16:56:35,959 [Quartz Scheduler [ClusterScheduler]] INFO  org.springframework.scheduling.quartz.SchedulerFactoryBean - Starting Quartz Scheduler now, after delay of 30 seconds
2017-07-25 16:56:36,011 [Quartz Scheduler [ClusterScheduler]] INFO  org.springframework.scheduling.quartz.LocalDataSourceJobStore - ClusterManager: detected 1 failed or restarted instances.
2017-07-25 16:56:36,011 [Quartz Scheduler [ClusterScheduler]] INFO  org.springframework.scheduling.quartz.LocalDataSourceJobStore - ClusterManager: Scanning for instance "RD4H1OJHK52Y32T1500971590722"'s failed in-progress jobs.
2017-07-25 16:56:36,034 [Quartz Scheduler [ClusterScheduler]] INFO  org.springframework.scheduling.quartz.LocalDataSourceJobStore - ClusterManager: ......Freed 1 acquired trigger(s).
2017-07-25 16:56:36,079 [Quartz Scheduler [ClusterScheduler]] INFO  org.quartz.core.QuartzScheduler - Scheduler ClusterScheduler_$_RD4H1OJHK52Y32T1500972965899 started.
2017-07-25 16:56:36,087 [QuartzScheduler_ClusterScheduler-RD4H1OJHK52Y32T1500972965899_MisfireHandler] INFO  org.springframework.scheduling.quartz.LocalDataSourceJobStore - Handling 1 trigger(s) that missed their scheduled fire-time.
2017-07-25 16:56:36,384 [ClusterScheduler_Worker-1] INFO  com.icinfo.platform.quartz.factory.SyncJobFactory - SyncJobFactory execute
2017-07-25 16:57:00,081 [ClusterScheduler_Worker-2] INFO  com.icinfo.platform.quartz.factory.SyncJobFactory - SyncJobFactory execute
2017-07-25 16:57:30,148 [ClusterScheduler_Worker-3] INFO  com.icinfo.platform.quartz.factory.SyncJobFactory - SyncJobFactory execute
2017-07-25 16:58:00,072 [ClusterScheduler_Worker-4] INFO  com.icinfo.platform.quartz.factory.SyncJobFactory - SyncJobFactory execute
2017-07-25 16:58:30,039 [ClusterScheduler_Worker-5] INFO  com.icinfo.platform.quartz.factory.SyncJobFactory - SyncJobFactory execute
2017-07-25 16:59:03,342 [ClusterScheduler_Worker-6] INFO  com.icinfo.platform.quartz.factory.SyncJobFactory - SyncJobFactory execute
2017-07-25 16:59:35,640 [ClusterScheduler_Worker-7] INFO  com.icinfo.platform.quartz.factory.SyncJobFactory - SyncJobFactory execute
2017-07-25 17:00:00,043 [ClusterScheduler_Worker-8] INFO  com.icinfo.platform.quartz.factory.SyncJobFactory - SyncJobFactory execute
2017-07-25 17:00:30,059 [ClusterScheduler_Worker-9] INFO  com.icinfo.platform.quartz.factory.SyncJobFactory - SyncJobFactory execute
2017-07-25 17:01:00,059 [ClusterScheduler_Worker-10] INFO  com.icinfo.platform.quartz.factory.SyncJobFactory - SyncJobFactory execute
2017-07-25 17:01:30,097 [ClusterScheduler_Worker-11] INFO  com.icinfo.platform.quartz.factory.SyncJobFactory - SyncJobFactory execute
2017-07-25 17:02:00,053 [ClusterScheduler_Worker-12] INFO  com.icinfo.platform.quartz.factory.SyncJobFactory - SyncJobFactory execute
2017-07-25 17:02:31,107 [ClusterScheduler_Worker-13] INFO  com.icinfo.platform.quartz.factory.SyncJobFactory - SyncJobFactory execute
2017-07-25 17:03:00,087 [ClusterScheduler_Worker-14] INFO  com.icinfo.platform.quartz.factory.SyncJobFactory - SyncJobFactory execute
2017-07-25 17:03:30,044 [ClusterScheduler_Worker-15] INFO  com.icinfo.platform.quartz.factory.SyncJobFactory - SyncJobFactory execute
2017-07-25 17:04:00,052 [ClusterScheduler_Worker-16] INFO  com.icinfo.platform.quartz.factory.SyncJobFactory - SyncJobFactory execute
2017-07-25 17:04:30,057 [ClusterScheduler_Worker-17] INFO  com.icinfo.platform.quartz.factory.SyncJobFactory - SyncJobFactory execute
2017-07-25 17:05:00,044 [ClusterScheduler_Worker-18] INFO  com.icinfo.platform.quartz.factory.SyncJobFactory - SyncJobFactory execute
2017-07-25 17:05:30,044 [ClusterScheduler_Worker-19] INFO  com.icinfo.platform.quartz.factory.SyncJobFactory - SyncJobFactory execute
2017-07-25 17:06:00,042 [ClusterScheduler_Worker-20] INFO  com.icinfo.platform.quartz.factory.SyncJobFactory - SyncJobFactory execute
2017-07-25 17:06:30,061 [ClusterScheduler_Worker-1] INFO  com.icinfo.platform.quartz.factory.SyncJobFactory - SyncJobFactory execute
2017-07-25 17:07:00,057 [ClusterScheduler_Worker-2] INFO  com.icinfo.platform.quartz.factory.SyncJobFactory - SyncJobFactory execute
2017-07-25 17:07:30,049 [ClusterScheduler_Worker-3] INFO  com.icinfo.platform.quartz.factory.SyncJobFactory - SyncJobFactory execute
2017-07-25 17:08:00,057 [ClusterScheduler_Worker-4] INFO  com.icinfo.platform.quartz.factory.SyncJobFactory - SyncJobFactory execute
2017-07-25 17:08:30,081 [ClusterScheduler_Worker-5] INFO  com.icinfo.platform.quartz.factory.SyncJobFactory - SyncJobFactory execute
2017-07-25 17:09:00,057 [ClusterScheduler_Worker-6] INFO  com.icinfo.platform.quartz.factory.SyncJobFactory - SyncJobFactory execute
2017-07-25 17:09:30,044 [ClusterScheduler_Worker-7] INFO  com.icinfo.platform.quartz.factory.SyncJobFactory - SyncJobFactory execute
2017-07-25 17:10:00,039 [ClusterScheduler_Worker-8] INFO  com.icinfo.platform.quartz.factory.SyncJobFactory - SyncJobFactory execute
2017-07-25 17:10:30,044 [ClusterScheduler_Worker-9] INFO  com.icinfo.platform.quartz.factory.SyncJobFactory - SyncJobFactory execute
2017-07-25 17:11:00,046 [ClusterScheduler_Worker-10] INFO  com.icinfo.platform.quartz.factory.SyncJobFactory - SyncJobFactory execute
2017-07-25 17:11:30,051 [ClusterScheduler_Worker-11] INFO  com.icinfo.platform.quartz.factory.SyncJobFactory - SyncJobFactory execute
2017-07-25 17:12:00,084 [ClusterScheduler_Worker-12] INFO  com.icinfo.platform.quartz.factory.SyncJobFactory - SyncJobFactory execute
2017-07-25 17:12:30,105 [ClusterScheduler_Worker-13] INFO  com.icinfo.platform.quartz.factory.SyncJobFactory - SyncJobFactory execute
2017-07-25 17:13:00,041 [ClusterScheduler_Worker-14] INFO  com.icinfo.platform.quartz.factory.SyncJobFactory - SyncJobFactory execute
2017-07-25 17:13:30,050 [ClusterScheduler_Worker-15] INFO  com.icinfo.platform.quartz.factory.SyncJobFactory - SyncJobFactory execute
2017-07-25 17:14:00,484 [ClusterScheduler_Worker-16] INFO  com.icinfo.platform.quartz.factory.SyncJobFactory - SyncJobFactory execute
2017-07-25 17:14:30,050 [ClusterScheduler_Worker-17] INFO  com.icinfo.platform.quartz.factory.SyncJobFactory - SyncJobFactory execute
