2017-07-04 09:17:30,254 [main] INFO  org.springframework.web.context.ContextLoader - Root WebApplicationContext: initialization started
2017-07-04 09:17:30,932 [main] INFO  org.springframework.web.context.support.XmlWebApplicationContext - Refreshing Root WebApplicationContext: startup date [Tue Jul 04 09:17:30 CST 2017]; root of context hierarchy
2017-07-04 09:17:31,475 [main] INFO  org.springframework.beans.factory.xml.XmlBeanDefinitionReader - Loading XML bean definitions from class path resource [entry/dev/spring-entry.xml]
2017-07-04 09:17:31,883 [main] INFO  org.springframework.beans.factory.xml.XmlBeanDefinitionReader - Loading XML bean definitions from class path resource [spring.xml]
2017-07-04 09:17:33,736 [main] INFO  org.springframework.beans.factory.config.PropertyPlaceholderConfigurer - Loading properties file from class path resource [entry/dev/spring.properties]
2017-07-04 09:17:33,737 [main] INFO  org.springframework.beans.factory.config.PropertyPlaceholderConfigurer - Loading properties file from class path resource [entry/dev/oss.properties]
2017-07-04 09:17:33,754 [main] INFO  org.springframework.beans.factory.annotation.AutowiredAnnotationBeanPostProcessor - JSR-330 'javax.inject.Inject' annotation found and supported for autowiring
2017-07-04 09:17:35,574 [main] INFO  com.alibaba.druid.pool.DruidDataSource - {dataSource-1} inited
2017-07-04 09:17:38,915 [main] INFO  org.springframework.web.context.ContextLoader - Root WebApplicationContext: initialization completed in 8656 ms
2017-07-04 09:23:21,350 [qtp2075455645-45] INFO  org.springframework.web.servlet.DispatcherServlet - FrameworkServlet 'spring': initialization started
2017-07-04 09:23:21,357 [qtp2075455645-45] INFO  org.springframework.web.context.support.XmlWebApplicationContext - Refreshing WebApplicationContext for namespace 'spring-servlet': startup date [Tue Jul 04 09:23:21 CST 2017]; parent: Root WebApplicationContext
2017-07-04 09:23:21,388 [qtp2075455645-45] INFO  org.springframework.beans.factory.xml.XmlBeanDefinitionReader - Loading XML bean definitions from class path resource [spring-mvc.xml]
2017-07-04 09:23:22,124 [qtp2075455645-45] INFO  org.springframework.beans.factory.annotation.AutowiredAnnotationBeanPostProcessor - JSR-330 'javax.inject.Inject' annotation found and supported for autowiring
2017-07-04 09:23:22,932 [qtp2075455645-45] WARN  org.springframework.web.context.support.XmlWebApplicationContext - Exception encountered during context initialization - cancelling refresh attempt: org.springframework.beans.factory.BeanCreationException: Error creating bean with name 'invokeController': Injection of autowired dependencies failed; nested exception is org.springframework.beans.factory.BeanCreationException: Could not autowire field: private com.icinfo.platform.business.service.IInvokeService com.icinfo.platform.business.controller.admin.InvokeController.invokeService; nested exception is org.springframework.beans.factory.BeanCreationException: Error creating bean with name 'invokeServiceImpl': Injection of autowired dependencies failed; nested exception is org.springframework.beans.factory.BeanCreationException: Could not autowire field: private com.icinfo.platform.business.base.Resolver.MessageRouter com.icinfo.platform.business.service.impl.InvokeServiceImpl.messageRouter; nested exception is org.springframework.beans.factory.NoSuchBeanDefinitionException: No qualifying bean of type [com.icinfo.platform.business.base.Resolver.MessageRouter] found for dependency: expected at least 1 bean which qualifies as autowire candidate for this dependency. Dependency annotations: {@org.springframework.beans.factory.annotation.Autowired(required=true)}
2017-07-04 09:23:22,944 [qtp2075455645-45] ERROR org.springframework.web.servlet.DispatcherServlet - Context initialization failed
org.springframework.beans.factory.BeanCreationException: Error creating bean with name 'invokeController': Injection of autowired dependencies failed; nested exception is org.springframework.beans.factory.BeanCreationException: Could not autowire field: private com.icinfo.platform.business.service.IInvokeService com.icinfo.platform.business.controller.admin.InvokeController.invokeService; nested exception is org.springframework.beans.factory.BeanCreationException: Error creating bean with name 'invokeServiceImpl': Injection of autowired dependencies failed; nested exception is org.springframework.beans.factory.BeanCreationException: Could not autowire field: private com.icinfo.platform.business.base.Resolver.MessageRouter com.icinfo.platform.business.service.impl.InvokeServiceImpl.messageRouter; nested exception is org.springframework.beans.factory.NoSuchBeanDefinitionException: No qualifying bean of type [com.icinfo.platform.business.base.Resolver.MessageRouter] found for dependency: expected at least 1 bean which qualifies as autowire candidate for this dependency. Dependency annotations: {@org.springframework.beans.factory.annotation.Autowired(required=true)}
	at org.springframework.beans.factory.annotation.AutowiredAnnotationBeanPostProcessor.postProcessPropertyValues(AutowiredAnnotationBeanPostProcessor.java:334) ~[spring-beans-4.2.9.RELEASE.jar:4.2.9.RELEASE]
	at org.springframework.beans.factory.support.AbstractAutowireCapableBeanFactory.populateBean(AbstractAutowireCapableBeanFactory.java:1219) ~[spring-beans-4.2.9.RELEASE.jar:4.2.9.RELEASE]
	at org.springframework.beans.factory.support.AbstractAutowireCapableBeanFactory.doCreateBean(AbstractAutowireCapableBeanFactory.java:551) ~[spring-beans-4.2.9.RELEASE.jar:4.2.9.RELEASE]
	at org.springframework.beans.factory.support.AbstractAutowireCapableBeanFactory.createBean(AbstractAutowireCapableBeanFactory.java:482) ~[spring-beans-4.2.9.RELEASE.jar:4.2.9.RELEASE]
	at org.springframework.beans.factory.support.AbstractBeanFactory$1.getObject(AbstractBeanFactory.java:306) ~[spring-beans-4.2.9.RELEASE.jar:4.2.9.RELEASE]
	at org.springframework.beans.factory.support.DefaultSingletonBeanRegistry.getSingleton(DefaultSingletonBeanRegistry.java:230) ~[spring-beans-4.2.9.RELEASE.jar:4.2.9.RELEASE]
	at org.springframework.beans.factory.support.AbstractBeanFactory.doGetBean(AbstractBeanFactory.java:302) ~[spring-beans-4.2.9.RELEASE.jar:4.2.9.RELEASE]
	at org.springframework.beans.factory.support.AbstractBeanFactory.getBean(AbstractBeanFactory.java:197) ~[spring-beans-4.2.9.RELEASE.jar:4.2.9.RELEASE]
	at org.springframework.beans.factory.support.DefaultListableBeanFactory.preInstantiateSingletons(DefaultListableBeanFactory.java:778) ~[spring-beans-4.2.9.RELEASE.jar:4.2.9.RELEASE]
	at org.springframework.context.support.AbstractApplicationContext.finishBeanFactoryInitialization(AbstractApplicationContext.java:843) ~[spring-context-4.2.9.RELEASE.jar:4.2.9.RELEASE]
	at org.springframework.context.support.AbstractApplicationContext.__refresh(AbstractApplicationContext.java:541) ~[spring-context-4.2.9.RELEASE.jar:4.2.9.RELEASE]
	at org.springframework.context.support.AbstractApplicationContext.refresh(AbstractApplicationContext.java) ~[spring-context-4.2.9.RELEASE.jar:4.2.9.RELEASE]
	at org.springframework.web.servlet.FrameworkServlet.configureAndRefreshWebApplicationContext(FrameworkServlet.java:666) ~[spring-webmvc-4.2.9.RELEASE.jar:4.2.9.RELEASE]
	at org.springframework.web.servlet.FrameworkServlet.createWebApplicationContext(FrameworkServlet.java:632) ~[spring-webmvc-4.2.9.RELEASE.jar:4.2.9.RELEASE]
	at org.springframework.web.servlet.FrameworkServlet.createWebApplicationContext(FrameworkServlet.java:680) ~[spring-webmvc-4.2.9.RELEASE.jar:4.2.9.RELEASE]
	at org.springframework.web.servlet.FrameworkServlet.initWebApplicationContext(FrameworkServlet.java:551) ~[spring-webmvc-4.2.9.RELEASE.jar:4.2.9.RELEASE]
	at org.springframework.web.servlet.FrameworkServlet.initServletBean(FrameworkServlet.java:492) ~[spring-webmvc-4.2.9.RELEASE.jar:4.2.9.RELEASE]
	at org.springframework.web.servlet.HttpServletBean.init(HttpServletBean.java:136) [spring-webmvc-4.2.9.RELEASE.jar:4.2.9.RELEASE]
	at javax.servlet.GenericServlet.init(GenericServlet.java:244) [javax.servlet-api-3.1.0.jar:3.1.0]
	at org.eclipse.jetty.servlet.ServletHolder.initServlet(ServletHolder.java:640) [jetty-servlet-9.3.7.v20160115.jar:9.3.7.v20160115]
	at org.eclipse.jetty.servlet.ServletHolder.getServlet(ServletHolder.java:496) [jetty-servlet-9.3.7.v20160115.jar:9.3.7.v20160115]
	at org.eclipse.jetty.servlet.ServletHolder.ensureInstance(ServletHolder.java:788) [jetty-servlet-9.3.7.v20160115.jar:9.3.7.v20160115]
	at org.eclipse.jetty.servlet.ServletHolder.prepare(ServletHolder.java:773) [jetty-servlet-9.3.7.v20160115.jar:9.3.7.v20160115]
	at org.eclipse.jetty.servlet.ServletHandler.doHandle(ServletHandler.java:578) [jetty-servlet-9.3.7.v20160115.jar:9.3.7.v20160115]
	at org.eclipse.jetty.server.handler.ScopedHandler.handle(ScopedHandler.java:143) [jetty-server-9.3.7.v20160115.jar:9.3.7.v20160115]
	at org.eclipse.jetty.security.SecurityHandler.handle(SecurityHandler.java:548) [jetty-security-9.3.7.v20160115.jar:9.3.7.v20160115]
	at org.eclipse.jetty.server.session.SessionHandler.doHandle(SessionHandler.java:226) [jetty-server-9.3.7.v20160115.jar:9.3.7.v20160115]
	at org.eclipse.jetty.server.handler.ContextHandler.__doHandle(ContextHandler.java:1158) [jetty-server-9.3.7.v20160115.jar:9.3.7.v20160115]
	at org.eclipse.jetty.server.handler.ContextHandler.doHandle(ContextHandler.java) [jetty-server-9.3.7.v20160115.jar:9.3.7.v20160115]
	at org.eclipse.jetty.servlet.ServletHandler.doScope(ServletHandler.java:511) [jetty-servlet-9.3.7.v20160115.jar:9.3.7.v20160115]
	at org.eclipse.jetty.server.session.SessionHandler.doScope(SessionHandler.java:185) [jetty-server-9.3.7.v20160115.jar:9.3.7.v20160115]
	at org.eclipse.jetty.server.handler.ContextHandler.doScope(ContextHandler.java:1090) [jetty-server-9.3.7.v20160115.jar:9.3.7.v20160115]
	at org.eclipse.jetty.server.handler.ScopedHandler.handle(ScopedHandler.java:141) [jetty-server-9.3.7.v20160115.jar:9.3.7.v20160115]
	at org.eclipse.jetty.server.handler.ContextHandlerCollection.handle(ContextHandlerCollection.java:213) [jetty-server-9.3.7.v20160115.jar:9.3.7.v20160115]
	at org.eclipse.jetty.server.handler.HandlerCollection.handle(HandlerCollection.java:109) [jetty-server-9.3.7.v20160115.jar:9.3.7.v20160115]
	at org.eclipse.jetty.server.handler.HandlerWrapper.handle(HandlerWrapper.java:119) [jetty-server-9.3.7.v20160115.jar:9.3.7.v20160115]
	at org.eclipse.jetty.server.Server.handle(Server.java:517) [jetty-server-9.3.7.v20160115.jar:9.3.7.v20160115]
	at org.eclipse.jetty.server.HttpChannel.handle(HttpChannel.java:308) [jetty-server-9.3.7.v20160115.jar:9.3.7.v20160115]
	at org.eclipse.jetty.server.HttpConnection.onFillable(HttpConnection.java:242) [jetty-server-9.3.7.v20160115.jar:9.3.7.v20160115]
	at org.eclipse.jetty.io.AbstractConnection$ReadCallback.succeeded(AbstractConnection.java:273) [jetty-io-9.3.7.v20160115.jar:9.3.7.v20160115]
	at org.eclipse.jetty.io.FillInterest.fillable(FillInterest.java:95) [jetty-io-9.3.7.v20160115.jar:9.3.7.v20160115]
	at org.eclipse.jetty.io.SelectChannelEndPoint$2.run(SelectChannelEndPoint.java:75) [jetty-io-9.3.7.v20160115.jar:9.3.7.v20160115]
	at org.eclipse.jetty.util.thread.strategy.ExecuteProduceConsume.produceAndRun(ExecuteProduceConsume.java:213) [jetty-util-9.3.7.v20160115.jar:9.3.7.v20160115]
	at org.eclipse.jetty.util.thread.strategy.ExecuteProduceConsume.run(ExecuteProduceConsume.java:147) [jetty-util-9.3.7.v20160115.jar:9.3.7.v20160115]
	at org.eclipse.jetty.util.thread.QueuedThreadPool.runJob(QueuedThreadPool.java:654) [jetty-util-9.3.7.v20160115.jar:9.3.7.v20160115]
	at org.eclipse.jetty.util.thread.QueuedThreadPool$3.run(QueuedThreadPool.java:572) [jetty-util-9.3.7.v20160115.jar:9.3.7.v20160115]
	at java.lang.Thread.run(Thread.java:745) [na:1.8.0_65]
Caused by: org.springframework.beans.factory.BeanCreationException: Could not autowire field: private com.icinfo.platform.business.service.IInvokeService com.icinfo.platform.business.controller.admin.InvokeController.invokeService; nested exception is org.springframework.beans.factory.BeanCreationException: Error creating bean with name 'invokeServiceImpl': Injection of autowired dependencies failed; nested exception is org.springframework.beans.factory.BeanCreationException: Could not autowire field: private com.icinfo.platform.business.base.Resolver.MessageRouter com.icinfo.platform.business.service.impl.InvokeServiceImpl.messageRouter; nested exception is org.springframework.beans.factory.NoSuchBeanDefinitionException: No qualifying bean of type [com.icinfo.platform.business.base.Resolver.MessageRouter] found for dependency: expected at least 1 bean which qualifies as autowire candidate for this dependency. Dependency annotations: {@org.springframework.beans.factory.annotation.Autowired(required=true)}
	at org.springframework.beans.factory.annotation.AutowiredAnnotationBeanPostProcessor$AutowiredFieldElement.inject(AutowiredAnnotationBeanPostProcessor.java:573) ~[spring-beans-4.2.9.RELEASE.jar:4.2.9.RELEASE]
	at org.springframework.beans.factory.annotation.InjectionMetadata.inject(InjectionMetadata.java:88) ~[spring-beans-4.2.9.RELEASE.jar:4.2.9.RELEASE]
	at org.springframework.beans.factory.annotation.AutowiredAnnotationBeanPostProcessor.postProcessPropertyValues(AutowiredAnnotationBeanPostProcessor.java:331) ~[spring-beans-4.2.9.RELEASE.jar:4.2.9.RELEASE]
	... 46 common frames omitted
Caused by: org.springframework.beans.factory.BeanCreationException: Error creating bean with name 'invokeServiceImpl': Injection of autowired dependencies failed; nested exception is org.springframework.beans.factory.BeanCreationException: Could not autowire field: private com.icinfo.platform.business.base.Resolver.MessageRouter com.icinfo.platform.business.service.impl.InvokeServiceImpl.messageRouter; nested exception is org.springframework.beans.factory.NoSuchBeanDefinitionException: No qualifying bean of type [com.icinfo.platform.business.base.Resolver.MessageRouter] found for dependency: expected at least 1 bean which qualifies as autowire candidate for this dependency. Dependency annotations: {@org.springframework.beans.factory.annotation.Autowired(required=true)}
	at org.springframework.beans.factory.annotation.AutowiredAnnotationBeanPostProcessor.postProcessPropertyValues(AutowiredAnnotationBeanPostProcessor.java:334) ~[spring-beans-4.2.9.RELEASE.jar:4.2.9.RELEASE]
	at org.springframework.beans.factory.support.AbstractAutowireCapableBeanFactory.populateBean(AbstractAutowireCapableBeanFactory.java:1219) ~[spring-beans-4.2.9.RELEASE.jar:4.2.9.RELEASE]
	at org.springframework.beans.factory.support.AbstractAutowireCapableBeanFactory.doCreateBean(AbstractAutowireCapableBeanFactory.java:551) ~[spring-beans-4.2.9.RELEASE.jar:4.2.9.RELEASE]
	at org.springframework.beans.factory.support.AbstractAutowireCapableBeanFactory.createBean(AbstractAutowireCapableBeanFactory.java:482) ~[spring-beans-4.2.9.RELEASE.jar:4.2.9.RELEASE]
	at org.springframework.beans.factory.support.AbstractBeanFactory$1.getObject(AbstractBeanFactory.java:306) ~[spring-beans-4.2.9.RELEASE.jar:4.2.9.RELEASE]
	at org.springframework.beans.factory.support.DefaultSingletonBeanRegistry.getSingleton(DefaultSingletonBeanRegistry.java:230) ~[spring-beans-4.2.9.RELEASE.jar:4.2.9.RELEASE]
	at org.springframework.beans.factory.support.AbstractBeanFactory.doGetBean(AbstractBeanFactory.java:302) ~[spring-beans-4.2.9.RELEASE.jar:4.2.9.RELEASE]
	at org.springframework.beans.factory.support.AbstractBeanFactory.getBean(AbstractBeanFactory.java:202) ~[spring-beans-4.2.9.RELEASE.jar:4.2.9.RELEASE]
	at org.springframework.beans.factory.support.AbstractBeanFactory.doGetBean(AbstractBeanFactory.java:275) ~[spring-beans-4.2.9.RELEASE.jar:4.2.9.RELEASE]
	at org.springframework.beans.factory.support.AbstractBeanFactory.getBean(AbstractBeanFactory.java:197) ~[spring-beans-4.2.9.RELEASE.jar:4.2.9.RELEASE]
	at org.springframework.beans.factory.support.DefaultListableBeanFactory.findAutowireCandidates(DefaultListableBeanFactory.java:1199) ~[spring-beans-4.2.9.RELEASE.jar:4.2.9.RELEASE]
	at org.springframework.beans.factory.support.DefaultListableBeanFactory.doResolveDependency(DefaultListableBeanFactory.java:1123) ~[spring-beans-4.2.9.RELEASE.jar:4.2.9.RELEASE]
	at org.springframework.beans.factory.support.DefaultListableBeanFactory.resolveDependency(DefaultListableBeanFactory.java:1021) ~[spring-beans-4.2.9.RELEASE.jar:4.2.9.RELEASE]
	at org.springframework.beans.factory.annotation.AutowiredAnnotationBeanPostProcessor$AutowiredFieldElement.inject(AutowiredAnnotationBeanPostProcessor.java:545) ~[spring-beans-4.2.9.RELEASE.jar:4.2.9.RELEASE]
	... 48 common frames omitted
Caused by: org.springframework.beans.factory.BeanCreationException: Could not autowire field: private com.icinfo.platform.business.base.Resolver.MessageRouter com.icinfo.platform.business.service.impl.InvokeServiceImpl.messageRouter; nested exception is org.springframework.beans.factory.NoSuchBeanDefinitionException: No qualifying bean of type [com.icinfo.platform.business.base.Resolver.MessageRouter] found for dependency: expected at least 1 bean which qualifies as autowire candidate for this dependency. Dependency annotations: {@org.springframework.beans.factory.annotation.Autowired(required=true)}
	at org.springframework.beans.factory.annotation.AutowiredAnnotationBeanPostProcessor$AutowiredFieldElement.inject(AutowiredAnnotationBeanPostProcessor.java:573) ~[spring-beans-4.2.9.RELEASE.jar:4.2.9.RELEASE]
	at org.springframework.beans.factory.annotation.InjectionMetadata.inject(InjectionMetadata.java:88) ~[spring-beans-4.2.9.RELEASE.jar:4.2.9.RELEASE]
	at org.springframework.beans.factory.annotation.AutowiredAnnotationBeanPostProcessor.postProcessPropertyValues(AutowiredAnnotationBeanPostProcessor.java:331) ~[spring-beans-4.2.9.RELEASE.jar:4.2.9.RELEASE]
	... 61 common frames omitted
Caused by: org.springframework.beans.factory.NoSuchBeanDefinitionException: No qualifying bean of type [com.icinfo.platform.business.base.Resolver.MessageRouter] found for dependency: expected at least 1 bean which qualifies as autowire candidate for this dependency. Dependency annotations: {@org.springframework.beans.factory.annotation.Autowired(required=true)}
	at org.springframework.beans.factory.support.DefaultListableBeanFactory.raiseNoSuchBeanDefinitionException(DefaultListableBeanFactory.java:1380) ~[spring-beans-4.2.9.RELEASE.jar:4.2.9.RELEASE]
	at org.springframework.beans.factory.support.DefaultListableBeanFactory.doResolveDependency(DefaultListableBeanFactory.java:1126) ~[spring-beans-4.2.9.RELEASE.jar:4.2.9.RELEASE]
	at org.springframework.beans.factory.support.DefaultListableBeanFactory.resolveDependency(DefaultListableBeanFactory.java:1021) ~[spring-beans-4.2.9.RELEASE.jar:4.2.9.RELEASE]
	at org.springframework.beans.factory.annotation.AutowiredAnnotationBeanPostProcessor$AutowiredFieldElement.inject(AutowiredAnnotationBeanPostProcessor.java:545) ~[spring-beans-4.2.9.RELEASE.jar:4.2.9.RELEASE]
	... 63 common frames omitted
2017-07-04 09:24:56,833 [main] INFO  org.springframework.web.context.ContextLoader - Root WebApplicationContext: initialization started
2017-07-04 09:24:57,510 [main] INFO  org.springframework.web.context.support.XmlWebApplicationContext - Refreshing Root WebApplicationContext: startup date [Tue Jul 04 09:24:57 CST 2017]; root of context hierarchy
2017-07-04 09:24:58,171 [main] INFO  org.springframework.beans.factory.xml.XmlBeanDefinitionReader - Loading XML bean definitions from class path resource [entry/dev/spring-entry.xml]
2017-07-04 09:24:59,545 [main] INFO  org.springframework.beans.factory.xml.XmlBeanDefinitionReader - Loading XML bean definitions from class path resource [spring.xml]
2017-07-04 09:25:02,086 [main] INFO  org.springframework.beans.factory.config.PropertyPlaceholderConfigurer - Loading properties file from class path resource [entry/dev/spring.properties]
2017-07-04 09:25:02,087 [main] INFO  org.springframework.beans.factory.config.PropertyPlaceholderConfigurer - Loading properties file from class path resource [entry/dev/oss.properties]
2017-07-04 09:25:02,101 [main] INFO  org.springframework.beans.factory.annotation.AutowiredAnnotationBeanPostProcessor - JSR-330 'javax.inject.Inject' annotation found and supported for autowiring
2017-07-04 09:25:03,662 [main] INFO  com.alibaba.druid.pool.DruidDataSource - {dataSource-1} inited
2017-07-04 09:25:06,372 [main] INFO  org.springframework.web.context.ContextLoader - Root WebApplicationContext: initialization completed in 9519 ms
2017-07-04 09:25:13,319 [qtp790020639-49] INFO  org.springframework.web.servlet.DispatcherServlet - FrameworkServlet 'spring': initialization started
2017-07-04 09:25:13,327 [qtp790020639-49] INFO  org.springframework.web.context.support.XmlWebApplicationContext - Refreshing WebApplicationContext for namespace 'spring-servlet': startup date [Tue Jul 04 09:25:13 CST 2017]; parent: Root WebApplicationContext
2017-07-04 09:25:13,372 [qtp790020639-49] INFO  org.springframework.beans.factory.xml.XmlBeanDefinitionReader - Loading XML bean definitions from class path resource [spring-mvc.xml]
2017-07-04 09:25:14,097 [qtp790020639-49] INFO  org.springframework.beans.factory.annotation.AutowiredAnnotationBeanPostProcessor - JSR-330 'javax.inject.Inject' annotation found and supported for autowiring
2017-07-04 09:25:14,667 [qtp790020639-49] WARN  org.springframework.web.context.support.XmlWebApplicationContext - Exception encountered during context initialization - cancelling refresh attempt: org.springframework.beans.factory.BeanCreationException: Error creating bean with name 'invokeController': Injection of autowired dependencies failed; nested exception is org.springframework.beans.factory.BeanCreationException: Could not autowire field: private com.icinfo.platform.business.service.IInvokeService com.icinfo.platform.business.controller.admin.InvokeController.invokeService; nested exception is org.springframework.beans.factory.BeanCreationException: Error creating bean with name 'invokeServiceImpl': Injection of autowired dependencies failed; nested exception is org.springframework.beans.factory.BeanCreationException: Could not autowire field: private com.icinfo.platform.business.base.Resolver.MessageRouter com.icinfo.platform.business.service.impl.InvokeServiceImpl.messageRouter; nested exception is org.springframework.beans.factory.NoSuchBeanDefinitionException: No qualifying bean of type [com.icinfo.platform.business.base.Resolver.MessageRouter] found for dependency: expected at least 1 bean which qualifies as autowire candidate for this dependency. Dependency annotations: {@org.springframework.beans.factory.annotation.Autowired(required=true)}
2017-07-04 09:25:14,680 [qtp790020639-49] ERROR org.springframework.web.servlet.DispatcherServlet - Context initialization failed
org.springframework.beans.factory.BeanCreationException: Error creating bean with name 'invokeController': Injection of autowired dependencies failed; nested exception is org.springframework.beans.factory.BeanCreationException: Could not autowire field: private com.icinfo.platform.business.service.IInvokeService com.icinfo.platform.business.controller.admin.InvokeController.invokeService; nested exception is org.springframework.beans.factory.BeanCreationException: Error creating bean with name 'invokeServiceImpl': Injection of autowired dependencies failed; nested exception is org.springframework.beans.factory.BeanCreationException: Could not autowire field: private com.icinfo.platform.business.base.Resolver.MessageRouter com.icinfo.platform.business.service.impl.InvokeServiceImpl.messageRouter; nested exception is org.springframework.beans.factory.NoSuchBeanDefinitionException: No qualifying bean of type [com.icinfo.platform.business.base.Resolver.MessageRouter] found for dependency: expected at least 1 bean which qualifies as autowire candidate for this dependency. Dependency annotations: {@org.springframework.beans.factory.annotation.Autowired(required=true)}
	at org.springframework.beans.factory.annotation.AutowiredAnnotationBeanPostProcessor.postProcessPropertyValues(AutowiredAnnotationBeanPostProcessor.java:334) ~[spring-beans-4.2.9.RELEASE.jar:4.2.9.RELEASE]
	at org.springframework.beans.factory.support.AbstractAutowireCapableBeanFactory.populateBean(AbstractAutowireCapableBeanFactory.java:1219) ~[spring-beans-4.2.9.RELEASE.jar:4.2.9.RELEASE]
	at org.springframework.beans.factory.support.AbstractAutowireCapableBeanFactory.doCreateBean(AbstractAutowireCapableBeanFactory.java:551) ~[spring-beans-4.2.9.RELEASE.jar:4.2.9.RELEASE]
	at org.springframework.beans.factory.support.AbstractAutowireCapableBeanFactory.createBean(AbstractAutowireCapableBeanFactory.java:482) ~[spring-beans-4.2.9.RELEASE.jar:4.2.9.RELEASE]
	at org.springframework.beans.factory.support.AbstractBeanFactory$1.getObject(AbstractBeanFactory.java:306) ~[spring-beans-4.2.9.RELEASE.jar:4.2.9.RELEASE]
	at org.springframework.beans.factory.support.DefaultSingletonBeanRegistry.getSingleton(DefaultSingletonBeanRegistry.java:230) ~[spring-beans-4.2.9.RELEASE.jar:4.2.9.RELEASE]
	at org.springframework.beans.factory.support.AbstractBeanFactory.doGetBean(AbstractBeanFactory.java:302) ~[spring-beans-4.2.9.RELEASE.jar:4.2.9.RELEASE]
	at org.springframework.beans.factory.support.AbstractBeanFactory.getBean(AbstractBeanFactory.java:197) ~[spring-beans-4.2.9.RELEASE.jar:4.2.9.RELEASE]
	at org.springframework.beans.factory.support.DefaultListableBeanFactory.preInstantiateSingletons(DefaultListableBeanFactory.java:778) ~[spring-beans-4.2.9.RELEASE.jar:4.2.9.RELEASE]
	at org.springframework.context.support.AbstractApplicationContext.finishBeanFactoryInitialization(AbstractApplicationContext.java:843) ~[spring-context-4.2.9.RELEASE.jar:4.2.9.RELEASE]
	at org.springframework.context.support.AbstractApplicationContext.__refresh(AbstractApplicationContext.java:541) ~[spring-context-4.2.9.RELEASE.jar:4.2.9.RELEASE]
	at org.springframework.context.support.AbstractApplicationContext.refresh(AbstractApplicationContext.java) ~[spring-context-4.2.9.RELEASE.jar:4.2.9.RELEASE]
	at org.springframework.web.servlet.FrameworkServlet.configureAndRefreshWebApplicationContext(FrameworkServlet.java:666) ~[spring-webmvc-4.2.9.RELEASE.jar:4.2.9.RELEASE]
	at org.springframework.web.servlet.FrameworkServlet.createWebApplicationContext(FrameworkServlet.java:632) ~[spring-webmvc-4.2.9.RELEASE.jar:4.2.9.RELEASE]
	at org.springframework.web.servlet.FrameworkServlet.createWebApplicationContext(FrameworkServlet.java:680) ~[spring-webmvc-4.2.9.RELEASE.jar:4.2.9.RELEASE]
	at org.springframework.web.servlet.FrameworkServlet.initWebApplicationContext(FrameworkServlet.java:551) ~[spring-webmvc-4.2.9.RELEASE.jar:4.2.9.RELEASE]
	at org.springframework.web.servlet.FrameworkServlet.initServletBean(FrameworkServlet.java:492) ~[spring-webmvc-4.2.9.RELEASE.jar:4.2.9.RELEASE]
	at org.springframework.web.servlet.HttpServletBean.init(HttpServletBean.java:136) [spring-webmvc-4.2.9.RELEASE.jar:4.2.9.RELEASE]
	at javax.servlet.GenericServlet.init(GenericServlet.java:244) [javax.servlet-api-3.1.0.jar:3.1.0]
	at org.eclipse.jetty.servlet.ServletHolder.initServlet(ServletHolder.java:640) [jetty-servlet-9.3.7.v20160115.jar:9.3.7.v20160115]
	at org.eclipse.jetty.servlet.ServletHolder.getServlet(ServletHolder.java:496) [jetty-servlet-9.3.7.v20160115.jar:9.3.7.v20160115]
	at org.eclipse.jetty.servlet.ServletHolder.ensureInstance(ServletHolder.java:788) [jetty-servlet-9.3.7.v20160115.jar:9.3.7.v20160115]
	at org.eclipse.jetty.servlet.ServletHolder.prepare(ServletHolder.java:773) [jetty-servlet-9.3.7.v20160115.jar:9.3.7.v20160115]
	at org.eclipse.jetty.servlet.ServletHandler.doHandle(ServletHandler.java:578) [jetty-servlet-9.3.7.v20160115.jar:9.3.7.v20160115]
	at org.eclipse.jetty.server.handler.ScopedHandler.handle(ScopedHandler.java:143) [jetty-server-9.3.7.v20160115.jar:9.3.7.v20160115]
	at org.eclipse.jetty.security.SecurityHandler.handle(SecurityHandler.java:548) [jetty-security-9.3.7.v20160115.jar:9.3.7.v20160115]
	at org.eclipse.jetty.server.session.SessionHandler.doHandle(SessionHandler.java:226) [jetty-server-9.3.7.v20160115.jar:9.3.7.v20160115]
	at org.eclipse.jetty.server.handler.ContextHandler.__doHandle(ContextHandler.java:1158) [jetty-server-9.3.7.v20160115.jar:9.3.7.v20160115]
	at org.eclipse.jetty.server.handler.ContextHandler.doHandle(ContextHandler.java) [jetty-server-9.3.7.v20160115.jar:9.3.7.v20160115]
	at org.eclipse.jetty.servlet.ServletHandler.doScope(ServletHandler.java:511) [jetty-servlet-9.3.7.v20160115.jar:9.3.7.v20160115]
	at org.eclipse.jetty.server.session.SessionHandler.doScope(SessionHandler.java:185) [jetty-server-9.3.7.v20160115.jar:9.3.7.v20160115]
	at org.eclipse.jetty.server.handler.ContextHandler.doScope(ContextHandler.java:1090) [jetty-server-9.3.7.v20160115.jar:9.3.7.v20160115]
	at org.eclipse.jetty.server.handler.ScopedHandler.handle(ScopedHandler.java:141) [jetty-server-9.3.7.v20160115.jar:9.3.7.v20160115]
	at org.eclipse.jetty.server.handler.ContextHandlerCollection.handle(ContextHandlerCollection.java:213) [jetty-server-9.3.7.v20160115.jar:9.3.7.v20160115]
	at org.eclipse.jetty.server.handler.HandlerCollection.handle(HandlerCollection.java:109) [jetty-server-9.3.7.v20160115.jar:9.3.7.v20160115]
	at org.eclipse.jetty.server.handler.HandlerWrapper.handle(HandlerWrapper.java:119) [jetty-server-9.3.7.v20160115.jar:9.3.7.v20160115]
	at org.eclipse.jetty.server.Server.handle(Server.java:517) [jetty-server-9.3.7.v20160115.jar:9.3.7.v20160115]
	at org.eclipse.jetty.server.HttpChannel.handle(HttpChannel.java:308) [jetty-server-9.3.7.v20160115.jar:9.3.7.v20160115]
	at org.eclipse.jetty.server.HttpConnection.onFillable(HttpConnection.java:242) [jetty-server-9.3.7.v20160115.jar:9.3.7.v20160115]
	at org.eclipse.jetty.io.AbstractConnection$ReadCallback.succeeded(AbstractConnection.java:273) [jetty-io-9.3.7.v20160115.jar:9.3.7.v20160115]
	at org.eclipse.jetty.io.FillInterest.fillable(FillInterest.java:95) [jetty-io-9.3.7.v20160115.jar:9.3.7.v20160115]
	at org.eclipse.jetty.io.SelectChannelEndPoint$2.run(SelectChannelEndPoint.java:75) [jetty-io-9.3.7.v20160115.jar:9.3.7.v20160115]
	at org.eclipse.jetty.util.thread.strategy.ExecuteProduceConsume.produceAndRun(ExecuteProduceConsume.java:213) [jetty-util-9.3.7.v20160115.jar:9.3.7.v20160115]
	at org.eclipse.jetty.util.thread.strategy.ExecuteProduceConsume.run(ExecuteProduceConsume.java:147) [jetty-util-9.3.7.v20160115.jar:9.3.7.v20160115]
	at org.eclipse.jetty.util.thread.QueuedThreadPool.runJob(QueuedThreadPool.java:654) [jetty-util-9.3.7.v20160115.jar:9.3.7.v20160115]
	at org.eclipse.jetty.util.thread.QueuedThreadPool$3.run(QueuedThreadPool.java:572) [jetty-util-9.3.7.v20160115.jar:9.3.7.v20160115]
	at java.lang.Thread.run(Thread.java:745) [na:1.8.0_65]
Caused by: org.springframework.beans.factory.BeanCreationException: Could not autowire field: private com.icinfo.platform.business.service.IInvokeService com.icinfo.platform.business.controller.admin.InvokeController.invokeService; nested exception is org.springframework.beans.factory.BeanCreationException: Error creating bean with name 'invokeServiceImpl': Injection of autowired dependencies failed; nested exception is org.springframework.beans.factory.BeanCreationException: Could not autowire field: private com.icinfo.platform.business.base.Resolver.MessageRouter com.icinfo.platform.business.service.impl.InvokeServiceImpl.messageRouter; nested exception is org.springframework.beans.factory.NoSuchBeanDefinitionException: No qualifying bean of type [com.icinfo.platform.business.base.Resolver.MessageRouter] found for dependency: expected at least 1 bean which qualifies as autowire candidate for this dependency. Dependency annotations: {@org.springframework.beans.factory.annotation.Autowired(required=true)}
	at org.springframework.beans.factory.annotation.AutowiredAnnotationBeanPostProcessor$AutowiredFieldElement.inject(AutowiredAnnotationBeanPostProcessor.java:573) ~[spring-beans-4.2.9.RELEASE.jar:4.2.9.RELEASE]
	at org.springframework.beans.factory.annotation.InjectionMetadata.inject(InjectionMetadata.java:88) ~[spring-beans-4.2.9.RELEASE.jar:4.2.9.RELEASE]
	at org.springframework.beans.factory.annotation.AutowiredAnnotationBeanPostProcessor.postProcessPropertyValues(AutowiredAnnotationBeanPostProcessor.java:331) ~[spring-beans-4.2.9.RELEASE.jar:4.2.9.RELEASE]
	... 46 common frames omitted
Caused by: org.springframework.beans.factory.BeanCreationException: Error creating bean with name 'invokeServiceImpl': Injection of autowired dependencies failed; nested exception is org.springframework.beans.factory.BeanCreationException: Could not autowire field: private com.icinfo.platform.business.base.Resolver.MessageRouter com.icinfo.platform.business.service.impl.InvokeServiceImpl.messageRouter; nested exception is org.springframework.beans.factory.NoSuchBeanDefinitionException: No qualifying bean of type [com.icinfo.platform.business.base.Resolver.MessageRouter] found for dependency: expected at least 1 bean which qualifies as autowire candidate for this dependency. Dependency annotations: {@org.springframework.beans.factory.annotation.Autowired(required=true)}
	at org.springframework.beans.factory.annotation.AutowiredAnnotationBeanPostProcessor.postProcessPropertyValues(AutowiredAnnotationBeanPostProcessor.java:334) ~[spring-beans-4.2.9.RELEASE.jar:4.2.9.RELEASE]
	at org.springframework.beans.factory.support.AbstractAutowireCapableBeanFactory.populateBean(AbstractAutowireCapableBeanFactory.java:1219) ~[spring-beans-4.2.9.RELEASE.jar:4.2.9.RELEASE]
	at org.springframework.beans.factory.support.AbstractAutowireCapableBeanFactory.doCreateBean(AbstractAutowireCapableBeanFactory.java:551) ~[spring-beans-4.2.9.RELEASE.jar:4.2.9.RELEASE]
	at org.springframework.beans.factory.support.AbstractAutowireCapableBeanFactory.createBean(AbstractAutowireCapableBeanFactory.java:482) ~[spring-beans-4.2.9.RELEASE.jar:4.2.9.RELEASE]
	at org.springframework.beans.factory.support.AbstractBeanFactory$1.getObject(AbstractBeanFactory.java:306) ~[spring-beans-4.2.9.RELEASE.jar:4.2.9.RELEASE]
	at org.springframework.beans.factory.support.DefaultSingletonBeanRegistry.getSingleton(DefaultSingletonBeanRegistry.java:230) ~[spring-beans-4.2.9.RELEASE.jar:4.2.9.RELEASE]
	at org.springframework.beans.factory.support.AbstractBeanFactory.doGetBean(AbstractBeanFactory.java:302) ~[spring-beans-4.2.9.RELEASE.jar:4.2.9.RELEASE]
	at org.springframework.beans.factory.support.AbstractBeanFactory.getBean(AbstractBeanFactory.java:202) ~[spring-beans-4.2.9.RELEASE.jar:4.2.9.RELEASE]
	at org.springframework.beans.factory.support.AbstractBeanFactory.doGetBean(AbstractBeanFactory.java:275) ~[spring-beans-4.2.9.RELEASE.jar:4.2.9.RELEASE]
	at org.springframework.beans.factory.support.AbstractBeanFactory.getBean(AbstractBeanFactory.java:197) ~[spring-beans-4.2.9.RELEASE.jar:4.2.9.RELEASE]
	at org.springframework.beans.factory.support.DefaultListableBeanFactory.findAutowireCandidates(DefaultListableBeanFactory.java:1199) ~[spring-beans-4.2.9.RELEASE.jar:4.2.9.RELEASE]
	at org.springframework.beans.factory.support.DefaultListableBeanFactory.doResolveDependency(DefaultListableBeanFactory.java:1123) ~[spring-beans-4.2.9.RELEASE.jar:4.2.9.RELEASE]
	at org.springframework.beans.factory.support.DefaultListableBeanFactory.resolveDependency(DefaultListableBeanFactory.java:1021) ~[spring-beans-4.2.9.RELEASE.jar:4.2.9.RELEASE]
	at org.springframework.beans.factory.annotation.AutowiredAnnotationBeanPostProcessor$AutowiredFieldElement.inject(AutowiredAnnotationBeanPostProcessor.java:545) ~[spring-beans-4.2.9.RELEASE.jar:4.2.9.RELEASE]
	... 48 common frames omitted
Caused by: org.springframework.beans.factory.BeanCreationException: Could not autowire field: private com.icinfo.platform.business.base.Resolver.MessageRouter com.icinfo.platform.business.service.impl.InvokeServiceImpl.messageRouter; nested exception is org.springframework.beans.factory.NoSuchBeanDefinitionException: No qualifying bean of type [com.icinfo.platform.business.base.Resolver.MessageRouter] found for dependency: expected at least 1 bean which qualifies as autowire candidate for this dependency. Dependency annotations: {@org.springframework.beans.factory.annotation.Autowired(required=true)}
	at org.springframework.beans.factory.annotation.AutowiredAnnotationBeanPostProcessor$AutowiredFieldElement.inject(AutowiredAnnotationBeanPostProcessor.java:573) ~[spring-beans-4.2.9.RELEASE.jar:4.2.9.RELEASE]
	at org.springframework.beans.factory.annotation.InjectionMetadata.inject(InjectionMetadata.java:88) ~[spring-beans-4.2.9.RELEASE.jar:4.2.9.RELEASE]
	at org.springframework.beans.factory.annotation.AutowiredAnnotationBeanPostProcessor.postProcessPropertyValues(AutowiredAnnotationBeanPostProcessor.java:331) ~[spring-beans-4.2.9.RELEASE.jar:4.2.9.RELEASE]
	... 61 common frames omitted
Caused by: org.springframework.beans.factory.NoSuchBeanDefinitionException: No qualifying bean of type [com.icinfo.platform.business.base.Resolver.MessageRouter] found for dependency: expected at least 1 bean which qualifies as autowire candidate for this dependency. Dependency annotations: {@org.springframework.beans.factory.annotation.Autowired(required=true)}
	at org.springframework.beans.factory.support.DefaultListableBeanFactory.raiseNoSuchBeanDefinitionException(DefaultListableBeanFactory.java:1380) ~[spring-beans-4.2.9.RELEASE.jar:4.2.9.RELEASE]
	at org.springframework.beans.factory.support.DefaultListableBeanFactory.doResolveDependency(DefaultListableBeanFactory.java:1126) ~[spring-beans-4.2.9.RELEASE.jar:4.2.9.RELEASE]
	at org.springframework.beans.factory.support.DefaultListableBeanFactory.resolveDependency(DefaultListableBeanFactory.java:1021) ~[spring-beans-4.2.9.RELEASE.jar:4.2.9.RELEASE]
	at org.springframework.beans.factory.annotation.AutowiredAnnotationBeanPostProcessor$AutowiredFieldElement.inject(AutowiredAnnotationBeanPostProcessor.java:545) ~[spring-beans-4.2.9.RELEASE.jar:4.2.9.RELEASE]
	... 63 common frames omitted
2017-07-04 09:28:43,154 [main] INFO  org.springframework.web.context.ContextLoader - Root WebApplicationContext: initialization started
2017-07-04 09:28:45,162 [main] INFO  org.springframework.web.context.support.XmlWebApplicationContext - Refreshing Root WebApplicationContext: startup date [Tue Jul 04 09:28:45 CST 2017]; root of context hierarchy
2017-07-04 09:28:45,868 [main] INFO  org.springframework.beans.factory.xml.XmlBeanDefinitionReader - Loading XML bean definitions from class path resource [entry/dev/spring-entry.xml]
2017-07-04 09:28:48,200 [main] INFO  org.springframework.beans.factory.xml.XmlBeanDefinitionReader - Loading XML bean definitions from class path resource [spring.xml]
2017-07-04 09:28:50,188 [main] INFO  org.springframework.beans.factory.config.PropertyPlaceholderConfigurer - Loading properties file from class path resource [entry/dev/spring.properties]
2017-07-04 09:28:50,189 [main] INFO  org.springframework.beans.factory.config.PropertyPlaceholderConfigurer - Loading properties file from class path resource [entry/dev/oss.properties]
2017-07-04 09:28:50,203 [main] INFO  org.springframework.beans.factory.annotation.AutowiredAnnotationBeanPostProcessor - JSR-330 'javax.inject.Inject' annotation found and supported for autowiring
2017-07-04 09:28:52,174 [main] INFO  com.alibaba.druid.pool.DruidDataSource - {dataSource-1} inited
2017-07-04 09:28:55,067 [main] INFO  org.springframework.web.context.ContextLoader - Root WebApplicationContext: initialization completed in 11884 ms
2017-07-04 09:29:02,735 [qtp486668812-47] INFO  org.springframework.web.servlet.DispatcherServlet - FrameworkServlet 'spring': initialization started
2017-07-04 09:29:02,741 [qtp486668812-47] INFO  org.springframework.web.context.support.XmlWebApplicationContext - Refreshing WebApplicationContext for namespace 'spring-servlet': startup date [Tue Jul 04 09:29:02 CST 2017]; parent: Root WebApplicationContext
2017-07-04 09:29:02,784 [qtp486668812-47] INFO  org.springframework.beans.factory.xml.XmlBeanDefinitionReader - Loading XML bean definitions from class path resource [spring-mvc.xml]
2017-07-04 09:29:03,326 [qtp486668812-47] INFO  org.springframework.beans.factory.annotation.AutowiredAnnotationBeanPostProcessor - JSR-330 'javax.inject.Inject' annotation found and supported for autowiring
2017-07-04 09:29:04,859 [qtp486668812-47] INFO  org.springframework.web.servlet.handler.SimpleUrlHandlerMapping - Mapped URL path [/**] onto handler 'org.springframework.web.servlet.resource.DefaultServletHttpRequestHandler#0'
2017-07-04 09:29:04,974 [qtp486668812-47] INFO  org.springframework.web.servlet.handler.SimpleUrlHandlerMapping - Root mapping to handler of type [class org.springframework.web.servlet.mvc.ParameterizableViewController]
2017-07-04 09:29:05,026 [qtp486668812-47] INFO  org.springframework.web.servlet.handler.SimpleUrlHandlerMapping - Mapped URL path [/css/**] onto handler 'org.springframework.web.servlet.resource.ResourceHttpRequestHandler#0'
2017-07-04 09:29:05,031 [qtp486668812-47] INFO  org.springframework.web.servlet.handler.SimpleUrlHandlerMapping - Mapped URL path [/js/lib/**] onto handler 'org.springframework.web.servlet.resource.ResourceHttpRequestHandler#1'
2017-07-04 09:29:05,036 [qtp486668812-47] INFO  org.springframework.web.servlet.handler.SimpleUrlHandlerMapping - Mapped URL path [/js/**] onto handler 'org.springframework.web.servlet.resource.ResourceHttpRequestHandler#2'
2017-07-04 09:29:05,041 [qtp486668812-47] INFO  org.springframework.web.servlet.handler.SimpleUrlHandlerMapping - Mapped URL path [/img/**] onto handler 'org.springframework.web.servlet.resource.ResourceHttpRequestHandler#3'
2017-07-04 09:29:05,287 [qtp486668812-47] INFO  org.springframework.web.servlet.mvc.method.annotation.RequestMappingHandlerMapping - Mapped "{[/admin/application/tolist],methods=[GET]}" onto public java.lang.String com.icinfo.platform.application.controller.admin.ApplicationController.toList(org.springframework.ui.Model) throws java.lang.Exception
2017-07-04 09:29:05,289 [qtp486668812-47] INFO  org.springframework.web.servlet.mvc.method.annotation.RequestMappingHandlerMapping - Mapped "{[/admin/application/addoredit],methods=[POST]}" onto public java.lang.String com.icinfo.platform.application.controller.admin.ApplicationController.addOrEdit(com.icinfo.platform.application.model.Application,org.springframework.web.multipart.commons.CommonsMultipartFile) throws java.lang.Exception
2017-07-04 09:29:05,289 [qtp486668812-47] INFO  org.springframework.web.servlet.mvc.method.annotation.RequestMappingHandlerMapping - Mapped "{[/admin/application/toadd],methods=[GET]}" onto public java.lang.String com.icinfo.platform.application.controller.admin.ApplicationController.toAdd() throws java.lang.Exception
2017-07-04 09:29:05,291 [qtp486668812-47] INFO  org.springframework.web.servlet.mvc.method.annotation.RequestMappingHandlerMapping - Mapped "{[/admin/base/readarealist],methods=[GET]}" onto public com.icinfo.platform.common.bean.AjaxResponse<java.util.List<com.icinfo.platform.business.model.BaseInfoArea>> com.icinfo.platform.business.controller.admin.BaseInfoController.readAreaList() throws java.lang.Exception
2017-07-04 09:29:05,294 [qtp486668812-47] INFO  org.springframework.web.servlet.mvc.method.annotation.RequestMappingHandlerMapping - Mapped "{[/admin/college/tolist],methods=[GET]}" onto public java.lang.String com.icinfo.platform.business.controller.admin.CollegeController.toList() throws java.lang.Exception
2017-07-04 09:29:05,296 [qtp486668812-47] INFO  org.springframework.web.servlet.mvc.method.annotation.RequestMappingHandlerMapping - Mapped "{[/admin/college/toaddoredit],methods=[GET]}" onto public java.lang.String com.icinfo.platform.business.controller.admin.CollegeController.toAddOrEdit() throws java.lang.Exception
2017-07-04 09:29:05,296 [qtp486668812-47] INFO  org.springframework.web.servlet.mvc.method.annotation.RequestMappingHandlerMapping - Mapped "{[/admin/college/readlistbycode],methods=[GET]}" onto public com.icinfo.platform.common.bean.AjaxResponse<java.util.List<com.icinfo.platform.business.model.College>> com.icinfo.platform.business.controller.admin.CollegeController.readListByCode(java.lang.String) throws java.lang.Exception
2017-07-04 09:29:05,307 [qtp486668812-47] INFO  org.springframework.web.servlet.mvc.method.annotation.RequestMappingHandlerMapping - Mapped "{[/page/{module}/{path}/{file}]}" onto public java.lang.String com.icinfo.platform.common.controller.CommonController.page(java.lang.String,java.lang.String,java.lang.String)
2017-07-04 09:29:05,307 [qtp486668812-47] INFO  org.springframework.web.servlet.mvc.method.annotation.RequestMappingHandlerMapping - Mapped "{[/page/{path}/{file}]}" onto public java.lang.String com.icinfo.platform.common.controller.CommonController.page(java.lang.String,java.lang.String)
2017-07-04 09:29:05,311 [qtp486668812-47] INFO  org.springframework.web.servlet.mvc.method.annotation.RequestMappingHandlerMapping - Mapped "{[/admin/image/delete/{id}],methods=[POST]}" onto public com.icinfo.platform.common.bean.AjaxResponse<java.lang.Boolean> com.icinfo.platform.image.controller.admin.ImageController.delete(java.lang.String,javax.servlet.http.HttpServletRequest) throws java.lang.Exception
2017-07-04 09:29:05,312 [qtp486668812-47] INFO  org.springframework.web.servlet.mvc.method.annotation.RequestMappingHandlerMapping - Mapped "{[/admin/image/list],methods=[GET]}" onto public java.lang.String com.icinfo.platform.image.controller.admin.ImageController.list(org.springframework.ui.Model) throws java.lang.Exception
2017-07-04 09:29:05,312 [qtp486668812-47] INFO  org.springframework.web.servlet.mvc.method.annotation.RequestMappingHandlerMapping - Mapped "{[/admin/image/addoredit],methods=[POST]}" onto public java.lang.String com.icinfo.platform.image.controller.admin.ImageController.addOrEdit(javax.servlet.http.HttpServletRequest,org.springframework.ui.Model,com.icinfo.platform.image.model.Image,org.springframework.web.multipart.commons.CommonsMultipartFile,com.icinfo.platform.system.model.User) throws java.lang.Exception
2017-07-04 09:29:05,312 [qtp486668812-47] INFO  org.springframework.web.servlet.mvc.method.annotation.RequestMappingHandlerMapping - Mapped "{[/admin/image/toaddoredit],methods=[GET]}" onto public java.lang.String com.icinfo.platform.image.controller.admin.ImageController.toAddOrEdit() throws java.lang.Exception
2017-07-04 09:29:05,316 [qtp486668812-47] INFO  org.springframework.web.servlet.mvc.method.annotation.RequestMappingHandlerMapping - Mapped "{[/client/captcha/generatecode],methods=[GET]}" onto public org.springframework.http.ResponseEntity<byte[]> com.icinfo.platform.system.controller.client.CaptchaController.generateCode(javax.servlet.http.HttpSession) throws java.lang.Exception
2017-07-04 09:29:05,317 [qtp486668812-47] INFO  org.springframework.web.servlet.mvc.method.annotation.RequestMappingHandlerMapping - Mapped "{[/client/captcha/checkcode],methods=[GET]}" onto public boolean com.icinfo.platform.system.controller.client.CaptchaController.checkcode(java.lang.String,javax.servlet.http.HttpSession)
2017-07-04 09:29:05,319 [qtp486668812-47] INFO  org.springframework.web.servlet.mvc.method.annotation.RequestMappingHandlerMapping - Mapped "{[/],methods=[GET]}" onto public java.lang.String com.icinfo.platform.system.controller.client.IndexController.index() throws java.lang.Exception
2017-07-04 09:29:05,319 [qtp486668812-47] INFO  org.springframework.web.servlet.mvc.method.annotation.RequestMappingHandlerMapping - Mapped "{[/home],methods=[GET]}" onto public java.lang.String com.icinfo.platform.system.controller.client.IndexController.home() throws java.lang.Exception
2017-07-04 09:29:05,321 [qtp486668812-47] INFO  org.springframework.web.servlet.mvc.method.annotation.RequestMappingHandlerMapping - Mapped "{[/client/login],methods=[POST]}" onto public com.icinfo.platform.common.bean.AjaxResponse<java.lang.Boolean> com.icinfo.platform.system.controller.client.LoginController.login(com.icinfo.platform.system.model.User,org.springframework.ui.Model) throws java.lang.Exception
2017-07-04 09:29:05,321 [qtp486668812-47] INFO  org.springframework.web.servlet.mvc.method.annotation.RequestMappingHandlerMapping - Mapped "{[/client/tologin],methods=[GET]}" onto public java.lang.String com.icinfo.platform.system.controller.client.LoginController.toLogin() throws java.lang.Exception
2017-07-04 09:29:05,322 [qtp486668812-47] INFO  org.springframework.web.servlet.mvc.method.annotation.RequestMappingHandlerMapping - Mapped "{[/client/toregister],methods=[GET]}" onto public java.lang.String com.icinfo.platform.system.controller.client.LoginController.toRegister() throws java.lang.Exception
2017-07-04 09:29:05,323 [qtp486668812-47] INFO  org.springframework.web.servlet.mvc.method.annotation.RequestMappingHandlerMapping - Mapped "{[/client/user/save],methods=[POST],produces=[application/json]}" onto public com.icinfo.platform.common.bean.AjaxResponse<java.lang.Boolean> com.icinfo.platform.system.controller.client.UserController.save(com.icinfo.platform.system.model.User) throws java.lang.Exception
2017-07-04 09:29:05,326 [qtp486668812-47] INFO  org.springframework.web.servlet.mvc.method.annotation.RequestMappingHandlerMapping - Mapped "{[/client/application/toshowlist],methods=[GET]}" onto public java.lang.String com.icinfo.platform.application.controller.client.ApplicationController.toShowList(org.springframework.ui.Model) throws java.lang.Exception
2017-07-04 09:29:05,327 [qtp486668812-47] INFO  org.springframework.web.servlet.mvc.method.annotation.RequestMappingHandlerMapping - Mapped "{[/admin/invoke/process],methods=[GET]}" onto public com.icinfo.platform.common.bean.AjaxResponse com.icinfo.platform.business.controller.admin.InvokeController.process(java.util.Map<java.lang.String, java.lang.Object>) throws java.lang.Exception
2017-07-04 09:29:05,452 [qtp486668812-47] INFO  org.hibernate.validator.internal.util.Version - HV000001: Hibernate Validator 5.2.4.Final
2017-07-04 09:29:06,745 [qtp486668812-47] INFO  org.springframework.web.servlet.mvc.method.annotation.RequestMappingHandlerAdapter - Looking for @ControllerAdvice: WebApplicationContext for namespace 'spring-servlet': startup date [Tue Jul 04 09:29:02 CST 2017]; parent: Root WebApplicationContext
2017-07-04 09:29:06,898 [qtp486668812-47] INFO  org.springframework.web.servlet.mvc.method.annotation.RequestMappingHandlerAdapter - Looking for @ControllerAdvice: WebApplicationContext for namespace 'spring-servlet': startup date [Tue Jul 04 09:29:02 CST 2017]; parent: Root WebApplicationContext
2017-07-04 09:29:07,219 [qtp486668812-47] INFO  org.springframework.web.servlet.DispatcherServlet - FrameworkServlet 'spring': initialization completed in 4483 ms
