2017-07-24 10:38:54,864 [qtp335583307-18] ERROR org.springframework.web.servlet.DispatcherServlet - Context initialization failed
org.springframework.beans.factory.BeanCreationException: Error creating bean with name 'scheduleJobController': Injection of autowired dependencies failed; nested exception is org.springframework.beans.factory.BeanCreationException: Could not autowire field: private com.icinfo.platform.quartz.service.IScheduleJobService com.icinfo.platform.quartz.controller.ScheduleJobController.scheduleJobService; nested exception is org.springframework.beans.factory.BeanCreationException: Error creating bean with name 'scheduleJobServiceImpl': Injection of autowired dependencies failed; nested exception is org.springframework.beans.factory.BeanCreationException: Could not autowire field: private org.quartz.Scheduler com.icinfo.platform.quartz.service.impl.ScheduleJobServiceImpl.scheduler; nested exception is org.springframework.beans.factory.NoSuchBeanDefinitionException: No qualifying bean of type [org.quartz.Scheduler] found for dependency: expected at least 1 bean which qualifies as autowire candidate for this dependency. Dependency annotations: {@org.springframework.beans.factory.annotation.Autowired(required=true)}
	at org.springframework.beans.factory.annotation.AutowiredAnnotationBeanPostProcessor.postProcessPropertyValues(AutowiredAnnotationBeanPostProcessor.java:334) ~[spring-beans-4.2.9.RELEASE.jar:4.2.9.RELEASE]
	at org.springframework.beans.factory.support.AbstractAutowireCapableBeanFactory.populateBean(AbstractAutowireCapableBeanFactory.java:1219) ~[spring-beans-4.2.9.RELEASE.jar:4.2.9.RELEASE]
	at org.springframework.beans.factory.support.AbstractAutowireCapableBeanFactory.doCreateBean(AbstractAutowireCapableBeanFactory.java:551) ~[spring-beans-4.2.9.RELEASE.jar:4.2.9.RELEASE]
	at org.springframework.beans.factory.support.AbstractAutowireCapableBeanFactory.createBean(AbstractAutowireCapableBeanFactory.java:482) ~[spring-beans-4.2.9.RELEASE.jar:4.2.9.RELEASE]
	at org.springframework.beans.factory.support.AbstractBeanFactory$1.getObject(AbstractBeanFactory.java:306) ~[spring-beans-4.2.9.RELEASE.jar:4.2.9.RELEASE]
	at org.springframework.beans.factory.support.DefaultSingletonBeanRegistry.getSingleton(DefaultSingletonBeanRegistry.java:230) ~[spring-beans-4.2.9.RELEASE.jar:4.2.9.RELEASE]
	at org.springframework.beans.factory.support.AbstractBeanFactory.doGetBean(AbstractBeanFactory.java:302) ~[spring-beans-4.2.9.RELEASE.jar:4.2.9.RELEASE]
	at org.springframework.beans.factory.support.AbstractBeanFactory.getBean(AbstractBeanFactory.java:197) ~[spring-beans-4.2.9.RELEASE.jar:4.2.9.RELEASE]
	at org.springframework.beans.factory.support.DefaultListableBeanFactory.preInstantiateSingletons(DefaultListableBeanFactory.java:778) ~[spring-beans-4.2.9.RELEASE.jar:4.2.9.RELEASE]
	at org.springframework.context.support.AbstractApplicationContext.finishBeanFactoryInitialization(AbstractApplicationContext.java:843) ~[spring-context-4.2.9.RELEASE.jar:4.2.9.RELEASE]
	at org.springframework.context.support.AbstractApplicationContext.refresh(AbstractApplicationContext.java:541) ~[spring-context-4.2.9.RELEASE.jar:4.2.9.RELEASE]
	at org.springframework.web.servlet.FrameworkServlet.configureAndRefreshWebApplicationContext(FrameworkServlet.java:666) ~[spring-webmvc-4.2.9.RELEASE.jar:4.2.9.RELEASE]
	at org.springframework.web.servlet.FrameworkServlet.createWebApplicationContext(FrameworkServlet.java:632) ~[spring-webmvc-4.2.9.RELEASE.jar:4.2.9.RELEASE]
	at org.springframework.web.servlet.FrameworkServlet.createWebApplicationContext(FrameworkServlet.java:680) ~[spring-webmvc-4.2.9.RELEASE.jar:4.2.9.RELEASE]
	at org.springframework.web.servlet.FrameworkServlet.initWebApplicationContext(FrameworkServlet.java:551) ~[spring-webmvc-4.2.9.RELEASE.jar:4.2.9.RELEASE]
	at org.springframework.web.servlet.FrameworkServlet.initServletBean(FrameworkServlet.java:492) ~[spring-webmvc-4.2.9.RELEASE.jar:4.2.9.RELEASE]
	at org.springframework.web.servlet.HttpServletBean.init(HttpServletBean.java:136) [spring-webmvc-4.2.9.RELEASE.jar:4.2.9.RELEASE]
	at javax.servlet.GenericServlet.init(GenericServlet.java:244) [javax.servlet-api-3.1.0.jar:3.1.0]
	at org.eclipse.jetty.servlet.ServletHolder.initServlet(ServletHolder.java:640) [jetty-servlet-9.3.7.v20160115.jar:9.3.7.v20160115]
	at org.eclipse.jetty.servlet.ServletHolder.getServlet(ServletHolder.java:496) [jetty-servlet-9.3.7.v20160115.jar:9.3.7.v20160115]
	at org.eclipse.jetty.servlet.ServletHolder.ensureInstance(ServletHolder.java:788) [jetty-servlet-9.3.7.v20160115.jar:9.3.7.v20160115]
	at org.eclipse.jetty.servlet.ServletHolder.prepare(ServletHolder.java:773) [jetty-servlet-9.3.7.v20160115.jar:9.3.7.v20160115]
	at org.eclipse.jetty.servlet.ServletHandler.doHandle(ServletHandler.java:578) [jetty-servlet-9.3.7.v20160115.jar:9.3.7.v20160115]
	at org.eclipse.jetty.server.handler.ScopedHandler.handle(ScopedHandler.java:143) [jetty-server-9.3.7.v20160115.jar:9.3.7.v20160115]
	at org.eclipse.jetty.security.SecurityHandler.handle(SecurityHandler.java:548) [jetty-security-9.3.7.v20160115.jar:9.3.7.v20160115]
	at org.eclipse.jetty.server.session.SessionHandler.doHandle(SessionHandler.java:226) [jetty-server-9.3.7.v20160115.jar:9.3.7.v20160115]
	at org.eclipse.jetty.server.handler.ContextHandler.doHandle(ContextHandler.java:1158) [jetty-server-9.3.7.v20160115.jar:9.3.7.v20160115]
	at org.eclipse.jetty.servlet.ServletHandler.doScope(ServletHandler.java:511) [jetty-servlet-9.3.7.v20160115.jar:9.3.7.v20160115]
	at org.eclipse.jetty.server.session.SessionHandler.doScope(SessionHandler.java:185) [jetty-server-9.3.7.v20160115.jar:9.3.7.v20160115]
	at org.eclipse.jetty.server.handler.ContextHandler.doScope(ContextHandler.java:1090) [jetty-server-9.3.7.v20160115.jar:9.3.7.v20160115]
	at org.eclipse.jetty.server.handler.ScopedHandler.handle(ScopedHandler.java:141) [jetty-server-9.3.7.v20160115.jar:9.3.7.v20160115]
	at org.eclipse.jetty.server.handler.ContextHandlerCollection.handle(ContextHandlerCollection.java:213) [jetty-server-9.3.7.v20160115.jar:9.3.7.v20160115]
	at org.eclipse.jetty.server.handler.HandlerCollection.handle(HandlerCollection.java:109) [jetty-server-9.3.7.v20160115.jar:9.3.7.v20160115]
	at org.eclipse.jetty.server.handler.HandlerWrapper.handle(HandlerWrapper.java:119) [jetty-server-9.3.7.v20160115.jar:9.3.7.v20160115]
	at org.eclipse.jetty.server.Server.handle(Server.java:517) [jetty-server-9.3.7.v20160115.jar:9.3.7.v20160115]
	at org.eclipse.jetty.server.HttpChannel.handle(HttpChannel.java:308) [jetty-server-9.3.7.v20160115.jar:9.3.7.v20160115]
	at org.eclipse.jetty.server.HttpConnection.onFillable(HttpConnection.java:242) [jetty-server-9.3.7.v20160115.jar:9.3.7.v20160115]
	at org.eclipse.jetty.io.AbstractConnection$ReadCallback.succeeded(AbstractConnection.java:273) [jetty-io-9.3.7.v20160115.jar:9.3.7.v20160115]
	at org.eclipse.jetty.io.FillInterest.fillable(FillInterest.java:95) [jetty-io-9.3.7.v20160115.jar:9.3.7.v20160115]
	at org.eclipse.jetty.io.SelectChannelEndPoint$2.run(SelectChannelEndPoint.java:75) [jetty-io-9.3.7.v20160115.jar:9.3.7.v20160115]
	at org.eclipse.jetty.util.thread.strategy.ExecuteProduceConsume.produceAndRun(ExecuteProduceConsume.java:213) [jetty-util-9.3.7.v20160115.jar:9.3.7.v20160115]
	at org.eclipse.jetty.util.thread.strategy.ExecuteProduceConsume.run(ExecuteProduceConsume.java:147) [jetty-util-9.3.7.v20160115.jar:9.3.7.v20160115]
	at org.eclipse.jetty.util.thread.QueuedThreadPool.runJob(QueuedThreadPool.java:654) [jetty-util-9.3.7.v20160115.jar:9.3.7.v20160115]
	at org.eclipse.jetty.util.thread.QueuedThreadPool$3.run(QueuedThreadPool.java:572) [jetty-util-9.3.7.v20160115.jar:9.3.7.v20160115]
	at java.lang.Thread.run(Thread.java:745) [na:1.8.0_65]
Caused by: org.springframework.beans.factory.BeanCreationException: Could not autowire field: private com.icinfo.platform.quartz.service.IScheduleJobService com.icinfo.platform.quartz.controller.ScheduleJobController.scheduleJobService; nested exception is org.springframework.beans.factory.BeanCreationException: Error creating bean with name 'scheduleJobServiceImpl': Injection of autowired dependencies failed; nested exception is org.springframework.beans.factory.BeanCreationException: Could not autowire field: private org.quartz.Scheduler com.icinfo.platform.quartz.service.impl.ScheduleJobServiceImpl.scheduler; nested exception is org.springframework.beans.factory.NoSuchBeanDefinitionException: No qualifying bean of type [org.quartz.Scheduler] found for dependency: expected at least 1 bean which qualifies as autowire candidate for this dependency. Dependency annotations: {@org.springframework.beans.factory.annotation.Autowired(required=true)}
	at org.springframework.beans.factory.annotation.AutowiredAnnotationBeanPostProcessor$AutowiredFieldElement.inject(AutowiredAnnotationBeanPostProcessor.java:573) ~[spring-beans-4.2.9.RELEASE.jar:4.2.9.RELEASE]
	at org.springframework.beans.factory.annotation.InjectionMetadata.inject(InjectionMetadata.java:88) ~[spring-beans-4.2.9.RELEASE.jar:4.2.9.RELEASE]
	at org.springframework.beans.factory.annotation.AutowiredAnnotationBeanPostProcessor.postProcessPropertyValues(AutowiredAnnotationBeanPostProcessor.java:331) ~[spring-beans-4.2.9.RELEASE.jar:4.2.9.RELEASE]
	... 44 common frames omitted
Caused by: org.springframework.beans.factory.BeanCreationException: Error creating bean with name 'scheduleJobServiceImpl': Injection of autowired dependencies failed; nested exception is org.springframework.beans.factory.BeanCreationException: Could not autowire field: private org.quartz.Scheduler com.icinfo.platform.quartz.service.impl.ScheduleJobServiceImpl.scheduler; nested exception is org.springframework.beans.factory.NoSuchBeanDefinitionException: No qualifying bean of type [org.quartz.Scheduler] found for dependency: expected at least 1 bean which qualifies as autowire candidate for this dependency. Dependency annotations: {@org.springframework.beans.factory.annotation.Autowired(required=true)}
	at org.springframework.beans.factory.annotation.AutowiredAnnotationBeanPostProcessor.postProcessPropertyValues(AutowiredAnnotationBeanPostProcessor.java:334) ~[spring-beans-4.2.9.RELEASE.jar:4.2.9.RELEASE]
	at org.springframework.beans.factory.support.AbstractAutowireCapableBeanFactory.populateBean(AbstractAutowireCapableBeanFactory.java:1219) ~[spring-beans-4.2.9.RELEASE.jar:4.2.9.RELEASE]
	at org.springframework.beans.factory.support.AbstractAutowireCapableBeanFactory.doCreateBean(AbstractAutowireCapableBeanFactory.java:551) ~[spring-beans-4.2.9.RELEASE.jar:4.2.9.RELEASE]
	at org.springframework.beans.factory.support.AbstractAutowireCapableBeanFactory.createBean(AbstractAutowireCapableBeanFactory.java:482) ~[spring-beans-4.2.9.RELEASE.jar:4.2.9.RELEASE]
	at org.springframework.beans.factory.support.AbstractBeanFactory$1.getObject(AbstractBeanFactory.java:306) ~[spring-beans-4.2.9.RELEASE.jar:4.2.9.RELEASE]
	at org.springframework.beans.factory.support.DefaultSingletonBeanRegistry.getSingleton(DefaultSingletonBeanRegistry.java:230) ~[spring-beans-4.2.9.RELEASE.jar:4.2.9.RELEASE]
	at org.springframework.beans.factory.support.AbstractBeanFactory.doGetBean(AbstractBeanFactory.java:302) ~[spring-beans-4.2.9.RELEASE.jar:4.2.9.RELEASE]
	at org.springframework.beans.factory.support.AbstractBeanFactory.getBean(AbstractBeanFactory.java:202) ~[spring-beans-4.2.9.RELEASE.jar:4.2.9.RELEASE]
	at org.springframework.beans.factory.support.AbstractBeanFactory.doGetBean(AbstractBeanFactory.java:275) ~[spring-beans-4.2.9.RELEASE.jar:4.2.9.RELEASE]
	at org.springframework.beans.factory.support.AbstractBeanFactory.getBean(AbstractBeanFactory.java:197) ~[spring-beans-4.2.9.RELEASE.jar:4.2.9.RELEASE]
	at org.springframework.beans.factory.support.DefaultListableBeanFactory.findAutowireCandidates(DefaultListableBeanFactory.java:1199) ~[spring-beans-4.2.9.RELEASE.jar:4.2.9.RELEASE]
	at org.springframework.beans.factory.support.DefaultListableBeanFactory.doResolveDependency(DefaultListableBeanFactory.java:1123) ~[spring-beans-4.2.9.RELEASE.jar:4.2.9.RELEASE]
	at org.springframework.beans.factory.support.DefaultListableBeanFactory.resolveDependency(DefaultListableBeanFactory.java:1021) ~[spring-beans-4.2.9.RELEASE.jar:4.2.9.RELEASE]
	at org.springframework.beans.factory.annotation.AutowiredAnnotationBeanPostProcessor$AutowiredFieldElement.inject(AutowiredAnnotationBeanPostProcessor.java:545) ~[spring-beans-4.2.9.RELEASE.jar:4.2.9.RELEASE]
	... 46 common frames omitted
Caused by: org.springframework.beans.factory.BeanCreationException: Could not autowire field: private org.quartz.Scheduler com.icinfo.platform.quartz.service.impl.ScheduleJobServiceImpl.scheduler; nested exception is org.springframework.beans.factory.NoSuchBeanDefinitionException: No qualifying bean of type [org.quartz.Scheduler] found for dependency: expected at least 1 bean which qualifies as autowire candidate for this dependency. Dependency annotations: {@org.springframework.beans.factory.annotation.Autowired(required=true)}
	at org.springframework.beans.factory.annotation.AutowiredAnnotationBeanPostProcessor$AutowiredFieldElement.inject(AutowiredAnnotationBeanPostProcessor.java:573) ~[spring-beans-4.2.9.RELEASE.jar:4.2.9.RELEASE]
	at org.springframework.beans.factory.annotation.InjectionMetadata.inject(InjectionMetadata.java:88) ~[spring-beans-4.2.9.RELEASE.jar:4.2.9.RELEASE]
	at org.springframework.beans.factory.annotation.AutowiredAnnotationBeanPostProcessor.postProcessPropertyValues(AutowiredAnnotationBeanPostProcessor.java:331) ~[spring-beans-4.2.9.RELEASE.jar:4.2.9.RELEASE]
	... 59 common frames omitted
Caused by: org.springframework.beans.factory.NoSuchBeanDefinitionException: No qualifying bean of type [org.quartz.Scheduler] found for dependency: expected at least 1 bean which qualifies as autowire candidate for this dependency. Dependency annotations: {@org.springframework.beans.factory.annotation.Autowired(required=true)}
	at org.springframework.beans.factory.support.DefaultListableBeanFactory.raiseNoSuchBeanDefinitionException(DefaultListableBeanFactory.java:1380) ~[spring-beans-4.2.9.RELEASE.jar:4.2.9.RELEASE]
	at org.springframework.beans.factory.support.DefaultListableBeanFactory.doResolveDependency(DefaultListableBeanFactory.java:1126) ~[spring-beans-4.2.9.RELEASE.jar:4.2.9.RELEASE]
	at org.springframework.beans.factory.support.DefaultListableBeanFactory.resolveDependency(DefaultListableBeanFactory.java:1021) ~[spring-beans-4.2.9.RELEASE.jar:4.2.9.RELEASE]
	at org.springframework.beans.factory.annotation.AutowiredAnnotationBeanPostProcessor$AutowiredFieldElement.inject(AutowiredAnnotationBeanPostProcessor.java:545) ~[spring-beans-4.2.9.RELEASE.jar:4.2.9.RELEASE]
	... 61 common frames omitted
2017-07-24 10:49:25,115 [qtp1232925466-18] ERROR org.springframework.web.servlet.DispatcherServlet - Context initialization failed
org.springframework.beans.factory.BeanCreationException: Error creating bean with name 'scheduleJobController': Injection of autowired dependencies failed; nested exception is org.springframework.beans.factory.BeanCreationException: Could not autowire field: private com.icinfo.platform.quartz.service.IScheduleJobService com.icinfo.platform.quartz.controller.ScheduleJobController.scheduleJobService; nested exception is org.springframework.beans.factory.BeanCreationException: Error creating bean with name 'scheduleJobServiceImpl': Injection of autowired dependencies failed; nested exception is org.springframework.beans.factory.BeanCreationException: Could not autowire field: private org.quartz.Scheduler com.icinfo.platform.quartz.service.impl.ScheduleJobServiceImpl.scheduler; nested exception is org.springframework.beans.factory.NoSuchBeanDefinitionException: No qualifying bean of type [org.quartz.Scheduler] found for dependency: expected at least 1 bean which qualifies as autowire candidate for this dependency. Dependency annotations: {@org.springframework.beans.factory.annotation.Autowired(required=true)}
	at org.springframework.beans.factory.annotation.AutowiredAnnotationBeanPostProcessor.postProcessPropertyValues(AutowiredAnnotationBeanPostProcessor.java:334) ~[spring-beans-4.2.9.RELEASE.jar:4.2.9.RELEASE]
	at org.springframework.beans.factory.support.AbstractAutowireCapableBeanFactory.populateBean(AbstractAutowireCapableBeanFactory.java:1219) ~[spring-beans-4.2.9.RELEASE.jar:4.2.9.RELEASE]
	at org.springframework.beans.factory.support.AbstractAutowireCapableBeanFactory.doCreateBean(AbstractAutowireCapableBeanFactory.java:551) ~[spring-beans-4.2.9.RELEASE.jar:4.2.9.RELEASE]
	at org.springframework.beans.factory.support.AbstractAutowireCapableBeanFactory.createBean(AbstractAutowireCapableBeanFactory.java:482) ~[spring-beans-4.2.9.RELEASE.jar:4.2.9.RELEASE]
	at org.springframework.beans.factory.support.AbstractBeanFactory$1.getObject(AbstractBeanFactory.java:306) ~[spring-beans-4.2.9.RELEASE.jar:4.2.9.RELEASE]
	at org.springframework.beans.factory.support.DefaultSingletonBeanRegistry.getSingleton(DefaultSingletonBeanRegistry.java:230) ~[spring-beans-4.2.9.RELEASE.jar:4.2.9.RELEASE]
	at org.springframework.beans.factory.support.AbstractBeanFactory.doGetBean(AbstractBeanFactory.java:302) ~[spring-beans-4.2.9.RELEASE.jar:4.2.9.RELEASE]
	at org.springframework.beans.factory.support.AbstractBeanFactory.getBean(AbstractBeanFactory.java:197) ~[spring-beans-4.2.9.RELEASE.jar:4.2.9.RELEASE]
	at org.springframework.beans.factory.support.DefaultListableBeanFactory.preInstantiateSingletons(DefaultListableBeanFactory.java:778) ~[spring-beans-4.2.9.RELEASE.jar:4.2.9.RELEASE]
	at org.springframework.context.support.AbstractApplicationContext.finishBeanFactoryInitialization(AbstractApplicationContext.java:843) ~[spring-context-4.2.9.RELEASE.jar:4.2.9.RELEASE]
	at org.springframework.context.support.AbstractApplicationContext.refresh(AbstractApplicationContext.java:541) ~[spring-context-4.2.9.RELEASE.jar:4.2.9.RELEASE]
	at org.springframework.web.servlet.FrameworkServlet.configureAndRefreshWebApplicationContext(FrameworkServlet.java:666) ~[spring-webmvc-4.2.9.RELEASE.jar:4.2.9.RELEASE]
	at org.springframework.web.servlet.FrameworkServlet.createWebApplicationContext(FrameworkServlet.java:632) ~[spring-webmvc-4.2.9.RELEASE.jar:4.2.9.RELEASE]
	at org.springframework.web.servlet.FrameworkServlet.createWebApplicationContext(FrameworkServlet.java:680) ~[spring-webmvc-4.2.9.RELEASE.jar:4.2.9.RELEASE]
	at org.springframework.web.servlet.FrameworkServlet.initWebApplicationContext(FrameworkServlet.java:551) ~[spring-webmvc-4.2.9.RELEASE.jar:4.2.9.RELEASE]
	at org.springframework.web.servlet.FrameworkServlet.initServletBean(FrameworkServlet.java:492) ~[spring-webmvc-4.2.9.RELEASE.jar:4.2.9.RELEASE]
	at org.springframework.web.servlet.HttpServletBean.init(HttpServletBean.java:136) [spring-webmvc-4.2.9.RELEASE.jar:4.2.9.RELEASE]
	at javax.servlet.GenericServlet.init(GenericServlet.java:244) [javax.servlet-api-3.1.0.jar:3.1.0]
	at org.eclipse.jetty.servlet.ServletHolder.initServlet(ServletHolder.java:640) [jetty-servlet-9.3.7.v20160115.jar:9.3.7.v20160115]
	at org.eclipse.jetty.servlet.ServletHolder.getServlet(ServletHolder.java:496) [jetty-servlet-9.3.7.v20160115.jar:9.3.7.v20160115]
	at org.eclipse.jetty.servlet.ServletHolder.ensureInstance(ServletHolder.java:788) [jetty-servlet-9.3.7.v20160115.jar:9.3.7.v20160115]
	at org.eclipse.jetty.servlet.ServletHolder.prepare(ServletHolder.java:773) [jetty-servlet-9.3.7.v20160115.jar:9.3.7.v20160115]
	at org.eclipse.jetty.servlet.ServletHandler.doHandle(ServletHandler.java:578) [jetty-servlet-9.3.7.v20160115.jar:9.3.7.v20160115]
	at org.eclipse.jetty.server.handler.ScopedHandler.handle(ScopedHandler.java:143) [jetty-server-9.3.7.v20160115.jar:9.3.7.v20160115]
	at org.eclipse.jetty.security.SecurityHandler.handle(SecurityHandler.java:548) [jetty-security-9.3.7.v20160115.jar:9.3.7.v20160115]
	at org.eclipse.jetty.server.session.SessionHandler.doHandle(SessionHandler.java:226) [jetty-server-9.3.7.v20160115.jar:9.3.7.v20160115]
	at org.eclipse.jetty.server.handler.ContextHandler.doHandle(ContextHandler.java:1158) [jetty-server-9.3.7.v20160115.jar:9.3.7.v20160115]
	at org.eclipse.jetty.servlet.ServletHandler.doScope(ServletHandler.java:511) [jetty-servlet-9.3.7.v20160115.jar:9.3.7.v20160115]
	at org.eclipse.jetty.server.session.SessionHandler.doScope(SessionHandler.java:185) [jetty-server-9.3.7.v20160115.jar:9.3.7.v20160115]
	at org.eclipse.jetty.server.handler.ContextHandler.doScope(ContextHandler.java:1090) [jetty-server-9.3.7.v20160115.jar:9.3.7.v20160115]
	at org.eclipse.jetty.server.handler.ScopedHandler.handle(ScopedHandler.java:141) [jetty-server-9.3.7.v20160115.jar:9.3.7.v20160115]
	at org.eclipse.jetty.server.handler.ContextHandlerCollection.handle(ContextHandlerCollection.java:213) [jetty-server-9.3.7.v20160115.jar:9.3.7.v20160115]
	at org.eclipse.jetty.server.handler.HandlerCollection.handle(HandlerCollection.java:109) [jetty-server-9.3.7.v20160115.jar:9.3.7.v20160115]
	at org.eclipse.jetty.server.handler.HandlerWrapper.handle(HandlerWrapper.java:119) [jetty-server-9.3.7.v20160115.jar:9.3.7.v20160115]
	at org.eclipse.jetty.server.Server.handle(Server.java:517) [jetty-server-9.3.7.v20160115.jar:9.3.7.v20160115]
	at org.eclipse.jetty.server.HttpChannel.handle(HttpChannel.java:308) [jetty-server-9.3.7.v20160115.jar:9.3.7.v20160115]
	at org.eclipse.jetty.server.HttpConnection.onFillable(HttpConnection.java:242) [jetty-server-9.3.7.v20160115.jar:9.3.7.v20160115]
	at org.eclipse.jetty.io.AbstractConnection$ReadCallback.succeeded(AbstractConnection.java:273) [jetty-io-9.3.7.v20160115.jar:9.3.7.v20160115]
	at org.eclipse.jetty.io.FillInterest.fillable(FillInterest.java:95) [jetty-io-9.3.7.v20160115.jar:9.3.7.v20160115]
	at org.eclipse.jetty.io.SelectChannelEndPoint$2.run(SelectChannelEndPoint.java:75) [jetty-io-9.3.7.v20160115.jar:9.3.7.v20160115]
	at org.eclipse.jetty.util.thread.strategy.ExecuteProduceConsume.produceAndRun(ExecuteProduceConsume.java:213) [jetty-util-9.3.7.v20160115.jar:9.3.7.v20160115]
	at org.eclipse.jetty.util.thread.strategy.ExecuteProduceConsume.run(ExecuteProduceConsume.java:147) [jetty-util-9.3.7.v20160115.jar:9.3.7.v20160115]
	at org.eclipse.jetty.util.thread.QueuedThreadPool.runJob(QueuedThreadPool.java:654) [jetty-util-9.3.7.v20160115.jar:9.3.7.v20160115]
	at org.eclipse.jetty.util.thread.QueuedThreadPool$3.run(QueuedThreadPool.java:572) [jetty-util-9.3.7.v20160115.jar:9.3.7.v20160115]
	at java.lang.Thread.run(Thread.java:745) [na:1.8.0_65]
Caused by: org.springframework.beans.factory.BeanCreationException: Could not autowire field: private com.icinfo.platform.quartz.service.IScheduleJobService com.icinfo.platform.quartz.controller.ScheduleJobController.scheduleJobService; nested exception is org.springframework.beans.factory.BeanCreationException: Error creating bean with name 'scheduleJobServiceImpl': Injection of autowired dependencies failed; nested exception is org.springframework.beans.factory.BeanCreationException: Could not autowire field: private org.quartz.Scheduler com.icinfo.platform.quartz.service.impl.ScheduleJobServiceImpl.scheduler; nested exception is org.springframework.beans.factory.NoSuchBeanDefinitionException: No qualifying bean of type [org.quartz.Scheduler] found for dependency: expected at least 1 bean which qualifies as autowire candidate for this dependency. Dependency annotations: {@org.springframework.beans.factory.annotation.Autowired(required=true)}
	at org.springframework.beans.factory.annotation.AutowiredAnnotationBeanPostProcessor$AutowiredFieldElement.inject(AutowiredAnnotationBeanPostProcessor.java:573) ~[spring-beans-4.2.9.RELEASE.jar:4.2.9.RELEASE]
	at org.springframework.beans.factory.annotation.InjectionMetadata.inject(InjectionMetadata.java:88) ~[spring-beans-4.2.9.RELEASE.jar:4.2.9.RELEASE]
	at org.springframework.beans.factory.annotation.AutowiredAnnotationBeanPostProcessor.postProcessPropertyValues(AutowiredAnnotationBeanPostProcessor.java:331) ~[spring-beans-4.2.9.RELEASE.jar:4.2.9.RELEASE]
	... 44 common frames omitted
Caused by: org.springframework.beans.factory.BeanCreationException: Error creating bean with name 'scheduleJobServiceImpl': Injection of autowired dependencies failed; nested exception is org.springframework.beans.factory.BeanCreationException: Could not autowire field: private org.quartz.Scheduler com.icinfo.platform.quartz.service.impl.ScheduleJobServiceImpl.scheduler; nested exception is org.springframework.beans.factory.NoSuchBeanDefinitionException: No qualifying bean of type [org.quartz.Scheduler] found for dependency: expected at least 1 bean which qualifies as autowire candidate for this dependency. Dependency annotations: {@org.springframework.beans.factory.annotation.Autowired(required=true)}
	at org.springframework.beans.factory.annotation.AutowiredAnnotationBeanPostProcessor.postProcessPropertyValues(AutowiredAnnotationBeanPostProcessor.java:334) ~[spring-beans-4.2.9.RELEASE.jar:4.2.9.RELEASE]
	at org.springframework.beans.factory.support.AbstractAutowireCapableBeanFactory.populateBean(AbstractAutowireCapableBeanFactory.java:1219) ~[spring-beans-4.2.9.RELEASE.jar:4.2.9.RELEASE]
	at org.springframework.beans.factory.support.AbstractAutowireCapableBeanFactory.doCreateBean(AbstractAutowireCapableBeanFactory.java:551) ~[spring-beans-4.2.9.RELEASE.jar:4.2.9.RELEASE]
	at org.springframework.beans.factory.support.AbstractAutowireCapableBeanFactory.createBean(AbstractAutowireCapableBeanFactory.java:482) ~[spring-beans-4.2.9.RELEASE.jar:4.2.9.RELEASE]
	at org.springframework.beans.factory.support.AbstractBeanFactory$1.getObject(AbstractBeanFactory.java:306) ~[spring-beans-4.2.9.RELEASE.jar:4.2.9.RELEASE]
	at org.springframework.beans.factory.support.DefaultSingletonBeanRegistry.getSingleton(DefaultSingletonBeanRegistry.java:230) ~[spring-beans-4.2.9.RELEASE.jar:4.2.9.RELEASE]
	at org.springframework.beans.factory.support.AbstractBeanFactory.doGetBean(AbstractBeanFactory.java:302) ~[spring-beans-4.2.9.RELEASE.jar:4.2.9.RELEASE]
	at org.springframework.beans.factory.support.AbstractBeanFactory.getBean(AbstractBeanFactory.java:202) ~[spring-beans-4.2.9.RELEASE.jar:4.2.9.RELEASE]
	at org.springframework.beans.factory.support.AbstractBeanFactory.doGetBean(AbstractBeanFactory.java:275) ~[spring-beans-4.2.9.RELEASE.jar:4.2.9.RELEASE]
	at org.springframework.beans.factory.support.AbstractBeanFactory.getBean(AbstractBeanFactory.java:197) ~[spring-beans-4.2.9.RELEASE.jar:4.2.9.RELEASE]
	at org.springframework.beans.factory.support.DefaultListableBeanFactory.findAutowireCandidates(DefaultListableBeanFactory.java:1199) ~[spring-beans-4.2.9.RELEASE.jar:4.2.9.RELEASE]
	at org.springframework.beans.factory.support.DefaultListableBeanFactory.doResolveDependency(DefaultListableBeanFactory.java:1123) ~[spring-beans-4.2.9.RELEASE.jar:4.2.9.RELEASE]
	at org.springframework.beans.factory.support.DefaultListableBeanFactory.resolveDependency(DefaultListableBeanFactory.java:1021) ~[spring-beans-4.2.9.RELEASE.jar:4.2.9.RELEASE]
	at org.springframework.beans.factory.annotation.AutowiredAnnotationBeanPostProcessor$AutowiredFieldElement.inject(AutowiredAnnotationBeanPostProcessor.java:545) ~[spring-beans-4.2.9.RELEASE.jar:4.2.9.RELEASE]
	... 46 common frames omitted
Caused by: org.springframework.beans.factory.BeanCreationException: Could not autowire field: private org.quartz.Scheduler com.icinfo.platform.quartz.service.impl.ScheduleJobServiceImpl.scheduler; nested exception is org.springframework.beans.factory.NoSuchBeanDefinitionException: No qualifying bean of type [org.quartz.Scheduler] found for dependency: expected at least 1 bean which qualifies as autowire candidate for this dependency. Dependency annotations: {@org.springframework.beans.factory.annotation.Autowired(required=true)}
	at org.springframework.beans.factory.annotation.AutowiredAnnotationBeanPostProcessor$AutowiredFieldElement.inject(AutowiredAnnotationBeanPostProcessor.java:573) ~[spring-beans-4.2.9.RELEASE.jar:4.2.9.RELEASE]
	at org.springframework.beans.factory.annotation.InjectionMetadata.inject(InjectionMetadata.java:88) ~[spring-beans-4.2.9.RELEASE.jar:4.2.9.RELEASE]
	at org.springframework.beans.factory.annotation.AutowiredAnnotationBeanPostProcessor.postProcessPropertyValues(AutowiredAnnotationBeanPostProcessor.java:331) ~[spring-beans-4.2.9.RELEASE.jar:4.2.9.RELEASE]
	... 59 common frames omitted
Caused by: org.springframework.beans.factory.NoSuchBeanDefinitionException: No qualifying bean of type [org.quartz.Scheduler] found for dependency: expected at least 1 bean which qualifies as autowire candidate for this dependency. Dependency annotations: {@org.springframework.beans.factory.annotation.Autowired(required=true)}
	at org.springframework.beans.factory.support.DefaultListableBeanFactory.raiseNoSuchBeanDefinitionException(DefaultListableBeanFactory.java:1380) ~[spring-beans-4.2.9.RELEASE.jar:4.2.9.RELEASE]
	at org.springframework.beans.factory.support.DefaultListableBeanFactory.doResolveDependency(DefaultListableBeanFactory.java:1126) ~[spring-beans-4.2.9.RELEASE.jar:4.2.9.RELEASE]
	at org.springframework.beans.factory.support.DefaultListableBeanFactory.resolveDependency(DefaultListableBeanFactory.java:1021) ~[spring-beans-4.2.9.RELEASE.jar:4.2.9.RELEASE]
	at org.springframework.beans.factory.annotation.AutowiredAnnotationBeanPostProcessor$AutowiredFieldElement.inject(AutowiredAnnotationBeanPostProcessor.java:545) ~[spring-beans-4.2.9.RELEASE.jar:4.2.9.RELEASE]
	... 61 common frames omitted
2017-07-24 10:52:46,993 [qtp1439915898-23] ERROR org.springframework.web.servlet.DispatcherServlet - Context initialization failed
org.springframework.beans.factory.BeanCreationException: Error creating bean with name 'scheduleJobController': Injection of autowired dependencies failed; nested exception is org.springframework.beans.factory.BeanCreationException: Could not autowire field: private com.icinfo.platform.quartz.service.IScheduleJobService com.icinfo.platform.quartz.controller.ScheduleJobController.scheduleJobService; nested exception is org.springframework.beans.factory.BeanCreationException: Error creating bean with name 'scheduleJobServiceImpl': Injection of autowired dependencies failed; nested exception is org.springframework.beans.factory.BeanCreationException: Could not autowire field: private org.quartz.Scheduler com.icinfo.platform.quartz.service.impl.ScheduleJobServiceImpl.scheduler; nested exception is org.springframework.beans.factory.NoSuchBeanDefinitionException: No qualifying bean of type [org.quartz.Scheduler] found for dependency: expected at least 1 bean which qualifies as autowire candidate for this dependency. Dependency annotations: {@org.springframework.beans.factory.annotation.Autowired(required=true)}
	at org.springframework.beans.factory.annotation.AutowiredAnnotationBeanPostProcessor.postProcessPropertyValues(AutowiredAnnotationBeanPostProcessor.java:334) ~[spring-beans-4.2.9.RELEASE.jar:4.2.9.RELEASE]
	at org.springframework.beans.factory.support.AbstractAutowireCapableBeanFactory.populateBean(AbstractAutowireCapableBeanFactory.java:1219) ~[spring-beans-4.2.9.RELEASE.jar:4.2.9.RELEASE]
	at org.springframework.beans.factory.support.AbstractAutowireCapableBeanFactory.doCreateBean(AbstractAutowireCapableBeanFactory.java:551) ~[spring-beans-4.2.9.RELEASE.jar:4.2.9.RELEASE]
	at org.springframework.beans.factory.support.AbstractAutowireCapableBeanFactory.createBean(AbstractAutowireCapableBeanFactory.java:482) ~[spring-beans-4.2.9.RELEASE.jar:4.2.9.RELEASE]
	at org.springframework.beans.factory.support.AbstractBeanFactory$1.getObject(AbstractBeanFactory.java:306) ~[spring-beans-4.2.9.RELEASE.jar:4.2.9.RELEASE]
	at org.springframework.beans.factory.support.DefaultSingletonBeanRegistry.getSingleton(DefaultSingletonBeanRegistry.java:230) ~[spring-beans-4.2.9.RELEASE.jar:4.2.9.RELEASE]
	at org.springframework.beans.factory.support.AbstractBeanFactory.doGetBean(AbstractBeanFactory.java:302) ~[spring-beans-4.2.9.RELEASE.jar:4.2.9.RELEASE]
	at org.springframework.beans.factory.support.AbstractBeanFactory.getBean(AbstractBeanFactory.java:197) ~[spring-beans-4.2.9.RELEASE.jar:4.2.9.RELEASE]
	at org.springframework.beans.factory.support.DefaultListableBeanFactory.preInstantiateSingletons(DefaultListableBeanFactory.java:778) ~[spring-beans-4.2.9.RELEASE.jar:4.2.9.RELEASE]
	at org.springframework.context.support.AbstractApplicationContext.finishBeanFactoryInitialization(AbstractApplicationContext.java:843) ~[spring-context-4.2.9.RELEASE.jar:4.2.9.RELEASE]
	at org.springframework.context.support.AbstractApplicationContext.refresh(AbstractApplicationContext.java:541) ~[spring-context-4.2.9.RELEASE.jar:4.2.9.RELEASE]
	at org.springframework.web.servlet.FrameworkServlet.configureAndRefreshWebApplicationContext(FrameworkServlet.java:666) ~[spring-webmvc-4.2.9.RELEASE.jar:4.2.9.RELEASE]
	at org.springframework.web.servlet.FrameworkServlet.createWebApplicationContext(FrameworkServlet.java:632) ~[spring-webmvc-4.2.9.RELEASE.jar:4.2.9.RELEASE]
	at org.springframework.web.servlet.FrameworkServlet.createWebApplicationContext(FrameworkServlet.java:680) ~[spring-webmvc-4.2.9.RELEASE.jar:4.2.9.RELEASE]
	at org.springframework.web.servlet.FrameworkServlet.initWebApplicationContext(FrameworkServlet.java:551) ~[spring-webmvc-4.2.9.RELEASE.jar:4.2.9.RELEASE]
	at org.springframework.web.servlet.FrameworkServlet.initServletBean(FrameworkServlet.java:492) ~[spring-webmvc-4.2.9.RELEASE.jar:4.2.9.RELEASE]
	at org.springframework.web.servlet.HttpServletBean.init(HttpServletBean.java:136) [spring-webmvc-4.2.9.RELEASE.jar:4.2.9.RELEASE]
	at javax.servlet.GenericServlet.init(GenericServlet.java:244) [javax.servlet-api-3.1.0.jar:3.1.0]
	at org.eclipse.jetty.servlet.ServletHolder.initServlet(ServletHolder.java:640) [jetty-servlet-9.3.7.v20160115.jar:9.3.7.v20160115]
	at org.eclipse.jetty.servlet.ServletHolder.getServlet(ServletHolder.java:496) [jetty-servlet-9.3.7.v20160115.jar:9.3.7.v20160115]
	at org.eclipse.jetty.servlet.ServletHolder.ensureInstance(ServletHolder.java:788) [jetty-servlet-9.3.7.v20160115.jar:9.3.7.v20160115]
	at org.eclipse.jetty.servlet.ServletHolder.prepare(ServletHolder.java:773) [jetty-servlet-9.3.7.v20160115.jar:9.3.7.v20160115]
	at org.eclipse.jetty.servlet.ServletHandler.doHandle(ServletHandler.java:578) [jetty-servlet-9.3.7.v20160115.jar:9.3.7.v20160115]
	at org.eclipse.jetty.server.handler.ScopedHandler.handle(ScopedHandler.java:143) [jetty-server-9.3.7.v20160115.jar:9.3.7.v20160115]
	at org.eclipse.jetty.security.SecurityHandler.handle(SecurityHandler.java:548) [jetty-security-9.3.7.v20160115.jar:9.3.7.v20160115]
	at org.eclipse.jetty.server.session.SessionHandler.doHandle(SessionHandler.java:226) [jetty-server-9.3.7.v20160115.jar:9.3.7.v20160115]
	at org.eclipse.jetty.server.handler.ContextHandler.doHandle(ContextHandler.java:1158) [jetty-server-9.3.7.v20160115.jar:9.3.7.v20160115]
	at org.eclipse.jetty.servlet.ServletHandler.doScope(ServletHandler.java:511) [jetty-servlet-9.3.7.v20160115.jar:9.3.7.v20160115]
	at org.eclipse.jetty.server.session.SessionHandler.doScope(SessionHandler.java:185) [jetty-server-9.3.7.v20160115.jar:9.3.7.v20160115]
	at org.eclipse.jetty.server.handler.ContextHandler.doScope(ContextHandler.java:1090) [jetty-server-9.3.7.v20160115.jar:9.3.7.v20160115]
	at org.eclipse.jetty.server.handler.ScopedHandler.handle(ScopedHandler.java:141) [jetty-server-9.3.7.v20160115.jar:9.3.7.v20160115]
	at org.eclipse.jetty.server.handler.ContextHandlerCollection.handle(ContextHandlerCollection.java:213) [jetty-server-9.3.7.v20160115.jar:9.3.7.v20160115]
	at org.eclipse.jetty.server.handler.HandlerCollection.handle(HandlerCollection.java:109) [jetty-server-9.3.7.v20160115.jar:9.3.7.v20160115]
	at org.eclipse.jetty.server.handler.HandlerWrapper.handle(HandlerWrapper.java:119) [jetty-server-9.3.7.v20160115.jar:9.3.7.v20160115]
	at org.eclipse.jetty.server.Server.handle(Server.java:517) [jetty-server-9.3.7.v20160115.jar:9.3.7.v20160115]
	at org.eclipse.jetty.server.HttpChannel.handle(HttpChannel.java:308) [jetty-server-9.3.7.v20160115.jar:9.3.7.v20160115]
	at org.eclipse.jetty.server.HttpConnection.onFillable(HttpConnection.java:242) [jetty-server-9.3.7.v20160115.jar:9.3.7.v20160115]
	at org.eclipse.jetty.io.AbstractConnection$ReadCallback.succeeded(AbstractConnection.java:273) [jetty-io-9.3.7.v20160115.jar:9.3.7.v20160115]
	at org.eclipse.jetty.io.FillInterest.fillable(FillInterest.java:95) [jetty-io-9.3.7.v20160115.jar:9.3.7.v20160115]
	at org.eclipse.jetty.io.SelectChannelEndPoint$2.run(SelectChannelEndPoint.java:75) [jetty-io-9.3.7.v20160115.jar:9.3.7.v20160115]
	at org.eclipse.jetty.util.thread.strategy.ExecuteProduceConsume.produceAndRun(ExecuteProduceConsume.java:213) [jetty-util-9.3.7.v20160115.jar:9.3.7.v20160115]
	at org.eclipse.jetty.util.thread.strategy.ExecuteProduceConsume.run(ExecuteProduceConsume.java:147) [jetty-util-9.3.7.v20160115.jar:9.3.7.v20160115]
	at org.eclipse.jetty.util.thread.QueuedThreadPool.runJob(QueuedThreadPool.java:654) [jetty-util-9.3.7.v20160115.jar:9.3.7.v20160115]
	at org.eclipse.jetty.util.thread.QueuedThreadPool$3.run(QueuedThreadPool.java:572) [jetty-util-9.3.7.v20160115.jar:9.3.7.v20160115]
	at java.lang.Thread.run(Thread.java:745) [na:1.8.0_65]
Caused by: org.springframework.beans.factory.BeanCreationException: Could not autowire field: private com.icinfo.platform.quartz.service.IScheduleJobService com.icinfo.platform.quartz.controller.ScheduleJobController.scheduleJobService; nested exception is org.springframework.beans.factory.BeanCreationException: Error creating bean with name 'scheduleJobServiceImpl': Injection of autowired dependencies failed; nested exception is org.springframework.beans.factory.BeanCreationException: Could not autowire field: private org.quartz.Scheduler com.icinfo.platform.quartz.service.impl.ScheduleJobServiceImpl.scheduler; nested exception is org.springframework.beans.factory.NoSuchBeanDefinitionException: No qualifying bean of type [org.quartz.Scheduler] found for dependency: expected at least 1 bean which qualifies as autowire candidate for this dependency. Dependency annotations: {@org.springframework.beans.factory.annotation.Autowired(required=true)}
	at org.springframework.beans.factory.annotation.AutowiredAnnotationBeanPostProcessor$AutowiredFieldElement.inject(AutowiredAnnotationBeanPostProcessor.java:573) ~[spring-beans-4.2.9.RELEASE.jar:4.2.9.RELEASE]
	at org.springframework.beans.factory.annotation.InjectionMetadata.inject(InjectionMetadata.java:88) ~[spring-beans-4.2.9.RELEASE.jar:4.2.9.RELEASE]
	at org.springframework.beans.factory.annotation.AutowiredAnnotationBeanPostProcessor.postProcessPropertyValues(AutowiredAnnotationBeanPostProcessor.java:331) ~[spring-beans-4.2.9.RELEASE.jar:4.2.9.RELEASE]
	... 44 common frames omitted
Caused by: org.springframework.beans.factory.BeanCreationException: Error creating bean with name 'scheduleJobServiceImpl': Injection of autowired dependencies failed; nested exception is org.springframework.beans.factory.BeanCreationException: Could not autowire field: private org.quartz.Scheduler com.icinfo.platform.quartz.service.impl.ScheduleJobServiceImpl.scheduler; nested exception is org.springframework.beans.factory.NoSuchBeanDefinitionException: No qualifying bean of type [org.quartz.Scheduler] found for dependency: expected at least 1 bean which qualifies as autowire candidate for this dependency. Dependency annotations: {@org.springframework.beans.factory.annotation.Autowired(required=true)}
	at org.springframework.beans.factory.annotation.AutowiredAnnotationBeanPostProcessor.postProcessPropertyValues(AutowiredAnnotationBeanPostProcessor.java:334) ~[spring-beans-4.2.9.RELEASE.jar:4.2.9.RELEASE]
	at org.springframework.beans.factory.support.AbstractAutowireCapableBeanFactory.populateBean(AbstractAutowireCapableBeanFactory.java:1219) ~[spring-beans-4.2.9.RELEASE.jar:4.2.9.RELEASE]
	at org.springframework.beans.factory.support.AbstractAutowireCapableBeanFactory.doCreateBean(AbstractAutowireCapableBeanFactory.java:551) ~[spring-beans-4.2.9.RELEASE.jar:4.2.9.RELEASE]
	at org.springframework.beans.factory.support.AbstractAutowireCapableBeanFactory.createBean(AbstractAutowireCapableBeanFactory.java:482) ~[spring-beans-4.2.9.RELEASE.jar:4.2.9.RELEASE]
	at org.springframework.beans.factory.support.AbstractBeanFactory$1.getObject(AbstractBeanFactory.java:306) ~[spring-beans-4.2.9.RELEASE.jar:4.2.9.RELEASE]
	at org.springframework.beans.factory.support.DefaultSingletonBeanRegistry.getSingleton(DefaultSingletonBeanRegistry.java:230) ~[spring-beans-4.2.9.RELEASE.jar:4.2.9.RELEASE]
	at org.springframework.beans.factory.support.AbstractBeanFactory.doGetBean(AbstractBeanFactory.java:302) ~[spring-beans-4.2.9.RELEASE.jar:4.2.9.RELEASE]
	at org.springframework.beans.factory.support.AbstractBeanFactory.getBean(AbstractBeanFactory.java:202) ~[spring-beans-4.2.9.RELEASE.jar:4.2.9.RELEASE]
	at org.springframework.beans.factory.support.AbstractBeanFactory.doGetBean(AbstractBeanFactory.java:275) ~[spring-beans-4.2.9.RELEASE.jar:4.2.9.RELEASE]
	at org.springframework.beans.factory.support.AbstractBeanFactory.getBean(AbstractBeanFactory.java:197) ~[spring-beans-4.2.9.RELEASE.jar:4.2.9.RELEASE]
	at org.springframework.beans.factory.support.DefaultListableBeanFactory.findAutowireCandidates(DefaultListableBeanFactory.java:1199) ~[spring-beans-4.2.9.RELEASE.jar:4.2.9.RELEASE]
	at org.springframework.beans.factory.support.DefaultListableBeanFactory.doResolveDependency(DefaultListableBeanFactory.java:1123) ~[spring-beans-4.2.9.RELEASE.jar:4.2.9.RELEASE]
	at org.springframework.beans.factory.support.DefaultListableBeanFactory.resolveDependency(DefaultListableBeanFactory.java:1021) ~[spring-beans-4.2.9.RELEASE.jar:4.2.9.RELEASE]
	at org.springframework.beans.factory.annotation.AutowiredAnnotationBeanPostProcessor$AutowiredFieldElement.inject(AutowiredAnnotationBeanPostProcessor.java:545) ~[spring-beans-4.2.9.RELEASE.jar:4.2.9.RELEASE]
	... 46 common frames omitted
Caused by: org.springframework.beans.factory.BeanCreationException: Could not autowire field: private org.quartz.Scheduler com.icinfo.platform.quartz.service.impl.ScheduleJobServiceImpl.scheduler; nested exception is org.springframework.beans.factory.NoSuchBeanDefinitionException: No qualifying bean of type [org.quartz.Scheduler] found for dependency: expected at least 1 bean which qualifies as autowire candidate for this dependency. Dependency annotations: {@org.springframework.beans.factory.annotation.Autowired(required=true)}
	at org.springframework.beans.factory.annotation.AutowiredAnnotationBeanPostProcessor$AutowiredFieldElement.inject(AutowiredAnnotationBeanPostProcessor.java:573) ~[spring-beans-4.2.9.RELEASE.jar:4.2.9.RELEASE]
	at org.springframework.beans.factory.annotation.InjectionMetadata.inject(InjectionMetadata.java:88) ~[spring-beans-4.2.9.RELEASE.jar:4.2.9.RELEASE]
	at org.springframework.beans.factory.annotation.AutowiredAnnotationBeanPostProcessor.postProcessPropertyValues(AutowiredAnnotationBeanPostProcessor.java:331) ~[spring-beans-4.2.9.RELEASE.jar:4.2.9.RELEASE]
	... 59 common frames omitted
Caused by: org.springframework.beans.factory.NoSuchBeanDefinitionException: No qualifying bean of type [org.quartz.Scheduler] found for dependency: expected at least 1 bean which qualifies as autowire candidate for this dependency. Dependency annotations: {@org.springframework.beans.factory.annotation.Autowired(required=true)}
	at org.springframework.beans.factory.support.DefaultListableBeanFactory.raiseNoSuchBeanDefinitionException(DefaultListableBeanFactory.java:1380) ~[spring-beans-4.2.9.RELEASE.jar:4.2.9.RELEASE]
	at org.springframework.beans.factory.support.DefaultListableBeanFactory.doResolveDependency(DefaultListableBeanFactory.java:1126) ~[spring-beans-4.2.9.RELEASE.jar:4.2.9.RELEASE]
	at org.springframework.beans.factory.support.DefaultListableBeanFactory.resolveDependency(DefaultListableBeanFactory.java:1021) ~[spring-beans-4.2.9.RELEASE.jar:4.2.9.RELEASE]
	at org.springframework.beans.factory.annotation.AutowiredAnnotationBeanPostProcessor$AutowiredFieldElement.inject(AutowiredAnnotationBeanPostProcessor.java:545) ~[spring-beans-4.2.9.RELEASE.jar:4.2.9.RELEASE]
	... 61 common frames omitted
2017-07-24 10:58:52,430 [qtp1408337297-21] ERROR org.springframework.web.servlet.DispatcherServlet - Context initialization failed
org.springframework.beans.factory.BeanCreationException: Error creating bean with name 'scheduleJobController': Injection of autowired dependencies failed; nested exception is org.springframework.beans.factory.BeanCreationException: Could not autowire field: private com.icinfo.platform.quartz.service.IScheduleJobService com.icinfo.platform.quartz.controller.ScheduleJobController.scheduleJobService; nested exception is org.springframework.beans.factory.BeanCreationException: Error creating bean with name 'scheduleJobServiceImpl': Injection of autowired dependencies failed; nested exception is org.springframework.beans.factory.BeanCreationException: Could not autowire field: private org.quartz.Scheduler com.icinfo.platform.quartz.service.impl.ScheduleJobServiceImpl.scheduler; nested exception is org.springframework.beans.factory.NoSuchBeanDefinitionException: No qualifying bean of type [org.quartz.Scheduler] found for dependency: expected at least 1 bean which qualifies as autowire candidate for this dependency. Dependency annotations: {@org.springframework.beans.factory.annotation.Autowired(required=true)}
	at org.springframework.beans.factory.annotation.AutowiredAnnotationBeanPostProcessor.postProcessPropertyValues(AutowiredAnnotationBeanPostProcessor.java:334) ~[spring-beans-4.2.9.RELEASE.jar:4.2.9.RELEASE]
	at org.springframework.beans.factory.support.AbstractAutowireCapableBeanFactory.populateBean(AbstractAutowireCapableBeanFactory.java:1219) ~[spring-beans-4.2.9.RELEASE.jar:4.2.9.RELEASE]
	at org.springframework.beans.factory.support.AbstractAutowireCapableBeanFactory.doCreateBean(AbstractAutowireCapableBeanFactory.java:551) ~[spring-beans-4.2.9.RELEASE.jar:4.2.9.RELEASE]
	at org.springframework.beans.factory.support.AbstractAutowireCapableBeanFactory.createBean(AbstractAutowireCapableBeanFactory.java:482) ~[spring-beans-4.2.9.RELEASE.jar:4.2.9.RELEASE]
	at org.springframework.beans.factory.support.AbstractBeanFactory$1.getObject(AbstractBeanFactory.java:306) ~[spring-beans-4.2.9.RELEASE.jar:4.2.9.RELEASE]
	at org.springframework.beans.factory.support.DefaultSingletonBeanRegistry.getSingleton(DefaultSingletonBeanRegistry.java:230) ~[spring-beans-4.2.9.RELEASE.jar:4.2.9.RELEASE]
	at org.springframework.beans.factory.support.AbstractBeanFactory.doGetBean(AbstractBeanFactory.java:302) ~[spring-beans-4.2.9.RELEASE.jar:4.2.9.RELEASE]
	at org.springframework.beans.factory.support.AbstractBeanFactory.getBean(AbstractBeanFactory.java:197) ~[spring-beans-4.2.9.RELEASE.jar:4.2.9.RELEASE]
	at org.springframework.beans.factory.support.DefaultListableBeanFactory.preInstantiateSingletons(DefaultListableBeanFactory.java:778) ~[spring-beans-4.2.9.RELEASE.jar:4.2.9.RELEASE]
	at org.springframework.context.support.AbstractApplicationContext.finishBeanFactoryInitialization(AbstractApplicationContext.java:843) ~[spring-context-4.2.9.RELEASE.jar:4.2.9.RELEASE]
	at org.springframework.context.support.AbstractApplicationContext.refresh(AbstractApplicationContext.java:541) ~[spring-context-4.2.9.RELEASE.jar:4.2.9.RELEASE]
	at org.springframework.web.servlet.FrameworkServlet.configureAndRefreshWebApplicationContext(FrameworkServlet.java:666) ~[spring-webmvc-4.2.9.RELEASE.jar:4.2.9.RELEASE]
	at org.springframework.web.servlet.FrameworkServlet.createWebApplicationContext(FrameworkServlet.java:632) ~[spring-webmvc-4.2.9.RELEASE.jar:4.2.9.RELEASE]
	at org.springframework.web.servlet.FrameworkServlet.createWebApplicationContext(FrameworkServlet.java:680) ~[spring-webmvc-4.2.9.RELEASE.jar:4.2.9.RELEASE]
	at org.springframework.web.servlet.FrameworkServlet.initWebApplicationContext(FrameworkServlet.java:551) ~[spring-webmvc-4.2.9.RELEASE.jar:4.2.9.RELEASE]
	at org.springframework.web.servlet.FrameworkServlet.initServletBean(FrameworkServlet.java:492) ~[spring-webmvc-4.2.9.RELEASE.jar:4.2.9.RELEASE]
	at org.springframework.web.servlet.HttpServletBean.init(HttpServletBean.java:136) [spring-webmvc-4.2.9.RELEASE.jar:4.2.9.RELEASE]
	at javax.servlet.GenericServlet.init(GenericServlet.java:244) [javax.servlet-api-3.1.0.jar:3.1.0]
	at org.eclipse.jetty.servlet.ServletHolder.initServlet(ServletHolder.java:640) [jetty-servlet-9.3.7.v20160115.jar:9.3.7.v20160115]
	at org.eclipse.jetty.servlet.ServletHolder.getServlet(ServletHolder.java:496) [jetty-servlet-9.3.7.v20160115.jar:9.3.7.v20160115]
	at org.eclipse.jetty.servlet.ServletHolder.ensureInstance(ServletHolder.java:788) [jetty-servlet-9.3.7.v20160115.jar:9.3.7.v20160115]
	at org.eclipse.jetty.servlet.ServletHolder.prepare(ServletHolder.java:773) [jetty-servlet-9.3.7.v20160115.jar:9.3.7.v20160115]
	at org.eclipse.jetty.servlet.ServletHandler.doHandle(ServletHandler.java:578) [jetty-servlet-9.3.7.v20160115.jar:9.3.7.v20160115]
	at org.eclipse.jetty.server.handler.ScopedHandler.handle(ScopedHandler.java:143) [jetty-server-9.3.7.v20160115.jar:9.3.7.v20160115]
	at org.eclipse.jetty.security.SecurityHandler.handle(SecurityHandler.java:548) [jetty-security-9.3.7.v20160115.jar:9.3.7.v20160115]
	at org.eclipse.jetty.server.session.SessionHandler.doHandle(SessionHandler.java:226) [jetty-server-9.3.7.v20160115.jar:9.3.7.v20160115]
	at org.eclipse.jetty.server.handler.ContextHandler.doHandle(ContextHandler.java:1158) [jetty-server-9.3.7.v20160115.jar:9.3.7.v20160115]
	at org.eclipse.jetty.servlet.ServletHandler.doScope(ServletHandler.java:511) [jetty-servlet-9.3.7.v20160115.jar:9.3.7.v20160115]
	at org.eclipse.jetty.server.session.SessionHandler.doScope(SessionHandler.java:185) [jetty-server-9.3.7.v20160115.jar:9.3.7.v20160115]
	at org.eclipse.jetty.server.handler.ContextHandler.doScope(ContextHandler.java:1090) [jetty-server-9.3.7.v20160115.jar:9.3.7.v20160115]
	at org.eclipse.jetty.server.handler.ScopedHandler.handle(ScopedHandler.java:141) [jetty-server-9.3.7.v20160115.jar:9.3.7.v20160115]
	at org.eclipse.jetty.server.handler.ContextHandlerCollection.handle(ContextHandlerCollection.java:213) [jetty-server-9.3.7.v20160115.jar:9.3.7.v20160115]
	at org.eclipse.jetty.server.handler.HandlerCollection.handle(HandlerCollection.java:109) [jetty-server-9.3.7.v20160115.jar:9.3.7.v20160115]
	at org.eclipse.jetty.server.handler.HandlerWrapper.handle(HandlerWrapper.java:119) [jetty-server-9.3.7.v20160115.jar:9.3.7.v20160115]
	at org.eclipse.jetty.server.Server.handle(Server.java:517) [jetty-server-9.3.7.v20160115.jar:9.3.7.v20160115]
	at org.eclipse.jetty.server.HttpChannel.handle(HttpChannel.java:308) [jetty-server-9.3.7.v20160115.jar:9.3.7.v20160115]
	at org.eclipse.jetty.server.HttpConnection.onFillable(HttpConnection.java:242) [jetty-server-9.3.7.v20160115.jar:9.3.7.v20160115]
	at org.eclipse.jetty.io.AbstractConnection$ReadCallback.succeeded(AbstractConnection.java:273) [jetty-io-9.3.7.v20160115.jar:9.3.7.v20160115]
	at org.eclipse.jetty.io.FillInterest.fillable(FillInterest.java:95) [jetty-io-9.3.7.v20160115.jar:9.3.7.v20160115]
	at org.eclipse.jetty.io.SelectChannelEndPoint$2.run(SelectChannelEndPoint.java:75) [jetty-io-9.3.7.v20160115.jar:9.3.7.v20160115]
	at org.eclipse.jetty.util.thread.strategy.ExecuteProduceConsume.produceAndRun(ExecuteProduceConsume.java:213) [jetty-util-9.3.7.v20160115.jar:9.3.7.v20160115]
	at org.eclipse.jetty.util.thread.strategy.ExecuteProduceConsume.run(ExecuteProduceConsume.java:147) [jetty-util-9.3.7.v20160115.jar:9.3.7.v20160115]
	at org.eclipse.jetty.util.thread.QueuedThreadPool.runJob(QueuedThreadPool.java:654) [jetty-util-9.3.7.v20160115.jar:9.3.7.v20160115]
	at org.eclipse.jetty.util.thread.QueuedThreadPool$3.run(QueuedThreadPool.java:572) [jetty-util-9.3.7.v20160115.jar:9.3.7.v20160115]
	at java.lang.Thread.run(Thread.java:745) [na:1.8.0_65]
Caused by: org.springframework.beans.factory.BeanCreationException: Could not autowire field: private com.icinfo.platform.quartz.service.IScheduleJobService com.icinfo.platform.quartz.controller.ScheduleJobController.scheduleJobService; nested exception is org.springframework.beans.factory.BeanCreationException: Error creating bean with name 'scheduleJobServiceImpl': Injection of autowired dependencies failed; nested exception is org.springframework.beans.factory.BeanCreationException: Could not autowire field: private org.quartz.Scheduler com.icinfo.platform.quartz.service.impl.ScheduleJobServiceImpl.scheduler; nested exception is org.springframework.beans.factory.NoSuchBeanDefinitionException: No qualifying bean of type [org.quartz.Scheduler] found for dependency: expected at least 1 bean which qualifies as autowire candidate for this dependency. Dependency annotations: {@org.springframework.beans.factory.annotation.Autowired(required=true)}
	at org.springframework.beans.factory.annotation.AutowiredAnnotationBeanPostProcessor$AutowiredFieldElement.inject(AutowiredAnnotationBeanPostProcessor.java:573) ~[spring-beans-4.2.9.RELEASE.jar:4.2.9.RELEASE]
	at org.springframework.beans.factory.annotation.InjectionMetadata.inject(InjectionMetadata.java:88) ~[spring-beans-4.2.9.RELEASE.jar:4.2.9.RELEASE]
	at org.springframework.beans.factory.annotation.AutowiredAnnotationBeanPostProcessor.postProcessPropertyValues(AutowiredAnnotationBeanPostProcessor.java:331) ~[spring-beans-4.2.9.RELEASE.jar:4.2.9.RELEASE]
	... 44 common frames omitted
Caused by: org.springframework.beans.factory.BeanCreationException: Error creating bean with name 'scheduleJobServiceImpl': Injection of autowired dependencies failed; nested exception is org.springframework.beans.factory.BeanCreationException: Could not autowire field: private org.quartz.Scheduler com.icinfo.platform.quartz.service.impl.ScheduleJobServiceImpl.scheduler; nested exception is org.springframework.beans.factory.NoSuchBeanDefinitionException: No qualifying bean of type [org.quartz.Scheduler] found for dependency: expected at least 1 bean which qualifies as autowire candidate for this dependency. Dependency annotations: {@org.springframework.beans.factory.annotation.Autowired(required=true)}
	at org.springframework.beans.factory.annotation.AutowiredAnnotationBeanPostProcessor.postProcessPropertyValues(AutowiredAnnotationBeanPostProcessor.java:334) ~[spring-beans-4.2.9.RELEASE.jar:4.2.9.RELEASE]
	at org.springframework.beans.factory.support.AbstractAutowireCapableBeanFactory.populateBean(AbstractAutowireCapableBeanFactory.java:1219) ~[spring-beans-4.2.9.RELEASE.jar:4.2.9.RELEASE]
	at org.springframework.beans.factory.support.AbstractAutowireCapableBeanFactory.doCreateBean(AbstractAutowireCapableBeanFactory.java:551) ~[spring-beans-4.2.9.RELEASE.jar:4.2.9.RELEASE]
	at org.springframework.beans.factory.support.AbstractAutowireCapableBeanFactory.createBean(AbstractAutowireCapableBeanFactory.java:482) ~[spring-beans-4.2.9.RELEASE.jar:4.2.9.RELEASE]
	at org.springframework.beans.factory.support.AbstractBeanFactory$1.getObject(AbstractBeanFactory.java:306) ~[spring-beans-4.2.9.RELEASE.jar:4.2.9.RELEASE]
	at org.springframework.beans.factory.support.DefaultSingletonBeanRegistry.getSingleton(DefaultSingletonBeanRegistry.java:230) ~[spring-beans-4.2.9.RELEASE.jar:4.2.9.RELEASE]
	at org.springframework.beans.factory.support.AbstractBeanFactory.doGetBean(AbstractBeanFactory.java:302) ~[spring-beans-4.2.9.RELEASE.jar:4.2.9.RELEASE]
	at org.springframework.beans.factory.support.AbstractBeanFactory.getBean(AbstractBeanFactory.java:202) ~[spring-beans-4.2.9.RELEASE.jar:4.2.9.RELEASE]
	at org.springframework.beans.factory.support.AbstractBeanFactory.doGetBean(AbstractBeanFactory.java:275) ~[spring-beans-4.2.9.RELEASE.jar:4.2.9.RELEASE]
	at org.springframework.beans.factory.support.AbstractBeanFactory.getBean(AbstractBeanFactory.java:197) ~[spring-beans-4.2.9.RELEASE.jar:4.2.9.RELEASE]
	at org.springframework.beans.factory.support.DefaultListableBeanFactory.findAutowireCandidates(DefaultListableBeanFactory.java:1199) ~[spring-beans-4.2.9.RELEASE.jar:4.2.9.RELEASE]
	at org.springframework.beans.factory.support.DefaultListableBeanFactory.doResolveDependency(DefaultListableBeanFactory.java:1123) ~[spring-beans-4.2.9.RELEASE.jar:4.2.9.RELEASE]
	at org.springframework.beans.factory.support.DefaultListableBeanFactory.resolveDependency(DefaultListableBeanFactory.java:1021) ~[spring-beans-4.2.9.RELEASE.jar:4.2.9.RELEASE]
	at org.springframework.beans.factory.annotation.AutowiredAnnotationBeanPostProcessor$AutowiredFieldElement.inject(AutowiredAnnotationBeanPostProcessor.java:545) ~[spring-beans-4.2.9.RELEASE.jar:4.2.9.RELEASE]
	... 46 common frames omitted
Caused by: org.springframework.beans.factory.BeanCreationException: Could not autowire field: private org.quartz.Scheduler com.icinfo.platform.quartz.service.impl.ScheduleJobServiceImpl.scheduler; nested exception is org.springframework.beans.factory.NoSuchBeanDefinitionException: No qualifying bean of type [org.quartz.Scheduler] found for dependency: expected at least 1 bean which qualifies as autowire candidate for this dependency. Dependency annotations: {@org.springframework.beans.factory.annotation.Autowired(required=true)}
	at org.springframework.beans.factory.annotation.AutowiredAnnotationBeanPostProcessor$AutowiredFieldElement.inject(AutowiredAnnotationBeanPostProcessor.java:573) ~[spring-beans-4.2.9.RELEASE.jar:4.2.9.RELEASE]
	at org.springframework.beans.factory.annotation.InjectionMetadata.inject(InjectionMetadata.java:88) ~[spring-beans-4.2.9.RELEASE.jar:4.2.9.RELEASE]
	at org.springframework.beans.factory.annotation.AutowiredAnnotationBeanPostProcessor.postProcessPropertyValues(AutowiredAnnotationBeanPostProcessor.java:331) ~[spring-beans-4.2.9.RELEASE.jar:4.2.9.RELEASE]
	... 59 common frames omitted
Caused by: org.springframework.beans.factory.NoSuchBeanDefinitionException: No qualifying bean of type [org.quartz.Scheduler] found for dependency: expected at least 1 bean which qualifies as autowire candidate for this dependency. Dependency annotations: {@org.springframework.beans.factory.annotation.Autowired(required=true)}
	at org.springframework.beans.factory.support.DefaultListableBeanFactory.raiseNoSuchBeanDefinitionException(DefaultListableBeanFactory.java:1380) ~[spring-beans-4.2.9.RELEASE.jar:4.2.9.RELEASE]
	at org.springframework.beans.factory.support.DefaultListableBeanFactory.doResolveDependency(DefaultListableBeanFactory.java:1126) ~[spring-beans-4.2.9.RELEASE.jar:4.2.9.RELEASE]
	at org.springframework.beans.factory.support.DefaultListableBeanFactory.resolveDependency(DefaultListableBeanFactory.java:1021) ~[spring-beans-4.2.9.RELEASE.jar:4.2.9.RELEASE]
	at org.springframework.beans.factory.annotation.AutowiredAnnotationBeanPostProcessor$AutowiredFieldElement.inject(AutowiredAnnotationBeanPostProcessor.java:545) ~[spring-beans-4.2.9.RELEASE.jar:4.2.9.RELEASE]
	... 61 common frames omitted
2017-07-24 13:49:55,099 [ClusterScheduler_QuartzSchedulerThread] ERROR org.quartz.core.ErrorLogger - An error occurred while scanning for the next triggers to fire.
org.quartz.JobPersistenceException: Couldn't acquire next trigger: Couldn't retrieve trigger: No record found for selection of Trigger with key: '1.1' and statement: SELECT * FROM QRTZ_CRON_TRIGGERS WHERE SCHED_NAME = 'ClusterScheduler' AND TRIGGER_NAME = ? AND TRIGGER_GROUP = ?
	at org.quartz.impl.jdbcjobstore.JobStoreSupport.acquireNextTrigger(JobStoreSupport.java:2848) ~[quartz-2.2.1.jar:na]
	at org.quartz.impl.jdbcjobstore.JobStoreSupport$40.execute(JobStoreSupport.java:2759) ~[quartz-2.2.1.jar:na]
	at org.quartz.impl.jdbcjobstore.JobStoreSupport$40.execute(JobStoreSupport.java:2757) ~[quartz-2.2.1.jar:na]
	at org.quartz.impl.jdbcjobstore.JobStoreSupport.executeInNonManagedTXLock(JobStoreSupport.java:3787) ~[quartz-2.2.1.jar:na]
	at org.quartz.impl.jdbcjobstore.JobStoreSupport.acquireNextTriggers(JobStoreSupport.java:2756) ~[quartz-2.2.1.jar:na]
	at org.quartz.core.QuartzSchedulerThread.run(QuartzSchedulerThread.java:272) ~[quartz-2.2.1.jar:na]
Caused by: org.quartz.JobPersistenceException: Couldn't retrieve trigger: No record found for selection of Trigger with key: '1.1' and statement: SELECT * FROM QRTZ_CRON_TRIGGERS WHERE SCHED_NAME = 'ClusterScheduler' AND TRIGGER_NAME = ? AND TRIGGER_GROUP = ?
	at org.quartz.impl.jdbcjobstore.JobStoreSupport.retrieveTrigger(JobStoreSupport.java:1533) ~[quartz-2.2.1.jar:na]
	at org.quartz.impl.jdbcjobstore.JobStoreSupport.acquireNextTrigger(JobStoreSupport.java:2808) ~[quartz-2.2.1.jar:na]
	... 5 common frames omitted
Caused by: java.lang.IllegalStateException: No record found for selection of Trigger with key: '1.1' and statement: SELECT * FROM QRTZ_CRON_TRIGGERS WHERE SCHED_NAME = 'ClusterScheduler' AND TRIGGER_NAME = ? AND TRIGGER_GROUP = ?
	at org.quartz.impl.jdbcjobstore.CronTriggerPersistenceDelegate.loadExtendedTriggerProperties(CronTriggerPersistenceDelegate.java:92) ~[quartz-2.2.1.jar:na]
	at org.quartz.impl.jdbcjobstore.StdJDBCDelegate.selectTrigger(StdJDBCDelegate.java:1819) ~[quartz-2.2.1.jar:na]
	at org.quartz.impl.jdbcjobstore.JobStoreSupport.retrieveTrigger(JobStoreSupport.java:1531) ~[quartz-2.2.1.jar:na]
	... 6 common frames omitted
