2017-05-15 13:38:47,861 [qtp406265225-22] ERROR com.icinfo.platform.common.remote.client.BaseResponseHandler - >>>>>>>>>>>>>>>>>>>>>>>>>>>>>>>>>>>>>>>>>>>>>>>>>>>
2017-05-15 13:38:48,179 [qtp406265225-22] ERROR com.icinfo.platform.common.remote.client.BaseResponseHandler - 接口请求：
2017-05-15 13:38:48,180 [qtp406265225-22] ERROR com.icinfo.platform.common.remote.client.BaseResponseHandler - null
2017-05-15 13:38:48,180 [qtp406265225-22] ERROR com.icinfo.platform.common.remote.client.BaseResponseHandler - 接口返回：
2017-05-15 13:38:48,180 [qtp406265225-22] ERROR com.icinfo.platform.common.remote.client.BaseResponseHandler - 状态码错误:400
2017-05-15 13:38:48,180 [qtp406265225-22] ERROR com.icinfo.platform.common.remote.client.BaseResponseHandler - <<<<<<<<<<<<<<<<<<<<<<<<<<<<<<<<<<<<<<<<<<<<<<<<<<<
2017-05-15 13:53:20,335 [qtp406265225-16] ERROR com.icinfo.platform.common.remote.client.BaseResponseHandler - >>>>>>>>>>>>>>>>>>>>>>>>>>>>>>>>>>>>>>>>>>>>>>>>>>>
2017-05-15 13:53:20,381 [qtp406265225-16] ERROR com.icinfo.platform.common.remote.client.BaseResponseHandler - 接口请求：
2017-05-15 13:53:20,383 [qtp406265225-16] ERROR com.icinfo.platform.common.remote.client.BaseResponseHandler - null
2017-05-15 13:53:20,384 [qtp406265225-16] ERROR com.icinfo.platform.common.remote.client.BaseResponseHandler - 接口返回：
2017-05-15 13:53:20,386 [qtp406265225-16] ERROR com.icinfo.platform.common.remote.client.BaseResponseHandler - 状态码错误:405
2017-05-15 13:53:20,388 [qtp406265225-16] ERROR com.icinfo.platform.common.remote.client.BaseResponseHandler - <<<<<<<<<<<<<<<<<<<<<<<<<<<<<<<<<<<<<<<<<<<<<<<<<<<
2017-05-15 14:04:21,221 [qtp1130656047-18] ERROR com.icinfo.platform.common.remote.client.BaseResponseHandler - >>>>>>>>>>>>>>>>>>>>>>>>>>>>>>>>>>>>>>>>>>>>>>>>>>>
2017-05-15 14:04:21,244 [qtp1130656047-18] ERROR com.icinfo.platform.common.remote.client.BaseResponseHandler - 接口请求：
2017-05-15 14:04:21,245 [qtp1130656047-18] ERROR com.icinfo.platform.common.remote.client.BaseResponseHandler - null
2017-05-15 14:04:21,245 [qtp1130656047-18] ERROR com.icinfo.platform.common.remote.client.BaseResponseHandler - 接口返回：
2017-05-15 14:04:21,245 [qtp1130656047-18] ERROR com.icinfo.platform.common.remote.client.BaseResponseHandler - 状态码错误:415
2017-05-15 14:04:21,245 [qtp1130656047-18] ERROR com.icinfo.platform.common.remote.client.BaseResponseHandler - <<<<<<<<<<<<<<<<<<<<<<<<<<<<<<<<<<<<<<<<<<<<<<<<<<<
2017-05-15 14:06:54,364 [qtp1130656047-21] ERROR com.icinfo.platform.common.remote.client.BaseResponseHandler - >>>>>>>>>>>>>>>>>>>>>>>>>>>>>>>>>>>>>>>>>>>>>>>>>>>
2017-05-15 14:06:54,365 [qtp1130656047-21] ERROR com.icinfo.platform.common.remote.client.BaseResponseHandler - 接口请求：
2017-05-15 14:06:54,365 [qtp1130656047-21] ERROR com.icinfo.platform.common.remote.client.BaseResponseHandler - null
2017-05-15 14:06:54,365 [qtp1130656047-21] ERROR com.icinfo.platform.common.remote.client.BaseResponseHandler - 接口返回：
2017-05-15 14:06:54,365 [qtp1130656047-21] ERROR com.icinfo.platform.common.remote.client.BaseResponseHandler - 状态码错误:415
2017-05-15 14:06:54,365 [qtp1130656047-21] ERROR com.icinfo.platform.common.remote.client.BaseResponseHandler - <<<<<<<<<<<<<<<<<<<<<<<<<<<<<<<<<<<<<<<<<<<<<<<<<<<
2017-05-15 14:55:57,214 [qtp768669591-20] ERROR com.icinfo.platform.common.client.JSONResponseHandler - http请求错误状态码：404
